{"/Users/zqs/Downloads/project/ThinkCraft/frontend/js/modules/agent-collaboration.js": {"path":"/Users/zqs/Downloads/project/ThinkCraft/frontend/js/modules/agent-collaboration.js","statementMap":{"0":{"start":{"line":7,"column":6},"end":{"line":9,"column":32}},"1":{"start":{"line":10,"column":4},"end":{"line":10,"column":69}},"2":{"start":{"line":11,"column":4},"end":{"line":11,"column":49}},"3":{"start":{"line":15,"column":4},"end":{"line":20,"column":31}},"4":{"start":{"line":24,"column":4},"end":{"line":28,"column":14}},"5":{"start":{"line":25,"column":19},"end":{"line":25,"column":53}},"6":{"start":{"line":26,"column":16},"end":{"line":26,"column":51}},"7":{"start":{"line":32,"column":4},"end":{"line":34,"column":5}},"8":{"start":{"line":33,"column":6},"end":{"line":33,"column":19}},"9":{"start":{"line":35,"column":16},"end":{"line":35,"column":36}},"10":{"start":{"line":36,"column":4},"end":{"line":38,"column":5}},"11":{"start":{"line":37,"column":6},"end":{"line":37,"column":25}},"12":{"start":{"line":39,"column":4},"end":{"line":39,"column":17}},"13":{"start":{"line":43,"column":21},"end":{"line":47,"column":5}},"14":{"start":{"line":48,"column":4},"end":{"line":53,"column":5}},"15":{"start":{"line":49,"column":20},"end":{"line":49,"column":39}},"16":{"start":{"line":50,"column":6},"end":{"line":52,"column":7}},"17":{"start":{"line":51,"column":8},"end":{"line":51,"column":31}},"18":{"start":{"line":54,"column":4},"end":{"line":54,"column":14}},"19":{"start":{"line":58,"column":21},"end":{"line":63,"column":13}},"20":{"start":{"line":59,"column":19},"end":{"line":59,"column":53}},"21":{"start":{"line":60,"column":16},"end":{"line":60,"column":25}},"22":{"start":{"line":65,"column":4},"end":{"line":67,"column":5}},"23":{"start":{"line":66,"column":6},"end":{"line":66,"column":21}},"24":{"start":{"line":69,"column":17},"end":{"line":69,"column":47}},"25":{"start":{"line":70,"column":19},"end":{"line":70,"column":35}},"26":{"start":{"line":71,"column":22},"end":{"line":71,"column":24}},"27":{"start":{"line":72,"column":4},"end":{"line":74,"column":5}},"28":{"start":{"line":73,"column":6},"end":{"line":73,"column":20}},"29":{"start":{"line":75,"column":4},"end":{"line":75,"column":46}},"30":{"start":{"line":79,"column":21},"end":{"line":79,"column":67}},"31":{"start":{"line":80,"column":4},"end":{"line":82,"column":5}},"32":{"start":{"line":81,"column":6},"end":{"line":81,"column":16}},"33":{"start":{"line":83,"column":17},"end":{"line":83,"column":47}},"34":{"start":{"line":84,"column":19},"end":{"line":84,"column":35}},"35":{"start":{"line":85,"column":22},"end":{"line":85,"column":24}},"36":{"start":{"line":86,"column":4},"end":{"line":88,"column":5}},"37":{"start":{"line":87,"column":6},"end":{"line":87,"column":20}},"38":{"start":{"line":89,"column":4},"end":{"line":89,"column":46}},"39":{"start":{"line":93,"column":27},"end":{"line":93,"column":53}},"40":{"start":{"line":95,"column":6},"end":{"line":96,"column":55}},"41":{"start":{"line":97,"column":24},"end":{"line":99,"column":35}},"42":{"start":{"line":100,"column":19},"end":{"line":100,"column":34}},"43":{"start":{"line":102,"column":6},"end":{"line":105,"column":17}},"44":{"start":{"line":106,"column":4},"end":{"line":110,"column":6}},"45":{"start":{"line":114,"column":21},"end":{"line":114,"column":59}},"46":{"start":{"line":115,"column":20},"end":{"line":115,"column":75}},"47":{"start":{"line":116,"column":4},"end":{"line":116,"column":49}},"48":{"start":{"line":120,"column":4},"end":{"line":122,"column":5}},"49":{"start":{"line":121,"column":6},"end":{"line":121,"column":18}},"50":{"start":{"line":123,"column":4},"end":{"line":129,"column":5}},"51":{"start":{"line":124,"column":18},"end":{"line":124,"column":57}},"52":{"start":{"line":125,"column":6},"end":{"line":125,"column":28}},"53":{"start":{"line":125,"column":16},"end":{"line":125,"column":28}},"54":{"start":{"line":126,"column":6},"end":{"line":126,"column":29}},"55":{"start":{"line":128,"column":6},"end":{"line":128,"column":18}},"56":{"start":{"line":133,"column":4},"end":{"line":135,"column":5}},"57":{"start":{"line":134,"column":6},"end":{"line":134,"column":13}},"58":{"start":{"line":136,"column":4},"end":{"line":138,"column":22}},"59":{"start":{"line":137,"column":6},"end":{"line":137,"column":71}},"60":{"start":{"line":142,"column":4},"end":{"line":142,"column":30}},"61":{"start":{"line":142,"column":20},"end":{"line":142,"column":30}},"62":{"start":{"line":143,"column":4},"end":{"line":147,"column":5}},"63":{"start":{"line":144,"column":6},"end":{"line":144,"column":57}},"64":{"start":{"line":146,"column":6},"end":{"line":146,"column":16}},"65":{"start":{"line":151,"column":26},"end":{"line":151,"column":76}},"66":{"start":{"line":152,"column":20},"end":{"line":152,"column":74}},"67":{"start":{"line":153,"column":4},"end":{"line":155,"column":5}},"68":{"start":{"line":154,"column":6},"end":{"line":154,"column":13}},"69":{"start":{"line":157,"column":17},"end":{"line":157,"column":46}},"70":{"start":{"line":158,"column":21},"end":{"line":160,"column":52}},"71":{"start":{"line":162,"column":4},"end":{"line":162,"column":52}},"72":{"start":{"line":163,"column":4},"end":{"line":166,"column":85}},"73":{"start":{"line":168,"column":4},"end":{"line":171,"column":5}},"74":{"start":{"line":169,"column":26},"end":{"line":169,"column":88}},"75":{"start":{"line":170,"column":6},"end":{"line":170,"column":107}},"76":{"start":{"line":175,"column":26},"end":{"line":175,"column":76}},"77":{"start":{"line":176,"column":20},"end":{"line":176,"column":74}},"78":{"start":{"line":177,"column":4},"end":{"line":181,"column":5}},"79":{"start":{"line":178,"column":6},"end":{"line":178,"column":57}},"80":{"start":{"line":179,"column":6},"end":{"line":180,"column":88}},"81":{"start":{"line":182,"column":4},"end":{"line":184,"column":5}},"82":{"start":{"line":183,"column":6},"end":{"line":183,"column":37}},"83":{"start":{"line":188,"column":4},"end":{"line":213,"column":6}},"84":{"start":{"line":217,"column":21},"end":{"line":217,"column":62}},"85":{"start":{"line":218,"column":21},"end":{"line":218,"column":58}},"86":{"start":{"line":219,"column":4},"end":{"line":221,"column":5}},"87":{"start":{"line":220,"column":6},"end":{"line":220,"column":16}},"88":{"start":{"line":222,"column":16},"end":{"line":222,"column":53}},"89":{"start":{"line":223,"column":4},"end":{"line":223,"column":52}},"90":{"start":{"line":227,"column":4},"end":{"line":229,"column":5}},"91":{"start":{"line":228,"column":6},"end":{"line":228,"column":13}},"92":{"start":{"line":231,"column":18},"end":{"line":231,"column":22}},"93":{"start":{"line":232,"column":4},"end":{"line":236,"column":5}},"94":{"start":{"line":233,"column":6},"end":{"line":235,"column":24}},"95":{"start":{"line":234,"column":8},"end":{"line":234,"column":68}},"96":{"start":{"line":238,"column":23},"end":{"line":238,"column":27}},"97":{"start":{"line":239,"column":4},"end":{"line":249,"column":5}},"98":{"start":{"line":240,"column":6},"end":{"line":248,"column":24}},"99":{"start":{"line":241,"column":26},"end":{"line":241,"column":70}},"100":{"start":{"line":242,"column":8},"end":{"line":247,"column":9}},"101":{"start":{"line":243,"column":35},"end":{"line":243,"column":66}},"102":{"start":{"line":244,"column":10},"end":{"line":246,"column":61}},"103":{"start":{"line":251,"column":4},"end":{"line":259,"column":6}},"104":{"start":{"line":260,"column":24},"end":{"line":264,"column":6}},"105":{"start":{"line":265,"column":28},"end":{"line":267,"column":6}},"106":{"start":{"line":270,"column":19},"end":{"line":273,"column":7}},"107":{"start":{"line":274,"column":26},"end":{"line":274,"column":95}},"108":{"start":{"line":275,"column":23},"end":{"line":277,"column":87}},"109":{"start":{"line":279,"column":24},"end":{"line":312,"column":5}},"110":{"start":{"line":314,"column":4},"end":{"line":314,"column":87}},"111":{"start":{"line":316,"column":23},"end":{"line":319,"column":6}},"112":{"start":{"line":320,"column":29},"end":{"line":320,"column":96}},"113":{"start":{"line":322,"column":4},"end":{"line":342,"column":5}},"114":{"start":{"line":323,"column":6},"end":{"line":323,"column":122}},"115":{"start":{"line":324,"column":25},"end":{"line":324,"column":116}},"116":{"start":{"line":326,"column":8},"end":{"line":326,"column":97}},"117":{"start":{"line":327,"column":25},"end":{"line":327,"column":68}},"118":{"start":{"line":328,"column":23},"end":{"line":328,"column":71}},"119":{"start":{"line":329,"column":6},"end":{"line":329,"column":63}},"120":{"start":{"line":331,"column":6},"end":{"line":331,"column":37}},"121":{"start":{"line":332,"column":6},"end":{"line":341,"column":8}},"122":{"start":{"line":344,"column":4},"end":{"line":361,"column":10}},"123":{"start":{"line":345,"column":36},"end":{"line":345,"column":87}},"124":{"start":{"line":347,"column":6},"end":{"line":360,"column":7}},"125":{"start":{"line":349,"column":8},"end":{"line":351,"column":11}},"126":{"start":{"line":350,"column":10},"end":{"line":350,"column":63}},"127":{"start":{"line":354,"column":8},"end":{"line":356,"column":11}},"128":{"start":{"line":355,"column":10},"end":{"line":355,"column":63}},"129":{"start":{"line":357,"column":8},"end":{"line":359,"column":11}},"130":{"start":{"line":358,"column":10},"end":{"line":358,"column":40}},"131":{"start":{"line":374,"column":4},"end":{"line":440,"column":5}},"132":{"start":{"line":375,"column":23},"end":{"line":385,"column":8}},"133":{"start":{"line":380,"column":35},"end":{"line":380,"column":99}},"134":{"start":{"line":387,"column":21},"end":{"line":387,"column":60}},"135":{"start":{"line":387,"column":56},"end":{"line":387,"column":58}},"136":{"start":{"line":388,"column":6},"end":{"line":391,"column":7}},"137":{"start":{"line":389,"column":24},"end":{"line":389,"column":46}},"138":{"start":{"line":390,"column":8},"end":{"line":390,"column":33}},"139":{"start":{"line":392,"column":19},"end":{"line":392,"column":46}},"140":{"start":{"line":393,"column":32},"end":{"line":395,"column":12}},"141":{"start":{"line":396,"column":32},"end":{"line":396,"column":68}},"142":{"start":{"line":397,"column":24},"end":{"line":397,"column":34}},"143":{"start":{"line":398,"column":22},"end":{"line":405,"column":7}},"144":{"start":{"line":407,"column":6},"end":{"line":419,"column":7}},"145":{"start":{"line":408,"column":8},"end":{"line":416,"column":9}},"146":{"start":{"line":409,"column":25},"end":{"line":409,"column":87}},"147":{"start":{"line":410,"column":10},"end":{"line":413,"column":11}},"148":{"start":{"line":411,"column":12},"end":{"line":411,"column":53}},"149":{"start":{"line":412,"column":12},"end":{"line":412,"column":60}},"150":{"start":{"line":415,"column":10},"end":{"line":415,"column":51}},"151":{"start":{"line":418,"column":8},"end":{"line":418,"column":49}},"152":{"start":{"line":420,"column":6},"end":{"line":420,"column":71}},"153":{"start":{"line":422,"column":8},"end":{"line":424,"column":85}},"154":{"start":{"line":425,"column":25},"end":{"line":425,"column":68}},"155":{"start":{"line":426,"column":23},"end":{"line":426,"column":71}},"156":{"start":{"line":428,"column":31},"end":{"line":428,"column":59}},"157":{"start":{"line":429,"column":6},"end":{"line":429,"column":56}},"158":{"start":{"line":431,"column":28},"end":{"line":431,"column":78}},"159":{"start":{"line":432,"column":22},"end":{"line":432,"column":76}},"160":{"start":{"line":433,"column":6},"end":{"line":436,"column":7}},"161":{"start":{"line":434,"column":8},"end":{"line":434,"column":59}},"162":{"start":{"line":435,"column":8},"end":{"line":435,"column":92}},"163":{"start":{"line":437,"column":6},"end":{"line":439,"column":7}},"164":{"start":{"line":438,"column":8},"end":{"line":438,"column":37}},"165":{"start":{"line":444,"column":17},"end":{"line":444,"column":52}},"166":{"start":{"line":445,"column":4},"end":{"line":447,"column":5}},"167":{"start":{"line":446,"column":6},"end":{"line":446,"column":86}},"168":{"start":{"line":448,"column":4},"end":{"line":499,"column":16}},"169":{"start":{"line":450,"column":28},"end":{"line":450,"column":67}},"170":{"start":{"line":451,"column":25},"end":{"line":451,"column":59}},"171":{"start":{"line":452,"column":27},"end":{"line":452,"column":81}},"172":{"start":{"line":454,"column":10},"end":{"line":456,"column":33}},"173":{"start":{"line":457,"column":23},"end":{"line":457,"column":70}},"174":{"start":{"line":458,"column":26},"end":{"line":466,"column":85}},"175":{"start":{"line":463,"column":18},"end":{"line":463,"column":174}},"176":{"start":{"line":467,"column":22},"end":{"line":469,"column":14}},"177":{"start":{"line":470,"column":27},"end":{"line":470,"column":70}},"178":{"start":{"line":471,"column":34},"end":{"line":471,"column":77}},"179":{"start":{"line":472,"column":27},"end":{"line":474,"column":14}},"180":{"start":{"line":475,"column":32},"end":{"line":477,"column":14}},"181":{"start":{"line":478,"column":8},"end":{"line":497,"column":16}},"182":{"start":{"line":503,"column":22},"end":{"line":503,"column":72}},"183":{"start":{"line":504,"column":4},"end":{"line":506,"column":5}},"184":{"start":{"line":505,"column":6},"end":{"line":505,"column":13}},"185":{"start":{"line":507,"column":4},"end":{"line":507,"column":75}},"186":{"start":{"line":511,"column":4},"end":{"line":513,"column":5}},"187":{"start":{"line":512,"column":6},"end":{"line":512,"column":65}},"188":{"start":{"line":514,"column":25},"end":{"line":514,"column":52}},"189":{"start":{"line":515,"column":4},"end":{"line":517,"column":5}},"190":{"start":{"line":516,"column":6},"end":{"line":516,"column":18}},"191":{"start":{"line":518,"column":21},"end":{"line":518,"column":72}},"192":{"start":{"line":519,"column":24},"end":{"line":519,"column":73}},"193":{"start":{"line":519,"column":54},"end":{"line":519,"column":71}},"194":{"start":{"line":520,"column":17},"end":{"line":520,"column":19}},"195":{"start":{"line":521,"column":4},"end":{"line":525,"column":22}},"196":{"start":{"line":522,"column":6},"end":{"line":524,"column":8}},"197":{"start":{"line":526,"column":22},"end":{"line":526,"column":77}},"198":{"start":{"line":526,"column":58},"end":{"line":526,"column":75}},"199":{"start":{"line":527,"column":4},"end":{"line":527,"column":98}},"200":{"start":{"line":527,"column":26},"end":{"line":527,"column":96}},"201":{"start":{"line":531,"column":4},"end":{"line":534,"column":5}},"202":{"start":{"line":532,"column":6},"end":{"line":532,"column":59}},"203":{"start":{"line":533,"column":6},"end":{"line":533,"column":13}},"204":{"start":{"line":536,"column":4},"end":{"line":594,"column":5}},"205":{"start":{"line":538,"column":22},"end":{"line":540,"column":7}},"206":{"start":{"line":541,"column":25},"end":{"line":541,"column":57}},"207":{"start":{"line":544,"column":6},"end":{"line":559,"column":7}},"208":{"start":{"line":545,"column":28},"end":{"line":545,"column":87}},"209":{"start":{"line":546,"column":25},"end":{"line":546,"column":51}},"210":{"start":{"line":546,"column":46},"end":{"line":546,"column":50}},"211":{"start":{"line":547,"column":27},"end":{"line":547,"column":92}},"212":{"start":{"line":547,"column":69},"end":{"line":547,"column":91}},"213":{"start":{"line":549,"column":8},"end":{"line":558,"column":9}},"214":{"start":{"line":551,"column":10},"end":{"line":557,"column":11}},"215":{"start":{"line":552,"column":12},"end":{"line":556,"column":13}},"216":{"start":{"line":553,"column":14},"end":{"line":553,"column":64}},"217":{"start":{"line":555,"column":14},"end":{"line":555,"column":59}},"218":{"start":{"line":562,"column":6},"end":{"line":565,"column":9}},"219":{"start":{"line":568,"column":6},"end":{"line":573,"column":7}},"220":{"start":{"line":569,"column":8},"end":{"line":572,"column":10}},"221":{"start":{"line":576,"column":6},"end":{"line":576,"column":59}},"222":{"start":{"line":579,"column":6},"end":{"line":583,"column":7}},"223":{"start":{"line":580,"column":31},"end":{"line":580,"column":101}},"224":{"start":{"line":581,"column":8},"end":{"line":581,"column":62}},"225":{"start":{"line":582,"column":8},"end":{"line":582,"column":65}},"226":{"start":{"line":586,"column":6},"end":{"line":590,"column":7}},"227":{"start":{"line":587,"column":8},"end":{"line":589,"column":11}},"228":{"start":{"line":592,"column":6},"end":{"line":592,"column":38}},"229":{"start":{"line":593,"column":6},"end":{"line":593,"column":54}},"230":{"start":{"line":598,"column":0},"end":{"line":600,"column":1}},"231":{"start":{"line":599,"column":2},"end":{"line":599,"column":55}}},"fnMap":{"0":{"name":"(anonymous_0)","decl":{"start":{"line":5,"column":2},"end":{"line":5,"column":3}},"loc":{"start":{"line":5,"column":16},"end":{"line":12,"column":3}},"line":5},"1":{"name":"(anonymous_1)","decl":{"start":{"line":14,"column":2},"end":{"line":14,"column":3}},"loc":{"start":{"line":14,"column":19},"end":{"line":21,"column":3}},"line":14},"2":{"name":"(anonymous_2)","decl":{"start":{"line":23,"column":2},"end":{"line":23,"column":3}},"loc":{"start":{"line":23,"column":39},"end":{"line":29,"column":3}},"line":23},"3":{"name":"(anonymous_3)","decl":{"start":{"line":25,"column":14},"end":{"line":25,"column":15}},"loc":{"start":{"line":25,"column":19},"end":{"line":25,"column":53}},"line":25},"4":{"name":"(anonymous_4)","decl":{"start":{"line":26,"column":11},"end":{"line":26,"column":12}},"loc":{"start":{"line":26,"column":16},"end":{"line":26,"column":51}},"line":26},"5":{"name":"(anonymous_5)","decl":{"start":{"line":31,"column":2},"end":{"line":31,"column":3}},"loc":{"start":{"line":31,"column":25},"end":{"line":40,"column":3}},"line":31},"6":{"name":"(anonymous_6)","decl":{"start":{"line":42,"column":2},"end":{"line":42,"column":3}},"loc":{"start":{"line":42,"column":24},"end":{"line":55,"column":3}},"line":42},"7":{"name":"(anonymous_7)","decl":{"start":{"line":57,"column":2},"end":{"line":57,"column":3}},"loc":{"start":{"line":57,"column":50},"end":{"line":76,"column":3}},"line":57},"8":{"name":"(anonymous_8)","decl":{"start":{"line":59,"column":14},"end":{"line":59,"column":15}},"loc":{"start":{"line":59,"column":19},"end":{"line":59,"column":53}},"line":59},"9":{"name":"(anonymous_9)","decl":{"start":{"line":60,"column":11},"end":{"line":60,"column":12}},"loc":{"start":{"line":60,"column":16},"end":{"line":60,"column":25}},"line":60},"10":{"name":"(anonymous_10)","decl":{"start":{"line":78,"column":2},"end":{"line":78,"column":3}},"loc":{"start":{"line":78,"column":38},"end":{"line":90,"column":3}},"line":78},"11":{"name":"(anonymous_11)","decl":{"start":{"line":92,"column":2},"end":{"line":92,"column":3}},"loc":{"start":{"line":92,"column":51},"end":{"line":111,"column":3}},"line":92},"12":{"name":"(anonymous_12)","decl":{"start":{"line":113,"column":2},"end":{"line":113,"column":3}},"loc":{"start":{"line":113,"column":47},"end":{"line":117,"column":3}},"line":113},"13":{"name":"(anonymous_13)","decl":{"start":{"line":119,"column":2},"end":{"line":119,"column":3}},"loc":{"start":{"line":119,"column":29},"end":{"line":130,"column":3}},"line":119},"14":{"name":"(anonymous_14)","decl":{"start":{"line":132,"column":2},"end":{"line":132,"column":3}},"loc":{"start":{"line":132,"column":38},"end":{"line":139,"column":3}},"line":132},"15":{"name":"(anonymous_15)","decl":{"start":{"line":141,"column":2},"end":{"line":141,"column":3}},"loc":{"start":{"line":141,"column":29},"end":{"line":148,"column":3}},"line":141},"16":{"name":"(anonymous_16)","decl":{"start":{"line":150,"column":2},"end":{"line":150,"column":3}},"loc":{"start":{"line":150,"column":71},"end":{"line":172,"column":3}},"line":150},"17":{"name":"(anonymous_17)","decl":{"start":{"line":174,"column":2},"end":{"line":174,"column":3}},"loc":{"start":{"line":174,"column":28},"end":{"line":185,"column":3}},"line":174},"18":{"name":"(anonymous_18)","decl":{"start":{"line":187,"column":2},"end":{"line":187,"column":3}},"loc":{"start":{"line":187,"column":23},"end":{"line":214,"column":3}},"line":187},"19":{"name":"(anonymous_19)","decl":{"start":{"line":216,"column":2},"end":{"line":216,"column":3}},"loc":{"start":{"line":216,"column":50},"end":{"line":224,"column":3}},"line":216},"20":{"name":"(anonymous_20)","decl":{"start":{"line":226,"column":2},"end":{"line":226,"column":3}},"loc":{"start":{"line":226,"column":116},"end":{"line":362,"column":3}},"line":226},"21":{"name":"(anonymous_21)","decl":{"start":{"line":344,"column":15},"end":{"line":344,"column":16}},"loc":{"start":{"line":344,"column":21},"end":{"line":361,"column":5}},"line":344},"22":{"name":"(anonymous_22)","decl":{"start":{"line":349,"column":81},"end":{"line":349,"column":82}},"loc":{"start":{"line":349,"column":87},"end":{"line":351,"column":9}},"line":349},"23":{"name":"(anonymous_23)","decl":{"start":{"line":354,"column":82},"end":{"line":354,"column":83}},"loc":{"start":{"line":354,"column":88},"end":{"line":356,"column":9}},"line":354},"24":{"name":"(anonymous_24)","decl":{"start":{"line":357,"column":83},"end":{"line":357,"column":84}},"loc":{"start":{"line":357,"column":95},"end":{"line":359,"column":9}},"line":357},"25":{"name":"(anonymous_25)","decl":{"start":{"line":364,"column":2},"end":{"line":364,"column":3}},"loc":{"start":{"line":373,"column":4},"end":{"line":441,"column":3}},"line":373},"26":{"name":"(anonymous_26)","decl":{"start":{"line":380,"column":29},"end":{"line":380,"column":30}},"loc":{"start":{"line":380,"column":35},"end":{"line":380,"column":99}},"line":380},"27":{"name":"(anonymous_27)","decl":{"start":{"line":387,"column":49},"end":{"line":387,"column":50}},"loc":{"start":{"line":387,"column":56},"end":{"line":387,"column":58}},"line":387},"28":{"name":"(anonymous_28)","decl":{"start":{"line":443,"column":2},"end":{"line":443,"column":3}},"loc":{"start":{"line":443,"column":59},"end":{"line":500,"column":3}},"line":443},"29":{"name":"(anonymous_29)","decl":{"start":{"line":449,"column":11},"end":{"line":449,"column":12}},"loc":{"start":{"line":449,"column":20},"end":{"line":498,"column":7}},"line":449},"30":{"name":"(anonymous_30)","decl":{"start":{"line":462,"column":16},"end":{"line":462,"column":17}},"loc":{"start":{"line":463,"column":18},"end":{"line":463,"column":174}},"line":463},"31":{"name":"(anonymous_31)","decl":{"start":{"line":502,"column":2},"end":{"line":502,"column":3}},"loc":{"start":{"line":502,"column":58},"end":{"line":508,"column":3}},"line":502},"32":{"name":"(anonymous_32)","decl":{"start":{"line":510,"column":2},"end":{"line":510,"column":3}},"loc":{"start":{"line":510,"column":58},"end":{"line":528,"column":3}},"line":510},"33":{"name":"(anonymous_33)","decl":{"start":{"line":519,"column":45},"end":{"line":519,"column":46}},"loc":{"start":{"line":519,"column":54},"end":{"line":519,"column":71}},"line":519},"34":{"name":"(anonymous_34)","decl":{"start":{"line":526,"column":49},"end":{"line":526,"column":50}},"loc":{"start":{"line":526,"column":58},"end":{"line":526,"column":75}},"line":526},"35":{"name":"(anonymous_35)","decl":{"start":{"line":527,"column":20},"end":{"line":527,"column":21}},"loc":{"start":{"line":527,"column":26},"end":{"line":527,"column":96}},"line":527},"36":{"name":"(anonymous_36)","decl":{"start":{"line":530,"column":2},"end":{"line":530,"column":3}},"loc":{"start":{"line":530,"column":27},"end":{"line":595,"column":3}},"line":530},"37":{"name":"(anonymous_37)","decl":{"start":{"line":546,"column":41},"end":{"line":546,"column":42}},"loc":{"start":{"line":546,"column":46},"end":{"line":546,"column":50}},"line":546},"38":{"name":"(anonymous_38)","decl":{"start":{"line":547,"column":63},"end":{"line":547,"column":64}},"loc":{"start":{"line":547,"column":69},"end":{"line":547,"column":91}},"line":547}},"branchMap":{"0":{"loc":{"start":{"line":7,"column":6},"end":{"line":9,"column":32}},"type":"cond-expr","locations":[{"start":{"line":8,"column":10},"end":{"line":8,"column":33}},{"start":{"line":9,"column":10},"end":{"line":9,"column":32}}],"line":7},"1":{"loc":{"start":{"line":7,"column":6},"end":{"line":7,"column":81}},"type":"binary-expr","locations":[{"start":{"line":7,"column":6},"end":{"line":7,"column":46}},{"start":{"line":7,"column":50},"end":{"line":7,"column":81}}],"line":7},"2":{"loc":{"start":{"line":10,"column":18},"end":{"line":10,"column":68}},"type":"binary-expr","locations":[{"start":{"line":10,"column":18},"end":{"line":10,"column":51}},{"start":{"line":10,"column":55},"end":{"line":10,"column":68}}],"line":10},"3":{"loc":{"start":{"line":15,"column":18},"end":{"line":15,"column":28}},"type":"binary-expr","locations":[{"start":{"line":15,"column":18},"end":{"line":15,"column":22}},{"start":{"line":15,"column":26},"end":{"line":15,"column":28}}],"line":15},"4":{"loc":{"start":{"line":23,"column":24},"end":{"line":23,"column":37}},"type":"default-arg","locations":[{"start":{"line":23,"column":35},"end":{"line":23,"column":37}}],"line":23},"5":{"loc":{"start":{"line":25,"column":19},"end":{"line":25,"column":53}},"type":"binary-expr","locations":[{"start":{"line":25,"column":19},"end":{"line":25,"column":20}},{"start":{"line":25,"column":24},"end":{"line":25,"column":53}}],"line":25},"6":{"loc":{"start":{"line":26,"column":19},"end":{"line":26,"column":35}},"type":"binary-expr","locations":[{"start":{"line":26,"column":19},"end":{"line":26,"column":25}},{"start":{"line":26,"column":29},"end":{"line":26,"column":35}}],"line":26},"7":{"loc":{"start":{"line":32,"column":4},"end":{"line":34,"column":5}},"type":"if","locations":[{"start":{"line":32,"column":4},"end":{"line":34,"column":5}},{"start":{},"end":{}}],"line":32},"8":{"loc":{"start":{"line":32,"column":8},"end":{"line":32,"column":45}},"type":"binary-expr","locations":[{"start":{"line":32,"column":8},"end":{"line":32,"column":22}},{"start":{"line":32,"column":26},"end":{"line":32,"column":45}}],"line":32},"9":{"loc":{"start":{"line":36,"column":4},"end":{"line":38,"column":5}},"type":"if","locations":[{"start":{"line":36,"column":4},"end":{"line":38,"column":5}},{"start":{},"end":{}}],"line":36},"10":{"loc":{"start":{"line":50,"column":6},"end":{"line":52,"column":7}},"type":"if","locations":[{"start":{"line":50,"column":6},"end":{"line":52,"column":7}},{"start":{},"end":{}}],"line":50},"11":{"loc":{"start":{"line":50,"column":10},"end":{"line":50,"column":27}},"type":"binary-expr","locations":[{"start":{"line":50,"column":10},"end":{"line":50,"column":15}},{"start":{"line":50,"column":19},"end":{"line":50,"column":27}}],"line":50},"12":{"loc":{"start":{"line":57,"column":35},"end":{"line":57,"column":48}},"type":"default-arg","locations":[{"start":{"line":57,"column":46},"end":{"line":57,"column":48}}],"line":57},"13":{"loc":{"start":{"line":59,"column":19},"end":{"line":59,"column":53}},"type":"binary-expr","locations":[{"start":{"line":59,"column":19},"end":{"line":59,"column":20}},{"start":{"line":59,"column":24},"end":{"line":59,"column":53}}],"line":59},"14":{"loc":{"start":{"line":65,"column":4},"end":{"line":67,"column":5}},"type":"if","locations":[{"start":{"line":65,"column":4},"end":{"line":67,"column":5}},{"start":{},"end":{}}],"line":65},"15":{"loc":{"start":{"line":70,"column":19},"end":{"line":70,"column":35}},"type":"binary-expr","locations":[{"start":{"line":70,"column":19},"end":{"line":70,"column":23}},{"start":{"line":70,"column":27},"end":{"line":70,"column":35}}],"line":70},"16":{"loc":{"start":{"line":72,"column":4},"end":{"line":74,"column":5}},"type":"if","locations":[{"start":{"line":72,"column":4},"end":{"line":74,"column":5}},{"start":{},"end":{}}],"line":72},"17":{"loc":{"start":{"line":78,"column":27},"end":{"line":78,"column":36}},"type":"default-arg","locations":[{"start":{"line":78,"column":34},"end":{"line":78,"column":36}}],"line":78},"18":{"loc":{"start":{"line":79,"column":28},"end":{"line":79,"column":38}},"type":"binary-expr","locations":[{"start":{"line":79,"column":28},"end":{"line":79,"column":32}},{"start":{"line":79,"column":36},"end":{"line":79,"column":38}}],"line":79},"19":{"loc":{"start":{"line":80,"column":4},"end":{"line":82,"column":5}},"type":"if","locations":[{"start":{"line":80,"column":4},"end":{"line":82,"column":5}},{"start":{},"end":{}}],"line":80},"20":{"loc":{"start":{"line":84,"column":19},"end":{"line":84,"column":35}},"type":"binary-expr","locations":[{"start":{"line":84,"column":19},"end":{"line":84,"column":23}},{"start":{"line":84,"column":27},"end":{"line":84,"column":35}}],"line":84},"21":{"loc":{"start":{"line":86,"column":4},"end":{"line":88,"column":5}},"type":"if","locations":[{"start":{"line":86,"column":4},"end":{"line":88,"column":5}},{"start":{},"end":{}}],"line":86},"22":{"loc":{"start":{"line":95,"column":6},"end":{"line":96,"column":55}},"type":"binary-expr","locations":[{"start":{"line":95,"column":6},"end":{"line":95,"column":65}},{"start":{"line":96,"column":6},"end":{"line":96,"column":55}}],"line":95},"23":{"loc":{"start":{"line":95,"column":44},"end":{"line":95,"column":64}},"type":"binary-expr","locations":[{"start":{"line":95,"column":44},"end":{"line":95,"column":58}},{"start":{"line":95,"column":62},"end":{"line":95,"column":64}}],"line":95},"24":{"loc":{"start":{"line":96,"column":36},"end":{"line":96,"column":54}},"type":"binary-expr","locations":[{"start":{"line":96,"column":36},"end":{"line":96,"column":48}},{"start":{"line":96,"column":52},"end":{"line":96,"column":54}}],"line":96},"25":{"loc":{"start":{"line":97,"column":24},"end":{"line":99,"column":35}},"type":"cond-expr","locations":[{"start":{"line":98,"column":8},"end":{"line":98,"column":38}},{"start":{"line":99,"column":8},"end":{"line":99,"column":35}}],"line":97},"26":{"loc":{"start":{"line":98,"column":8},"end":{"line":98,"column":38}},"type":"binary-expr","locations":[{"start":{"line":98,"column":8},"end":{"line":98,"column":19}},{"start":{"line":98,"column":23},"end":{"line":98,"column":27}},{"start":{"line":98,"column":31},"end":{"line":98,"column":38}}],"line":98},"27":{"loc":{"start":{"line":99,"column":8},"end":{"line":99,"column":35}},"type":"binary-expr","locations":[{"start":{"line":99,"column":8},"end":{"line":99,"column":16}},{"start":{"line":99,"column":20},"end":{"line":99,"column":24}},{"start":{"line":99,"column":28},"end":{"line":99,"column":35}}],"line":99},"28":{"loc":{"start":{"line":102,"column":6},"end":{"line":105,"column":17}},"type":"binary-expr","locations":[{"start":{"line":102,"column":6},"end":{"line":102,"column":18}},{"start":{"line":103,"column":6},"end":{"line":103,"column":54}},{"start":{"line":104,"column":6},"end":{"line":104,"column":10}},{"start":{"line":105,"column":6},"end":{"line":105,"column":17}}],"line":102},"29":{"loc":{"start":{"line":103,"column":33},"end":{"line":103,"column":53}},"type":"binary-expr","locations":[{"start":{"line":103,"column":33},"end":{"line":103,"column":47}},{"start":{"line":103,"column":51},"end":{"line":103,"column":53}}],"line":103},"30":{"loc":{"start":{"line":114,"column":21},"end":{"line":114,"column":59}},"type":"binary-expr","locations":[{"start":{"line":114,"column":21},"end":{"line":114,"column":46}},{"start":{"line":114,"column":50},"end":{"line":114,"column":59}}],"line":114},"31":{"loc":{"start":{"line":114,"column":28},"end":{"line":114,"column":38}},"type":"binary-expr","locations":[{"start":{"line":114,"column":28},"end":{"line":114,"column":32}},{"start":{"line":114,"column":36},"end":{"line":114,"column":38}}],"line":114},"32":{"loc":{"start":{"line":115,"column":20},"end":{"line":115,"column":75}},"type":"cond-expr","locations":[{"start":{"line":115,"column":32},"end":{"line":115,"column":54}},{"start":{"line":115,"column":57},"end":{"line":115,"column":75}}],"line":115},"33":{"loc":{"start":{"line":120,"column":4},"end":{"line":122,"column":5}},"type":"if","locations":[{"start":{"line":120,"column":4},"end":{"line":122,"column":5}},{"start":{},"end":{}}],"line":120},"34":{"loc":{"start":{"line":120,"column":8},"end":{"line":120,"column":43}},"type":"binary-expr","locations":[{"start":{"line":120,"column":8},"end":{"line":120,"column":19}},{"start":{"line":120,"column":23},"end":{"line":120,"column":43}}],"line":120},"35":{"loc":{"start":{"line":125,"column":6},"end":{"line":125,"column":28}},"type":"if","locations":[{"start":{"line":125,"column":6},"end":{"line":125,"column":28}},{"start":{},"end":{}}],"line":125},"36":{"loc":{"start":{"line":133,"column":4},"end":{"line":135,"column":5}},"type":"if","locations":[{"start":{"line":133,"column":4},"end":{"line":135,"column":5}},{"start":{},"end":{}}],"line":133},"37":{"loc":{"start":{"line":133,"column":8},"end":{"line":133,"column":43}},"type":"binary-expr","locations":[{"start":{"line":133,"column":8},"end":{"line":133,"column":19}},{"start":{"line":133,"column":23},"end":{"line":133,"column":43}}],"line":133},"38":{"loc":{"start":{"line":142,"column":4},"end":{"line":142,"column":30}},"type":"if","locations":[{"start":{"line":142,"column":4},"end":{"line":142,"column":30}},{"start":{},"end":{}}],"line":142},"39":{"loc":{"start":{"line":150,"column":47},"end":{"line":150,"column":69}},"type":"default-arg","locations":[{"start":{"line":150,"column":67},"end":{"line":150,"column":69}}],"line":150},"40":{"loc":{"start":{"line":153,"column":4},"end":{"line":155,"column":5}},"type":"if","locations":[{"start":{"line":153,"column":4},"end":{"line":155,"column":5}},{"start":{},"end":{}}],"line":153},"41":{"loc":{"start":{"line":157,"column":24},"end":{"line":157,"column":38}},"type":"binary-expr","locations":[{"start":{"line":157,"column":24},"end":{"line":157,"column":32}},{"start":{"line":157,"column":36},"end":{"line":157,"column":38}}],"line":157},"42":{"loc":{"start":{"line":158,"column":21},"end":{"line":160,"column":52}},"type":"cond-expr","locations":[{"start":{"line":159,"column":8},"end":{"line":159,"column":44}},{"start":{"line":160,"column":8},"end":{"line":160,"column":52}}],"line":158},"43":{"loc":{"start":{"line":164,"column":6},"end":{"line":166,"column":84}},"type":"cond-expr","locations":[{"start":{"line":165,"column":10},"end":{"line":165,"column":18}},{"start":{"line":166,"column":10},"end":{"line":166,"column":84}}],"line":164},"44":{"loc":{"start":{"line":168,"column":4},"end":{"line":171,"column":5}},"type":"if","locations":[{"start":{"line":168,"column":4},"end":{"line":171,"column":5}},{"start":{},"end":{}}],"line":168},"45":{"loc":{"start":{"line":169,"column":26},"end":{"line":169,"column":88}},"type":"cond-expr","locations":[{"start":{"line":169,"column":38},"end":{"line":169,"column":79}},{"start":{"line":169,"column":82},"end":{"line":169,"column":88}}],"line":169},"46":{"loc":{"start":{"line":170,"column":28},"end":{"line":170,"column":106}},"type":"cond-expr","locations":[{"start":{"line":170,"column":48},"end":{"line":170,"column":92}},{"start":{"line":170,"column":95},"end":{"line":170,"column":106}}],"line":170},"47":{"loc":{"start":{"line":177,"column":4},"end":{"line":181,"column":5}},"type":"if","locations":[{"start":{"line":177,"column":4},"end":{"line":181,"column":5}},{"start":{},"end":{}}],"line":177},"48":{"loc":{"start":{"line":182,"column":4},"end":{"line":184,"column":5}},"type":"if","locations":[{"start":{"line":182,"column":4},"end":{"line":184,"column":5}},{"start":{},"end":{}}],"line":182},"49":{"loc":{"start":{"line":188,"column":11},"end":{"line":213,"column":5}},"type":"binary-expr","locations":[{"start":{"line":188,"column":11},"end":{"line":188,"column":56}},{"start":{"line":188,"column":60},"end":{"line":213,"column":5}}],"line":188},"50":{"loc":{"start":{"line":217,"column":21},"end":{"line":217,"column":62}},"type":"binary-expr","locations":[{"start":{"line":217,"column":21},"end":{"line":217,"column":37}},{"start":{"line":217,"column":41},"end":{"line":217,"column":62}}],"line":217},"51":{"loc":{"start":{"line":219,"column":4},"end":{"line":221,"column":5}},"type":"if","locations":[{"start":{"line":219,"column":4},"end":{"line":221,"column":5}},{"start":{},"end":{}}],"line":219},"52":{"loc":{"start":{"line":219,"column":8},"end":{"line":219,"column":37}},"type":"binary-expr","locations":[{"start":{"line":219,"column":8},"end":{"line":219,"column":17}},{"start":{"line":219,"column":21},"end":{"line":219,"column":37}}],"line":219},"53":{"loc":{"start":{"line":226,"column":21},"end":{"line":226,"column":32}},"type":"default-arg","locations":[{"start":{"line":226,"column":30},"end":{"line":226,"column":32}}],"line":226},"54":{"loc":{"start":{"line":226,"column":83},"end":{"line":226,"column":112}},"type":"default-arg","locations":[{"start":{"line":226,"column":107},"end":{"line":226,"column":112}}],"line":226},"55":{"loc":{"start":{"line":227,"column":4},"end":{"line":229,"column":5}},"type":"if","locations":[{"start":{"line":227,"column":4},"end":{"line":229,"column":5}},{"start":{},"end":{}}],"line":227},"56":{"loc":{"start":{"line":232,"column":4},"end":{"line":236,"column":5}},"type":"if","locations":[{"start":{"line":232,"column":4},"end":{"line":236,"column":5}},{"start":{},"end":{}}],"line":232},"57":{"loc":{"start":{"line":232,"column":8},"end":{"line":232,"column":54}},"type":"binary-expr","locations":[{"start":{"line":232,"column":8},"end":{"line":232,"column":17}},{"start":{"line":232,"column":21},"end":{"line":232,"column":54}}],"line":232},"58":{"loc":{"start":{"line":239,"column":4},"end":{"line":249,"column":5}},"type":"if","locations":[{"start":{"line":239,"column":4},"end":{"line":249,"column":5}},{"start":{},"end":{}}],"line":239},"59":{"loc":{"start":{"line":239,"column":8},"end":{"line":239,"column":71}},"type":"binary-expr","locations":[{"start":{"line":239,"column":8},"end":{"line":239,"column":21}},{"start":{"line":239,"column":25},"end":{"line":239,"column":34}},{"start":{"line":239,"column":38},"end":{"line":239,"column":71}}],"line":239},"60":{"loc":{"start":{"line":241,"column":26},"end":{"line":241,"column":70}},"type":"binary-expr","locations":[{"start":{"line":241,"column":26},"end":{"line":241,"column":41}},{"start":{"line":241,"column":45},"end":{"line":241,"column":70}}],"line":241},"61":{"loc":{"start":{"line":242,"column":8},"end":{"line":247,"column":9}},"type":"if","locations":[{"start":{"line":242,"column":8},"end":{"line":247,"column":9}},{"start":{},"end":{}}],"line":242},"62":{"loc":{"start":{"line":245,"column":12},"end":{"line":246,"column":60}},"type":"binary-expr","locations":[{"start":{"line":245,"column":13},"end":{"line":245,"column":66}},{"start":{"line":246,"column":13},"end":{"line":246,"column":59}}],"line":245},"63":{"loc":{"start":{"line":266,"column":6},"end":{"line":266,"column":88}},"type":"cond-expr","locations":[{"start":{"line":266,"column":27},"end":{"line":266,"column":83}},{"start":{"line":266,"column":86},"end":{"line":266,"column":88}}],"line":266},"64":{"loc":{"start":{"line":270,"column":19},"end":{"line":273,"column":7}},"type":"binary-expr","locations":[{"start":{"line":270,"column":19},"end":{"line":270,"column":51}},{"start":{"line":270,"column":55},"end":{"line":273,"column":7}}],"line":270},"65":{"loc":{"start":{"line":274,"column":26},"end":{"line":274,"column":95}},"type":"cond-expr","locations":[{"start":{"line":274,"column":66},"end":{"line":274,"column":90}},{"start":{"line":274,"column":93},"end":{"line":274,"column":95}}],"line":274},"66":{"loc":{"start":{"line":275,"column":23},"end":{"line":277,"column":87}},"type":"cond-expr","locations":[{"start":{"line":276,"column":8},"end":{"line":276,"column":89}},{"start":{"line":277,"column":8},"end":{"line":277,"column":87}}],"line":275},"67":{"loc":{"start":{"line":281,"column":10},"end":{"line":281,"column":258}},"type":"cond-expr","locations":[{"start":{"line":281,"column":34},"end":{"line":281,"column":253}},{"start":{"line":281,"column":256},"end":{"line":281,"column":258}}],"line":281},"68":{"loc":{"start":{"line":295,"column":53},"end":{"line":295,"column":97}},"type":"cond-expr","locations":[{"start":{"line":295,"column":77},"end":{"line":295,"column":92}},{"start":{"line":295,"column":95},"end":{"line":295,"column":97}}],"line":295},"69":{"loc":{"start":{"line":303,"column":12},"end":{"line":308,"column":13}},"type":"cond-expr","locations":[{"start":{"line":304,"column":14},"end":{"line":304,"column":96}},{"start":{"line":305,"column":14},"end":{"line":308,"column":13}}],"line":303},"70":{"loc":{"start":{"line":320,"column":29},"end":{"line":320,"column":96}},"type":"binary-expr","locations":[{"start":{"line":320,"column":29},"end":{"line":320,"column":61}},{"start":{"line":320,"column":65},"end":{"line":320,"column":96}}],"line":320},"71":{"loc":{"start":{"line":322,"column":4},"end":{"line":342,"column":5}},"type":"if","locations":[{"start":{"line":322,"column":4},"end":{"line":342,"column":5}},{"start":{"line":330,"column":11},"end":{"line":342,"column":5}}],"line":322},"72":{"loc":{"start":{"line":322,"column":8},"end":{"line":322,"column":49}},"type":"binary-expr","locations":[{"start":{"line":322,"column":8},"end":{"line":322,"column":24}},{"start":{"line":322,"column":28},"end":{"line":322,"column":49}}],"line":322},"73":{"loc":{"start":{"line":324,"column":25},"end":{"line":324,"column":116}},"type":"cond-expr","locations":[{"start":{"line":324,"column":77},"end":{"line":324,"column":111}},{"start":{"line":324,"column":114},"end":{"line":324,"column":116}}],"line":324},"74":{"loc":{"start":{"line":326,"column":8},"end":{"line":326,"column":97}},"type":"cond-expr","locations":[{"start":{"line":326,"column":32},"end":{"line":326,"column":42}},{"start":{"line":326,"column":45},"end":{"line":326,"column":97}}],"line":326},"75":{"loc":{"start":{"line":327,"column":25},"end":{"line":327,"column":68}},"type":"cond-expr","locations":[{"start":{"line":327,"column":47},"end":{"line":327,"column":59}},{"start":{"line":327,"column":62},"end":{"line":327,"column":68}}],"line":327},"76":{"loc":{"start":{"line":345,"column":36},"end":{"line":345,"column":87}},"type":"binary-expr","locations":[{"start":{"line":345,"column":36},"end":{"line":345,"column":78}},{"start":{"line":345,"column":82},"end":{"line":345,"column":87}}],"line":345},"77":{"loc":{"start":{"line":347,"column":6},"end":{"line":360,"column":7}},"type":"if","locations":[{"start":{"line":347,"column":6},"end":{"line":360,"column":7}},{"start":{"line":352,"column":13},"end":{"line":360,"column":7}}],"line":347},"78":{"loc":{"start":{"line":367,"column":4},"end":{"line":367,"column":20}},"type":"default-arg","locations":[{"start":{"line":367,"column":18},"end":{"line":367,"column":20}}],"line":367},"79":{"loc":{"start":{"line":368,"column":4},"end":{"line":368,"column":21}},"type":"default-arg","locations":[{"start":{"line":368,"column":19},"end":{"line":368,"column":21}}],"line":368},"80":{"loc":{"start":{"line":369,"column":4},"end":{"line":369,"column":19}},"type":"default-arg","locations":[{"start":{"line":369,"column":17},"end":{"line":369,"column":19}}],"line":369},"81":{"loc":{"start":{"line":370,"column":4},"end":{"line":370,"column":18}},"type":"default-arg","locations":[{"start":{"line":370,"column":16},"end":{"line":370,"column":18}}],"line":370},"82":{"loc":{"start":{"line":371,"column":4},"end":{"line":371,"column":18}},"type":"default-arg","locations":[{"start":{"line":371,"column":14},"end":{"line":371,"column":18}}],"line":371},"83":{"loc":{"start":{"line":372,"column":4},"end":{"line":372,"column":25}},"type":"default-arg","locations":[{"start":{"line":372,"column":23},"end":{"line":372,"column":25}}],"line":372},"84":{"loc":{"start":{"line":380,"column":53},"end":{"line":380,"column":73}},"type":"binary-expr","locations":[{"start":{"line":380,"column":53},"end":{"line":380,"column":63}},{"start":{"line":380,"column":67},"end":{"line":380,"column":73}}],"line":380},"85":{"loc":{"start":{"line":380,"column":81},"end":{"line":380,"column":97}},"type":"binary-expr","locations":[{"start":{"line":380,"column":81},"end":{"line":380,"column":87}},{"start":{"line":380,"column":91},"end":{"line":380,"column":97}}],"line":380},"86":{"loc":{"start":{"line":388,"column":6},"end":{"line":391,"column":7}},"type":"if","locations":[{"start":{"line":388,"column":6},"end":{"line":391,"column":7}},{"start":{},"end":{}}],"line":388},"87":{"loc":{"start":{"line":388,"column":10},"end":{"line":388,"column":44}},"type":"binary-expr","locations":[{"start":{"line":388,"column":10},"end":{"line":388,"column":22}},{"start":{"line":388,"column":26},"end":{"line":388,"column":44}}],"line":388},"88":{"loc":{"start":{"line":389,"column":24},"end":{"line":389,"column":46}},"type":"binary-expr","locations":[{"start":{"line":389,"column":24},"end":{"line":389,"column":36}},{"start":{"line":389,"column":40},"end":{"line":389,"column":46}}],"line":389},"89":{"loc":{"start":{"line":392,"column":19},"end":{"line":392,"column":46}},"type":"binary-expr","locations":[{"start":{"line":392,"column":19},"end":{"line":392,"column":36}},{"start":{"line":392,"column":40},"end":{"line":392,"column":46}}],"line":392},"90":{"loc":{"start":{"line":393,"column":32},"end":{"line":395,"column":12}},"type":"cond-expr","locations":[{"start":{"line":394,"column":10},"end":{"line":394,"column":39}},{"start":{"line":395,"column":10},"end":{"line":395,"column":12}}],"line":393},"91":{"loc":{"start":{"line":396,"column":32},"end":{"line":396,"column":68}},"type":"binary-expr","locations":[{"start":{"line":396,"column":32},"end":{"line":396,"column":62}},{"start":{"line":396,"column":66},"end":{"line":396,"column":68}}],"line":396},"92":{"loc":{"start":{"line":407,"column":6},"end":{"line":419,"column":7}},"type":"if","locations":[{"start":{"line":407,"column":6},"end":{"line":419,"column":7}},{"start":{"line":417,"column":13},"end":{"line":419,"column":7}}],"line":407},"93":{"loc":{"start":{"line":407,"column":10},"end":{"line":407,"column":57}},"type":"binary-expr","locations":[{"start":{"line":407,"column":10},"end":{"line":407,"column":19}},{"start":{"line":407,"column":23},"end":{"line":407,"column":57}}],"line":407},"94":{"loc":{"start":{"line":409,"column":25},"end":{"line":409,"column":87}},"type":"binary-expr","locations":[{"start":{"line":409,"column":25},"end":{"line":409,"column":32}},{"start":{"line":409,"column":37},"end":{"line":409,"column":86}}],"line":409},"95":{"loc":{"start":{"line":410,"column":10},"end":{"line":413,"column":11}},"type":"if","locations":[{"start":{"line":410,"column":10},"end":{"line":413,"column":11}},{"start":{},"end":{}}],"line":410},"96":{"loc":{"start":{"line":422,"column":8},"end":{"line":424,"column":85}},"type":"cond-expr","locations":[{"start":{"line":423,"column":12},"end":{"line":423,"column":29}},{"start":{"line":424,"column":12},"end":{"line":424,"column":85}}],"line":422},"97":{"loc":{"start":{"line":425,"column":25},"end":{"line":425,"column":68}},"type":"cond-expr","locations":[{"start":{"line":425,"column":47},"end":{"line":425,"column":59}},{"start":{"line":425,"column":62},"end":{"line":425,"column":68}}],"line":425},"98":{"loc":{"start":{"line":433,"column":6},"end":{"line":436,"column":7}},"type":"if","locations":[{"start":{"line":433,"column":6},"end":{"line":436,"column":7}},{"start":{},"end":{}}],"line":433},"99":{"loc":{"start":{"line":435,"column":36},"end":{"line":435,"column":91}},"type":"cond-expr","locations":[{"start":{"line":435,"column":53},"end":{"line":435,"column":76}},{"start":{"line":435,"column":79},"end":{"line":435,"column":91}}],"line":435},"100":{"loc":{"start":{"line":437,"column":6},"end":{"line":439,"column":7}},"type":"if","locations":[{"start":{"line":437,"column":6},"end":{"line":439,"column":7}},{"start":{},"end":{}}],"line":437},"101":{"loc":{"start":{"line":443,"column":20},"end":{"line":443,"column":31}},"type":"default-arg","locations":[{"start":{"line":443,"column":29},"end":{"line":443,"column":31}}],"line":443},"102":{"loc":{"start":{"line":443,"column":33},"end":{"line":443,"column":57}},"type":"default-arg","locations":[{"start":{"line":443,"column":52},"end":{"line":443,"column":57}}],"line":443},"103":{"loc":{"start":{"line":444,"column":17},"end":{"line":444,"column":52}},"type":"cond-expr","locations":[{"start":{"line":444,"column":41},"end":{"line":444,"column":47}},{"start":{"line":444,"column":50},"end":{"line":444,"column":52}}],"line":444},"104":{"loc":{"start":{"line":445,"column":4},"end":{"line":447,"column":5}},"type":"if","locations":[{"start":{"line":445,"column":4},"end":{"line":447,"column":5}},{"start":{},"end":{}}],"line":445},"105":{"loc":{"start":{"line":450,"column":28},"end":{"line":450,"column":67}},"type":"binary-expr","locations":[{"start":{"line":450,"column":28},"end":{"line":450,"column":42}},{"start":{"line":450,"column":46},"end":{"line":450,"column":56}},{"start":{"line":450,"column":60},"end":{"line":450,"column":67}}],"line":450},"106":{"loc":{"start":{"line":451,"column":25},"end":{"line":451,"column":59}},"type":"binary-expr","locations":[{"start":{"line":451,"column":25},"end":{"line":451,"column":35}},{"start":{"line":451,"column":39},"end":{"line":451,"column":49}},{"start":{"line":451,"column":53},"end":{"line":451,"column":59}}],"line":451},"107":{"loc":{"start":{"line":452,"column":27},"end":{"line":452,"column":81}},"type":"binary-expr","locations":[{"start":{"line":452,"column":27},"end":{"line":452,"column":39}},{"start":{"line":452,"column":43},"end":{"line":452,"column":54}},{"start":{"line":452,"column":58},"end":{"line":452,"column":66}},{"start":{"line":452,"column":70},"end":{"line":452,"column":81}}],"line":452},"108":{"loc":{"start":{"line":454,"column":10},"end":{"line":456,"column":33}},"type":"cond-expr","locations":[{"start":{"line":455,"column":14},"end":{"line":455,"column":71}},{"start":{"line":456,"column":14},"end":{"line":456,"column":33}}],"line":454},"109":{"loc":{"start":{"line":456,"column":14},"end":{"line":456,"column":33}},"type":"binary-expr","locations":[{"start":{"line":456,"column":14},"end":{"line":456,"column":25}},{"start":{"line":456,"column":29},"end":{"line":456,"column":33}}],"line":456},"110":{"loc":{"start":{"line":457,"column":23},"end":{"line":457,"column":70}},"type":"cond-expr","locations":[{"start":{"line":457,"column":53},"end":{"line":457,"column":65}},{"start":{"line":457,"column":68},"end":{"line":457,"column":70}}],"line":457},"111":{"loc":{"start":{"line":458,"column":26},"end":{"line":466,"column":85}},"type":"cond-expr","locations":[{"start":{"line":459,"column":12},"end":{"line":465,"column":23}},{"start":{"line":466,"column":12},"end":{"line":466,"column":85}}],"line":458},"112":{"loc":{"start":{"line":467,"column":22},"end":{"line":469,"column":14}},"type":"cond-expr","locations":[{"start":{"line":468,"column":12},"end":{"line":468,"column":129}},{"start":{"line":469,"column":12},"end":{"line":469,"column":14}}],"line":467},"113":{"loc":{"start":{"line":470,"column":27},"end":{"line":470,"column":70}},"type":"binary-expr","locations":[{"start":{"line":470,"column":27},"end":{"line":470,"column":43}},{"start":{"line":470,"column":47},"end":{"line":470,"column":64}},{"start":{"line":470,"column":68},"end":{"line":470,"column":70}}],"line":470},"114":{"loc":{"start":{"line":471,"column":34},"end":{"line":471,"column":77}},"type":"binary-expr","locations":[{"start":{"line":471,"column":34},"end":{"line":471,"column":57}},{"start":{"line":471,"column":61},"end":{"line":471,"column":71}},{"start":{"line":471,"column":75},"end":{"line":471,"column":77}}],"line":471},"115":{"loc":{"start":{"line":472,"column":27},"end":{"line":474,"column":14}},"type":"cond-expr","locations":[{"start":{"line":473,"column":12},"end":{"line":473,"column":117}},{"start":{"line":474,"column":12},"end":{"line":474,"column":14}}],"line":472},"116":{"loc":{"start":{"line":475,"column":32},"end":{"line":477,"column":14}},"type":"cond-expr","locations":[{"start":{"line":476,"column":12},"end":{"line":476,"column":117}},{"start":{"line":477,"column":12},"end":{"line":477,"column":14}}],"line":475},"117":{"loc":{"start":{"line":502,"column":19},"end":{"line":502,"column":30}},"type":"default-arg","locations":[{"start":{"line":502,"column":28},"end":{"line":502,"column":30}}],"line":502},"118":{"loc":{"start":{"line":502,"column":32},"end":{"line":502,"column":56}},"type":"default-arg","locations":[{"start":{"line":502,"column":51},"end":{"line":502,"column":56}}],"line":502},"119":{"loc":{"start":{"line":504,"column":4},"end":{"line":506,"column":5}},"type":"if","locations":[{"start":{"line":504,"column":4},"end":{"line":506,"column":5}},{"start":{},"end":{}}],"line":504},"120":{"loc":{"start":{"line":510,"column":26},"end":{"line":510,"column":35}},"type":"default-arg","locations":[{"start":{"line":510,"column":33},"end":{"line":510,"column":35}}],"line":510},"121":{"loc":{"start":{"line":510,"column":37},"end":{"line":510,"column":56}},"type":"default-arg","locations":[{"start":{"line":510,"column":54},"end":{"line":510,"column":56}}],"line":510},"122":{"loc":{"start":{"line":511,"column":4},"end":{"line":513,"column":5}},"type":"if","locations":[{"start":{"line":511,"column":4},"end":{"line":513,"column":5}},{"start":{},"end":{}}],"line":511},"123":{"loc":{"start":{"line":511,"column":8},"end":{"line":511,"column":49}},"type":"binary-expr","locations":[{"start":{"line":511,"column":8},"end":{"line":511,"column":28}},{"start":{"line":511,"column":32},"end":{"line":511,"column":49}}],"line":511},"124":{"loc":{"start":{"line":512,"column":13},"end":{"line":512,"column":64}},"type":"cond-expr","locations":[{"start":{"line":512,"column":45},"end":{"line":512,"column":59}},{"start":{"line":512,"column":62},"end":{"line":512,"column":64}}],"line":512},"125":{"loc":{"start":{"line":515,"column":4},"end":{"line":517,"column":5}},"type":"if","locations":[{"start":{"line":515,"column":4},"end":{"line":517,"column":5}},{"start":{},"end":{}}],"line":515},"126":{"loc":{"start":{"line":518,"column":21},"end":{"line":518,"column":72}},"type":"cond-expr","locations":[{"start":{"line":518,"column":53},"end":{"line":518,"column":67}},{"start":{"line":518,"column":70},"end":{"line":518,"column":72}}],"line":518},"127":{"loc":{"start":{"line":523,"column":8},"end":{"line":523,"column":70}},"type":"binary-expr","locations":[{"start":{"line":523,"column":8},"end":{"line":523,"column":45}},{"start":{"line":523,"column":49},"end":{"line":523,"column":70}}],"line":523},"128":{"loc":{"start":{"line":526,"column":31},"end":{"line":526,"column":43}},"type":"binary-expr","locations":[{"start":{"line":526,"column":31},"end":{"line":526,"column":37}},{"start":{"line":526,"column":41},"end":{"line":526,"column":43}}],"line":526},"129":{"loc":{"start":{"line":527,"column":26},"end":{"line":527,"column":96}},"type":"binary-expr","locations":[{"start":{"line":527,"column":26},"end":{"line":527,"column":43}},{"start":{"line":527,"column":47},"end":{"line":527,"column":66}},{"start":{"line":527,"column":70},"end":{"line":527,"column":96}}],"line":527},"130":{"loc":{"start":{"line":531,"column":4},"end":{"line":534,"column":5}},"type":"if","locations":[{"start":{"line":531,"column":4},"end":{"line":534,"column":5}},{"start":{},"end":{}}],"line":531},"131":{"loc":{"start":{"line":544,"column":6},"end":{"line":559,"column":7}},"type":"if","locations":[{"start":{"line":544,"column":6},"end":{"line":559,"column":7}},{"start":{},"end":{}}],"line":544},"132":{"loc":{"start":{"line":545,"column":28},"end":{"line":545,"column":87}},"type":"binary-expr","locations":[{"start":{"line":545,"column":29},"end":{"line":545,"column":80}},{"start":{"line":545,"column":85},"end":{"line":545,"column":87}}],"line":545},"133":{"loc":{"start":{"line":549,"column":8},"end":{"line":558,"column":9}},"type":"if","locations":[{"start":{"line":549,"column":8},"end":{"line":558,"column":9}},{"start":{},"end":{}}],"line":549},"134":{"loc":{"start":{"line":568,"column":6},"end":{"line":573,"column":7}},"type":"if","locations":[{"start":{"line":568,"column":6},"end":{"line":573,"column":7}},{"start":{},"end":{}}],"line":568},"135":{"loc":{"start":{"line":568,"column":10},"end":{"line":568,"column":75}},"type":"binary-expr","locations":[{"start":{"line":568,"column":10},"end":{"line":568,"column":20}},{"start":{"line":568,"column":24},"end":{"line":568,"column":75}}],"line":568},"136":{"loc":{"start":{"line":579,"column":6},"end":{"line":583,"column":7}},"type":"if","locations":[{"start":{"line":579,"column":6},"end":{"line":583,"column":7}},{"start":{},"end":{}}],"line":579},"137":{"loc":{"start":{"line":586,"column":6},"end":{"line":590,"column":7}},"type":"if","locations":[{"start":{"line":586,"column":6},"end":{"line":590,"column":7}},{"start":{},"end":{}}],"line":586},"138":{"loc":{"start":{"line":598,"column":0},"end":{"line":600,"column":1}},"type":"if","locations":[{"start":{"line":598,"column":0},"end":{"line":600,"column":1}},{"start":{},"end":{}}],"line":598}},"s":{"0":0,"1":0,"2":0,"3":0,"4":0,"5":0,"6":0,"7":0,"8":0,"9":0,"10":0,"11":0,"12":0,"13":0,"14":0,"15":0,"16":0,"17":0,"18":0,"19":0,"20":0,"21":0,"22":0,"23":0,"24":0,"25":0,"26":0,"27":0,"28":0,"29":0,"30":0,"31":0,"32":0,"33":0,"34":0,"35":0,"36":0,"37":0,"38":0,"39":0,"40":0,"41":0,"42":0,"43":0,"44":0,"45":0,"46":0,"47":0,"48":0,"49":0,"50":0,"51":0,"52":0,"53":0,"54":0,"55":0,"56":0,"57":0,"58":0,"59":0,"60":0,"61":0,"62":0,"63":0,"64":0,"65":0,"66":0,"67":0,"68":0,"69":0,"70":0,"71":0,"72":0,"73":0,"74":0,"75":0,"76":0,"77":0,"78":0,"79":0,"80":0,"81":0,"82":0,"83":0,"84":0,"85":0,"86":0,"87":0,"88":0,"89":0,"90":0,"91":0,"92":0,"93":0,"94":0,"95":0,"96":0,"97":0,"98":0,"99":0,"100":0,"101":0,"102":0,"103":0,"104":0,"105":0,"106":0,"107":0,"108":0,"109":0,"110":0,"111":0,"112":0,"113":0,"114":0,"115":0,"116":0,"117":0,"118":0,"119":0,"120":0,"121":0,"122":0,"123":0,"124":0,"125":0,"126":0,"127":0,"128":0,"129":0,"130":0,"131":0,"132":0,"133":0,"134":0,"135":0,"136":0,"137":0,"138":0,"139":0,"140":0,"141":0,"142":0,"143":0,"144":0,"145":0,"146":0,"147":0,"148":0,"149":0,"150":0,"151":0,"152":0,"153":0,"154":0,"155":0,"156":0,"157":0,"158":0,"159":0,"160":0,"161":0,"162":0,"163":0,"164":0,"165":0,"166":0,"167":0,"168":0,"169":0,"170":0,"171":0,"172":0,"173":0,"174":0,"175":0,"176":0,"177":0,"178":0,"179":0,"180":0,"181":0,"182":0,"183":0,"184":0,"185":0,"186":0,"187":0,"188":0,"189":0,"190":0,"191":0,"192":0,"193":0,"194":0,"195":0,"196":0,"197":0,"198":0,"199":0,"200":0,"201":0,"202":0,"203":0,"204":0,"205":0,"206":0,"207":0,"208":0,"209":0,"210":0,"211":0,"212":0,"213":0,"214":0,"215":0,"216":0,"217":0,"218":0,"219":0,"220":0,"221":0,"222":0,"223":0,"224":0,"225":0,"226":0,"227":0,"228":0,"229":0,"230":0,"231":0},"f":{"0":0,"1":0,"2":0,"3":0,"4":0,"5":0,"6":0,"7":0,"8":0,"9":0,"10":0,"11":0,"12":0,"13":0,"14":0,"15":0,"16":0,"17":0,"18":0,"19":0,"20":0,"21":0,"22":0,"23":0,"24":0,"25":0,"26":0,"27":0,"28":0,"29":0,"30":0,"31":0,"32":0,"33":0,"34":0,"35":0,"36":0,"37":0,"38":0},"b":{"0":[0,0],"1":[0,0],"2":[0,0],"3":[0,0],"4":[0],"5":[0,0],"6":[0,0],"7":[0,0],"8":[0,0],"9":[0,0],"10":[0,0],"11":[0,0],"12":[0],"13":[0,0],"14":[0,0],"15":[0,0],"16":[0,0],"17":[0],"18":[0,0],"19":[0,0],"20":[0,0],"21":[0,0],"22":[0,0],"23":[0,0],"24":[0,0],"25":[0,0],"26":[0,0,0],"27":[0,0,0],"28":[0,0,0,0],"29":[0,0],"30":[0,0],"31":[0,0],"32":[0,0],"33":[0,0],"34":[0,0],"35":[0,0],"36":[0,0],"37":[0,0],"38":[0,0],"39":[0],"40":[0,0],"41":[0,0],"42":[0,0],"43":[0,0],"44":[0,0],"45":[0,0],"46":[0,0],"47":[0,0],"48":[0,0],"49":[0,0],"50":[0,0],"51":[0,0],"52":[0,0],"53":[0],"54":[0],"55":[0,0],"56":[0,0],"57":[0,0],"58":[0,0],"59":[0,0,0],"60":[0,0],"61":[0,0],"62":[0,0],"63":[0,0],"64":[0,0],"65":[0,0],"66":[0,0],"67":[0,0],"68":[0,0],"69":[0,0],"70":[0,0],"71":[0,0],"72":[0,0],"73":[0,0],"74":[0,0],"75":[0,0],"76":[0,0],"77":[0,0],"78":[0],"79":[0],"80":[0],"81":[0],"82":[0],"83":[0],"84":[0,0],"85":[0,0],"86":[0,0],"87":[0,0],"88":[0,0],"89":[0,0],"90":[0,0],"91":[0,0],"92":[0,0],"93":[0,0],"94":[0,0],"95":[0,0],"96":[0,0],"97":[0,0],"98":[0,0],"99":[0,0],"100":[0,0],"101":[0],"102":[0],"103":[0,0],"104":[0,0],"105":[0,0,0],"106":[0,0,0],"107":[0,0,0,0],"108":[0,0],"109":[0,0],"110":[0,0],"111":[0,0],"112":[0,0],"113":[0,0,0],"114":[0,0,0],"115":[0,0],"116":[0,0],"117":[0],"118":[0],"119":[0,0],"120":[0],"121":[0],"122":[0,0],"123":[0,0],"124":[0,0],"125":[0,0],"126":[0,0],"127":[0,0],"128":[0,0],"129":[0,0,0],"130":[0,0],"131":[0,0],"132":[0,0],"133":[0,0],"134":[0,0],"135":[0,0],"136":[0,0],"137":[0,0],"138":[0,0]}}
,"/Users/zqs/Downloads/project/ThinkCraft/frontend/js/modules/business-plan-generator.js": {"path":"/Users/zqs/Downloads/project/ThinkCraft/frontend/js/modules/business-plan-generator.js","statementMap":{"0":{"start":{"line":8,"column":4},"end":{"line":8,"column":25}},"1":{"start":{"line":9,"column":4},"end":{"line":9,"column":30}},"2":{"start":{"line":10,"column":4},"end":{"line":10,"column":48}},"3":{"start":{"line":11,"column":4},"end":{"line":11,"column":30}},"4":{"start":{"line":12,"column":4},"end":{"line":12,"column":34}},"5":{"start":{"line":13,"column":4},"end":{"line":13,"column":33}},"6":{"start":{"line":16,"column":4},"end":{"line":83,"column":6}},"7":{"start":{"line":91,"column":4},"end":{"line":91,"column":66}},"8":{"start":{"line":94,"column":4},"end":{"line":98,"column":5}},"9":{"start":{"line":95,"column":6},"end":{"line":95,"column":48}},"10":{"start":{"line":96,"column":6},"end":{"line":96,"column":28}},"11":{"start":{"line":97,"column":6},"end":{"line":97,"column":13}},"12":{"start":{"line":100,"column":19},"end":{"line":100,"column":43}},"13":{"start":{"line":101,"column":4},"end":{"line":104,"column":5}},"14":{"start":{"line":102,"column":6},"end":{"line":102,"column":46}},"15":{"start":{"line":103,"column":6},"end":{"line":103,"column":13}},"16":{"start":{"line":106,"column":4},"end":{"line":113,"column":7}},"17":{"start":{"line":111,"column":42},"end":{"line":111,"column":50}},"18":{"start":{"line":112,"column":50},"end":{"line":112,"column":58}},"19":{"start":{"line":116,"column":19},"end":{"line":116,"column":84}},"20":{"start":{"line":117,"column":4},"end":{"line":122,"column":5}},"21":{"start":{"line":118,"column":6},"end":{"line":118,"column":76}},"22":{"start":{"line":119,"column":6},"end":{"line":119,"column":52}},"23":{"start":{"line":121,"column":6},"end":{"line":121,"column":38}},"24":{"start":{"line":125,"column":22},"end":{"line":125,"column":62}},"25":{"start":{"line":126,"column":28},"end":{"line":126,"column":58}},"26":{"start":{"line":129,"column":4},"end":{"line":129,"column":86}},"27":{"start":{"line":130,"column":4},"end":{"line":130,"column":96}},"28":{"start":{"line":131,"column":4},"end":{"line":135,"column":6}},"29":{"start":{"line":138,"column":18},"end":{"line":138,"column":66}},"30":{"start":{"line":139,"column":4},"end":{"line":141,"column":5}},"31":{"start":{"line":140,"column":6},"end":{"line":140,"column":38}},"32":{"start":{"line":144,"column":4},"end":{"line":144,"column":54}},"33":{"start":{"line":153,"column":21},"end":{"line":168,"column":15}},"34":{"start":{"line":155,"column":14},"end":{"line":166,"column":9}},"35":{"start":{"line":170,"column":25},"end":{"line":185,"column":15}},"36":{"start":{"line":172,"column":14},"end":{"line":183,"column":9}},"37":{"start":{"line":187,"column":4},"end":{"line":196,"column":10}},"38":{"start":{"line":203,"column":23},"end":{"line":203,"column":87}},"39":{"start":{"line":204,"column":19},"end":{"line":204,"column":20}},"40":{"start":{"line":205,"column":20},"end":{"line":205,"column":21}},"41":{"start":{"line":207,"column":4},"end":{"line":213,"column":7}},"42":{"start":{"line":208,"column":6},"end":{"line":212,"column":7}},"43":{"start":{"line":209,"column":8},"end":{"line":209,"column":19}},"44":{"start":{"line":211,"column":8},"end":{"line":211,"column":24}},"45":{"start":{"line":215,"column":20},"end":{"line":215,"column":45}},"46":{"start":{"line":216,"column":22},"end":{"line":216,"column":67}},"47":{"start":{"line":218,"column":25},"end":{"line":218,"column":64}},"48":{"start":{"line":219,"column":4},"end":{"line":221,"column":5}},"49":{"start":{"line":220,"column":6},"end":{"line":220,"column":41}},"50":{"start":{"line":231,"column":20},"end":{"line":231,"column":40}},"51":{"start":{"line":232,"column":4},"end":{"line":232,"column":143}},"52":{"start":{"line":241,"column":4},"end":{"line":241,"column":32}},"53":{"start":{"line":249,"column":23},"end":{"line":249,"column":95}},"54":{"start":{"line":250,"column":29},"end":{"line":250,"column":81}},"55":{"start":{"line":250,"column":62},"end":{"line":250,"column":80}},"56":{"start":{"line":252,"column":4},"end":{"line":255,"column":5}},"57":{"start":{"line":253,"column":6},"end":{"line":253,"column":56}},"58":{"start":{"line":254,"column":6},"end":{"line":254,"column":13}},"59":{"start":{"line":258,"column":4},"end":{"line":258,"column":55}},"60":{"start":{"line":261,"column":18},"end":{"line":261,"column":66}},"61":{"start":{"line":262,"column":17},"end":{"line":262,"column":57}},"62":{"start":{"line":265,"column":4},"end":{"line":269,"column":5}},"63":{"start":{"line":266,"column":6},"end":{"line":266,"column":69}},"64":{"start":{"line":267,"column":6},"end":{"line":267,"column":28}},"65":{"start":{"line":268,"column":6},"end":{"line":268,"column":13}},"66":{"start":{"line":271,"column":4},"end":{"line":271,"column":65}},"67":{"start":{"line":274,"column":4},"end":{"line":274,"column":48}},"68":{"start":{"line":283,"column":4},"end":{"line":506,"column":5}},"69":{"start":{"line":285,"column":6},"end":{"line":289,"column":7}},"70":{"start":{"line":286,"column":8},"end":{"line":286,"column":37}},"71":{"start":{"line":287,"column":8},"end":{"line":287,"column":29}},"72":{"start":{"line":288,"column":8},"end":{"line":288,"column":15}},"73":{"start":{"line":291,"column":6},"end":{"line":295,"column":7}},"74":{"start":{"line":292,"column":8},"end":{"line":292,"column":37}},"75":{"start":{"line":293,"column":8},"end":{"line":293,"column":32}},"76":{"start":{"line":294,"column":8},"end":{"line":294,"column":15}},"77":{"start":{"line":298,"column":21},"end":{"line":298,"column":86}},"78":{"start":{"line":299,"column":6},"end":{"line":303,"column":7}},"79":{"start":{"line":300,"column":8},"end":{"line":300,"column":37}},"80":{"start":{"line":301,"column":8},"end":{"line":301,"column":31}},"81":{"start":{"line":302,"column":8},"end":{"line":302,"column":15}},"82":{"start":{"line":305,"column":6},"end":{"line":305,"column":62}},"83":{"start":{"line":308,"column":6},"end":{"line":308,"column":59}},"84":{"start":{"line":309,"column":6},"end":{"line":321,"column":9}},"85":{"start":{"line":324,"column":6},"end":{"line":324,"column":46}},"86":{"start":{"line":327,"column":6},"end":{"line":327,"column":50}},"87":{"start":{"line":330,"column":6},"end":{"line":330,"column":28}},"88":{"start":{"line":332,"column":6},"end":{"line":332,"column":45}},"89":{"start":{"line":335,"column":25},"end":{"line":335,"column":29}},"90":{"start":{"line":338,"column":6},"end":{"line":341,"column":7}},"91":{"start":{"line":339,"column":8},"end":{"line":339,"column":100}},"92":{"start":{"line":339,"column":57},"end":{"line":339,"column":97}},"93":{"start":{"line":340,"column":8},"end":{"line":340,"column":82}},"94":{"start":{"line":344,"column":6},"end":{"line":350,"column":7}},"95":{"start":{"line":345,"column":41},"end":{"line":345,"column":76}},"96":{"start":{"line":346,"column":8},"end":{"line":349,"column":9}},"97":{"start":{"line":347,"column":10},"end":{"line":347,"column":50}},"98":{"start":{"line":348,"column":10},"end":{"line":348,"column":84}},"99":{"start":{"line":352,"column":6},"end":{"line":355,"column":7}},"100":{"start":{"line":353,"column":8},"end":{"line":353,"column":37}},"101":{"start":{"line":354,"column":8},"end":{"line":354,"column":45}},"102":{"start":{"line":357,"column":6},"end":{"line":357,"column":117}},"103":{"start":{"line":360,"column":6},"end":{"line":365,"column":7}},"104":{"start":{"line":361,"column":8},"end":{"line":361,"column":67}},"105":{"start":{"line":362,"column":8},"end":{"line":364,"column":9}},"106":{"start":{"line":363,"column":10},"end":{"line":363,"column":67}},"107":{"start":{"line":367,"column":23},"end":{"line":367,"column":25}},"108":{"start":{"line":368,"column":24},"end":{"line":368,"column":25}},"109":{"start":{"line":369,"column":6},"end":{"line":418,"column":7}},"110":{"start":{"line":369,"column":19},"end":{"line":369,"column":20}},"111":{"start":{"line":370,"column":26},"end":{"line":370,"column":39}},"112":{"start":{"line":371,"column":29},"end":{"line":371,"column":66}},"113":{"start":{"line":372,"column":8},"end":{"line":372,"column":66}},"114":{"start":{"line":374,"column":25},"end":{"line":383,"column":10}},"115":{"start":{"line":385,"column":8},"end":{"line":387,"column":9}},"116":{"start":{"line":386,"column":10},"end":{"line":386,"column":59}},"117":{"start":{"line":389,"column":24},"end":{"line":398,"column":9}},"118":{"start":{"line":400,"column":8},"end":{"line":400,"column":31}},"119":{"start":{"line":401,"column":8},"end":{"line":401,"column":49}},"120":{"start":{"line":403,"column":8},"end":{"line":403,"column":79}},"121":{"start":{"line":404,"column":8},"end":{"line":404,"column":77}},"122":{"start":{"line":406,"column":25},"end":{"line":406,"column":62}},"123":{"start":{"line":407,"column":8},"end":{"line":417,"column":11}},"124":{"start":{"line":420,"column":22},"end":{"line":420,"column":26}},"125":{"start":{"line":421,"column":6},"end":{"line":426,"column":24}},"126":{"start":{"line":422,"column":29},"end":{"line":422,"column":103}},"127":{"start":{"line":423,"column":8},"end":{"line":425,"column":9}},"128":{"start":{"line":424,"column":10},"end":{"line":424,"column":40}},"129":{"start":{"line":429,"column":23},"end":{"line":429,"column":60}},"130":{"start":{"line":430,"column":6},"end":{"line":436,"column":9}},"131":{"start":{"line":437,"column":6},"end":{"line":450,"column":9}},"132":{"start":{"line":453,"column":6},"end":{"line":453,"column":45}},"133":{"start":{"line":456,"column":6},"end":{"line":456,"column":29}},"134":{"start":{"line":459,"column":28},"end":{"line":459,"column":73}},"135":{"start":{"line":460,"column":28},"end":{"line":460,"column":87}},"136":{"start":{"line":462,"column":6},"end":{"line":462,"column":35}},"137":{"start":{"line":465,"column":6},"end":{"line":470,"column":7}},"138":{"start":{"line":466,"column":8},"end":{"line":469,"column":10}},"139":{"start":{"line":473,"column":6},"end":{"line":479,"column":9}},"140":{"start":{"line":482,"column":6},"end":{"line":482,"column":38}},"141":{"start":{"line":485,"column":23},"end":{"line":485,"column":60}},"142":{"start":{"line":486,"column":6},"end":{"line":486,"column":54}},"143":{"start":{"line":487,"column":6},"end":{"line":496,"column":9}},"144":{"start":{"line":499,"column":6},"end":{"line":499,"column":41}},"145":{"start":{"line":502,"column":6},"end":{"line":502,"column":35}},"146":{"start":{"line":505,"column":6},"end":{"line":505,"column":67}},"147":{"start":{"line":516,"column":19},"end":{"line":516,"column":43}},"148":{"start":{"line":517,"column":4},"end":{"line":517,"column":34}},"149":{"start":{"line":517,"column":17},"end":{"line":517,"column":34}},"150":{"start":{"line":518,"column":24},"end":{"line":518,"column":60}},"151":{"start":{"line":519,"column":18},"end":{"line":519,"column":61}},"152":{"start":{"line":519,"column":41},"end":{"line":519,"column":60}},"153":{"start":{"line":520,"column":4},"end":{"line":520,"column":37}},"154":{"start":{"line":529,"column":4},"end":{"line":564,"column":5}},"155":{"start":{"line":530,"column":21},"end":{"line":530,"column":86}},"156":{"start":{"line":532,"column":31},"end":{"line":532,"column":68}},"157":{"start":{"line":534,"column":6},"end":{"line":534,"column":87}},"158":{"start":{"line":537,"column":22},"end":{"line":537,"column":65}},"159":{"start":{"line":538,"column":23},"end":{"line":538,"column":90}},"160":{"start":{"line":538,"column":41},"end":{"line":538,"column":89}},"161":{"start":{"line":539,"column":23},"end":{"line":539,"column":62}},"162":{"start":{"line":541,"column":6},"end":{"line":541,"column":75}},"163":{"start":{"line":543,"column":6},"end":{"line":559,"column":9}},"164":{"start":{"line":561,"column":6},"end":{"line":561,"column":33}},"165":{"start":{"line":563,"column":6},"end":{"line":563,"column":43}},"166":{"start":{"line":568,"column":4},"end":{"line":604,"column":5}},"167":{"start":{"line":569,"column":6},"end":{"line":572,"column":7}},"168":{"start":{"line":570,"column":8},"end":{"line":570,"column":51}},"169":{"start":{"line":571,"column":8},"end":{"line":571,"column":15}},"170":{"start":{"line":573,"column":6},"end":{"line":573,"column":87}},"171":{"start":{"line":575,"column":6},"end":{"line":578,"column":7}},"172":{"start":{"line":576,"column":8},"end":{"line":576,"column":42}},"173":{"start":{"line":577,"column":8},"end":{"line":577,"column":15}},"174":{"start":{"line":579,"column":22},"end":{"line":579,"column":65}},"175":{"start":{"line":580,"column":23},"end":{"line":580,"column":88}},"176":{"start":{"line":580,"column":41},"end":{"line":580,"column":87}},"177":{"start":{"line":581,"column":6},"end":{"line":581,"column":80}},"178":{"start":{"line":584,"column":23},"end":{"line":584,"column":62}},"179":{"start":{"line":586,"column":22},"end":{"line":597,"column":7}},"180":{"start":{"line":598,"column":6},"end":{"line":598,"column":128}},"181":{"start":{"line":600,"column":6},"end":{"line":600,"column":54}},"182":{"start":{"line":601,"column":6},"end":{"line":601,"column":34}},"183":{"start":{"line":603,"column":6},"end":{"line":603,"column":44}},"184":{"start":{"line":613,"column":22},"end":{"line":613,"column":39}},"185":{"start":{"line":614,"column":4},"end":{"line":617,"column":5}},"186":{"start":{"line":615,"column":6},"end":{"line":615,"column":73}},"187":{"start":{"line":616,"column":6},"end":{"line":616,"column":13}},"188":{"start":{"line":620,"column":4},"end":{"line":620,"column":79}},"189":{"start":{"line":623,"column":4},"end":{"line":623,"column":62}},"190":{"start":{"line":627,"column":20},"end":{"line":627,"column":58}},"191":{"start":{"line":628,"column":23},"end":{"line":628,"column":86}},"192":{"start":{"line":629,"column":4},"end":{"line":632,"column":5}},"193":{"start":{"line":630,"column":6},"end":{"line":630,"column":36}},"194":{"start":{"line":631,"column":6},"end":{"line":631,"column":13}},"195":{"start":{"line":635,"column":19},"end":{"line":635,"column":107}},"196":{"start":{"line":636,"column":4},"end":{"line":639,"column":5}},"197":{"start":{"line":637,"column":6},"end":{"line":637,"column":36}},"198":{"start":{"line":638,"column":6},"end":{"line":638,"column":13}},"199":{"start":{"line":641,"column":4},"end":{"line":641,"column":76}},"200":{"start":{"line":644,"column":22},"end":{"line":644,"column":101}},"201":{"start":{"line":644,"column":83},"end":{"line":644,"column":95}},"202":{"start":{"line":645,"column":25},"end":{"line":645,"column":63}},"203":{"start":{"line":647,"column":4},"end":{"line":679,"column":5}},"204":{"start":{"line":649,"column":6},"end":{"line":649,"column":51}},"205":{"start":{"line":650,"column":6},"end":{"line":656,"column":9}},"206":{"start":{"line":659,"column":6},"end":{"line":671,"column":9}},"207":{"start":{"line":674,"column":6},"end":{"line":677,"column":8}},"208":{"start":{"line":678,"column":6},"end":{"line":678,"column":13}},"209":{"start":{"line":682,"column":4},"end":{"line":682,"column":48}},"210":{"start":{"line":685,"column":4},"end":{"line":693,"column":7}},"211":{"start":{"line":686,"column":6},"end":{"line":692,"column":7}},"212":{"start":{"line":687,"column":8},"end":{"line":687,"column":68}},"213":{"start":{"line":688,"column":13},"end":{"line":692,"column":7}},"214":{"start":{"line":689,"column":8},"end":{"line":689,"column":66}},"215":{"start":{"line":691,"column":8},"end":{"line":691,"column":66}},"216":{"start":{"line":696,"column":21},"end":{"line":696,"column":58}},"217":{"start":{"line":697,"column":21},"end":{"line":697,"column":70}},"218":{"start":{"line":698,"column":27},"end":{"line":698,"column":43}},"219":{"start":{"line":699,"column":18},"end":{"line":699,"column":35}},"220":{"start":{"line":700,"column":23},"end":{"line":700,"column":89}},"221":{"start":{"line":701,"column":4},"end":{"line":701,"column":82}},"222":{"start":{"line":703,"column":4},"end":{"line":703,"column":71}},"223":{"start":{"line":712,"column":22},"end":{"line":712,"column":62}},"224":{"start":{"line":713,"column":19},"end":{"line":713,"column":84}},"225":{"start":{"line":714,"column":21},"end":{"line":714,"column":74}},"226":{"start":{"line":717,"column":4},"end":{"line":721,"column":6}},"227":{"start":{"line":730,"column":4},"end":{"line":730,"column":59}},"228":{"start":{"line":733,"column":19},"end":{"line":733,"column":84}},"229":{"start":{"line":734,"column":4},"end":{"line":738,"column":5}},"230":{"start":{"line":735,"column":6},"end":{"line":735,"column":37}},"231":{"start":{"line":736,"column":6},"end":{"line":736,"column":29}},"232":{"start":{"line":737,"column":6},"end":{"line":737,"column":13}},"233":{"start":{"line":741,"column":23},"end":{"line":741,"column":69}},"234":{"start":{"line":743,"column":4},"end":{"line":743,"column":58}},"235":{"start":{"line":746,"column":4},"end":{"line":750,"column":5}},"236":{"start":{"line":747,"column":6},"end":{"line":747,"column":51}},"237":{"start":{"line":748,"column":6},"end":{"line":748,"column":28}},"238":{"start":{"line":749,"column":6},"end":{"line":749,"column":13}},"239":{"start":{"line":753,"column":4},"end":{"line":753,"column":58}},"240":{"start":{"line":756,"column":4},"end":{"line":763,"column":5}},"241":{"start":{"line":757,"column":6},"end":{"line":762,"column":7}},"242":{"start":{"line":758,"column":8},"end":{"line":758,"column":75}},"243":{"start":{"line":759,"column":8},"end":{"line":759,"column":74}},"244":{"start":{"line":761,"column":8},"end":{"line":761,"column":50}},"245":{"start":{"line":766,"column":4},"end":{"line":769,"column":5}},"246":{"start":{"line":767,"column":6},"end":{"line":767,"column":44}},"247":{"start":{"line":768,"column":6},"end":{"line":768,"column":63}},"248":{"start":{"line":772,"column":4},"end":{"line":772,"column":42}},"249":{"start":{"line":781,"column":19},"end":{"line":784,"column":5}},"250":{"start":{"line":786,"column":18},"end":{"line":786,"column":30}},"251":{"start":{"line":787,"column":4},"end":{"line":787,"column":23}},"252":{"start":{"line":787,"column":16},"end":{"line":787,"column":23}},"253":{"start":{"line":789,"column":16},"end":{"line":789,"column":46}},"254":{"start":{"line":790,"column":4},"end":{"line":793,"column":5}},"255":{"start":{"line":791,"column":6},"end":{"line":791,"column":53}},"256":{"start":{"line":792,"column":6},"end":{"line":792,"column":13}},"257":{"start":{"line":795,"column":21},"end":{"line":795,"column":51}},"258":{"start":{"line":796,"column":21},"end":{"line":796,"column":51}},"259":{"start":{"line":799,"column":4},"end":{"line":799,"column":85}},"260":{"start":{"line":800,"column":4},"end":{"line":800,"column":25}},"261":{"start":{"line":803,"column":4},"end":{"line":832,"column":5}},"262":{"start":{"line":805,"column":8},"end":{"line":805,"column":38}},"263":{"start":{"line":806,"column":8},"end":{"line":806,"column":36}},"264":{"start":{"line":807,"column":8},"end":{"line":807,"column":79}},"265":{"start":{"line":807,"column":22},"end":{"line":807,"column":79}},"266":{"start":{"line":808,"column":8},"end":{"line":808,"column":86}},"267":{"start":{"line":808,"column":22},"end":{"line":808,"column":86}},"268":{"start":{"line":809,"column":8},"end":{"line":809,"column":14}},"269":{"start":{"line":812,"column":8},"end":{"line":812,"column":44}},"270":{"start":{"line":813,"column":8},"end":{"line":813,"column":42}},"271":{"start":{"line":814,"column":8},"end":{"line":814,"column":29}},"272":{"start":{"line":815,"column":8},"end":{"line":815,"column":49}},"273":{"start":{"line":815,"column":22},"end":{"line":815,"column":49}},"274":{"start":{"line":816,"column":8},"end":{"line":816,"column":54}},"275":{"start":{"line":816,"column":22},"end":{"line":816,"column":
[...]
,"/Users/zqs/Downloads/project/ThinkCraft/frontend/js/utils/helpers.js": {"path":"/Users/zqs/Downloads/project/ThinkCraft/frontend/js/utils/helpers.js","statementMap":{"0":{"start":{"line":11,"column":2},"end":{"line":11,"column":33}},"1":{"start":{"line":12,"column":2},"end":{"line":12,"column":70}},"2":{"start":{"line":21,"column":20},"end":{"line":21,"column":60}},"3":{"start":{"line":22,"column":2},"end":{"line":22,"column":25}},"4":{"start":{"line":22,"column":18},"end":{"line":22,"column":25}},"5":{"start":{"line":25,"column":23},"end":{"line":25,"column":97}},"6":{"start":{"line":28,"column":2},"end":{"line":30,"column":3}},"7":{"start":{"line":29,"column":4},"end":{"line":29,"column":49}},"8":{"start":{"line":38,"column":20},"end":{"line":38,"column":60}},"9":{"start":{"line":39,"column":2},"end":{"line":41,"column":3}},"10":{"start":{"line":40,"column":4},"end":{"line":40,"column":49}},"11":{"start":{"line":48,"column":16},"end":{"line":48,"column":52}},"12":{"start":{"line":49,"column":2},"end":{"line":51,"column":3}},"13":{"start":{"line":50,"column":4},"end":{"line":50,"column":18}},"14":{"start":{"line":60,"column":2},"end":{"line":60,"column":57}},"15":{"start":{"line":60,"column":32},"end":{"line":60,"column":55}},"16":{"start":{"line":69,"column":2},"end":{"line":74,"column":3}},"17":{"start":{"line":70,"column":4},"end":{"line":70,"column":46}},"18":{"start":{"line":71,"column":4},"end":{"line":71,"column":24}},"19":{"start":{"line":73,"column":4},"end":{"line":73,"column":26}},"20":{"start":{"line":83,"column":12},"end":{"line":83,"column":60}},"21":{"start":{"line":84,"column":2},"end":{"line":90,"column":5}},"22":{"start":{"line":98,"column":2},"end":{"line":101,"column":5}},"23":{"start":{"line":109,"column":2},"end":{"line":109,"column":68}},"24":{"start":{"line":116,"column":2},"end":{"line":119,"column":5}},"25":{"start":{"line":117,"column":4},"end":{"line":117,"column":36}},"26":{"start":{"line":118,"column":4},"end":{"line":118,"column":26}},"27":{"start":{"line":120,"column":2},"end":{"line":122,"column":5}},"28":{"start":{"line":121,"column":4},"end":{"line":121,"column":39}},"29":{"start":{"line":130,"column":15},"end":{"line":130,"column":56}},"30":{"start":{"line":131,"column":2},"end":{"line":134,"column":3}},"31":{"start":{"line":132,"column":4},"end":{"line":132,"column":36}},"32":{"start":{"line":133,"column":4},"end":{"line":133,"column":26}},"33":{"start":{"line":135,"column":2},"end":{"line":137,"column":5}},"34":{"start":{"line":136,"column":4},"end":{"line":136,"column":39}},"35":{"start":{"line":141,"column":17},"end":{"line":141,"column":30}},"36":{"start":{"line":142,"column":21},"end":{"line":142,"column":95}},"37":{"start":{"line":143,"column":2},"end":{"line":145,"column":3}},"38":{"start":{"line":144,"column":4},"end":{"line":144,"column":11}},"39":{"start":{"line":146,"column":19},"end":{"line":146,"column":85}},"40":{"start":{"line":147,"column":18},"end":{"line":147,"column":80}},"41":{"start":{"line":148,"column":2},"end":{"line":152,"column":3}},"42":{"start":{"line":149,"column":4},"end":{"line":149,"column":30}},"43":{"start":{"line":150,"column":9},"end":{"line":152,"column":3}},"44":{"start":{"line":151,"column":4},"end":{"line":151,"column":18}},"45":{"start":{"line":160,"column":2},"end":{"line":162,"column":3}},"46":{"start":{"line":161,"column":4},"end":{"line":161,"column":32}},"47":{"start":{"line":170,"column":2},"end":{"line":170,"column":100}},"48":{"start":{"line":179,"column":2},"end":{"line":179,"column":83}},"49":{"start":{"line":190,"column":2},"end":{"line":192,"column":3}},"50":{"start":{"line":191,"column":4},"end":{"line":191,"column":16}},"51":{"start":{"line":193,"column":2},"end":{"line":193,"column":47}}},"fnMap":{"0":{"name":"autoResize","decl":{"start":{"line":10,"column":16},"end":{"line":10,"column":26}},"loc":{"start":{"line":10,"column":37},"end":{"line":13,"column":1}},"line":10},"1":{"name":"scrollToBottom","decl":{"start":{"line":20,"column":16},"end":{"line":20,"column":30}},"loc":{"start":{"line":20,"column":33},"end":{"line":32,"column":1}},"line":20},"2":{"name":"forceScrollToBottom","decl":{"start":{"line":37,"column":16},"end":{"line":37,"column":35}},"loc":{"start":{"line":37,"column":38},"end":{"line":42,"column":1}},"line":37},"3":{"name":"focusInput","decl":{"start":{"line":47,"column":16},"end":{"line":47,"column":26}},"loc":{"start":{"line":47,"column":29},"end":{"line":52,"column":1}},"line":47},"4":{"name":"sleep","decl":{"start":{"line":59,"column":16},"end":{"line":59,"column":21}},"loc":{"start":{"line":59,"column":26},"end":{"line":61,"column":1}},"line":59},"5":{"name":"(anonymous_5)","decl":{"start":{"line":60,"column":21},"end":{"line":60,"column":22}},"loc":{"start":{"line":60,"column":32},"end":{"line":60,"column":55}},"line":60},"6":{"name":"copyToClipboard","decl":{"start":{"line":68,"column":22},"end":{"line":68,"column":37}},"loc":{"start":{"line":68,"column":44},"end":{"line":75,"column":1}},"line":68},"7":{"name":"formatDateTime","decl":{"start":{"line":82,"column":16},"end":{"line":82,"column":30}},"loc":{"start":{"line":82,"column":37},"end":{"line":91,"column":1}},"line":82},"8":{"name":"formatTime","decl":{"start":{"line":97,"column":16},"end":{"line":97,"column":26}},"loc":{"start":{"line":97,"column":29},"end":{"line":102,"column":1}},"line":97},"9":{"name":"generateId","decl":{"start":{"line":108,"column":16},"end":{"line":108,"column":26}},"loc":{"start":{"line":108,"column":29},"end":{"line":110,"column":1}},"line":108},"10":{"name":"closeAllChatMenus","decl":{"start":{"line":115,"column":16},"end":{"line":115,"column":33}},"loc":{"start":{"line":115,"column":36},"end":{"line":123,"column":1}},"line":115},"11":{"name":"(anonymous_11)","decl":{"start":{"line":116,"column":55},"end":{"line":116,"column":56}},"loc":{"start":{"line":116,"column":63},"end":{"line":119,"column":3}},"line":116},"12":{"name":"(anonymous_12)","decl":{"start":{"line":120,"column":60},"end":{"line":120,"column":61}},"loc":{"start":{"line":120,"column":68},"end":{"line":122,"column":3}},"line":120},"13":{"name":"closeChatMenu","decl":{"start":{"line":129,"column":16},"end":{"line":129,"column":29}},"loc":{"start":{"line":129,"column":38},"end":{"line":138,"column":1}},"line":129},"14":{"name":"(anonymous_14)","decl":{"start":{"line":135,"column":60},"end":{"line":135,"column":61}},"loc":{"start":{"line":135,"column":68},"end":{"line":137,"column":3}},"line":135},"15":{"name":"restoreChatMenu","decl":{"start":{"line":140,"column":9},"end":{"line":140,"column":24}},"loc":{"start":{"line":140,"column":31},"end":{"line":153,"column":1}},"line":140},"16":{"name":"vibrate","decl":{"start":{"line":159,"column":16},"end":{"line":159,"column":23}},"loc":{"start":{"line":159,"column":39},"end":{"line":163,"column":1}},"line":159},"17":{"name":"isMobile","decl":{"start":{"line":169,"column":16},"end":{"line":169,"column":24}},"loc":{"start":{"line":169,"column":27},"end":{"line":171,"column":1}},"line":169},"18":{"name":"getFileExtension","decl":{"start":{"line":178,"column":16},"end":{"line":178,"column":32}},"loc":{"start":{"line":178,"column":43},"end":{"line":180,"column":1}},"line":178},"19":{"name":"truncateText","decl":{"start":{"line":189,"column":16},"end":{"line":189,"column":28}},"loc":{"start":{"line":189,"column":62},"end":{"line":194,"column":1}},"line":189}},"branchMap":{"0":{"loc":{"start":{"line":22,"column":2},"end":{"line":22,"column":25}},"type":"if","locations":[{"start":{"line":22,"column":2},"end":{"line":22,"column":25}},{"start":{},"end":{}}],"line":22},"1":{"loc":{"start":{"line":28,"column":2},"end":{"line":30,"column":3}},"type":"if","locations":[{"start":{"line":28,"column":2},"end":{"line":30,"column":3}},{"start":{},"end":{}}],"line":28},"2":{"loc":{"start":{"line":39,"column":2},"end":{"line":41,"column":3}},"type":"if","locations":[{"start":{"line":39,"column":2},"end":{"line":41,"column":3}},{"start":{},"end":{}}],"line":39},"3":{"loc":{"start":{"line":49,"column":2},"end":{"line":51,"column":3}},"type":"if","locations":[{"start":{"line":49,"column":2},"end":{"line":51,"column":3}},{"start":{},"end":{}}],"line":49},"4":{"loc":{"start":{"line":83,"column":12},"end":{"line":83,"column":60}},"type":"cond-expr","locations":[{"start":{"line":83,"column":39},"end":{"line":83,"column":53}},{"start":{"line":83,"column":56},"end":{"line":83,"column":60}}],"line":83},"5":{"loc":{"start":{"line":131,"column":2},"end":{"line":134,"column":3}},"type":"if","locations":[{"start":{"line":131,"column":2},"end":{"line":134,"column":3}},{"start":{},"end":{}}],"line":131},"6":{"loc":{"start":{"line":141,"column":17},"end":{"line":141,"column":30}},"type":"binary-expr","locations":[{"start":{"line":141,"column":17},"end":{"line":141,"column":24}},{"start":{"line":141,"column":28},"end":{"line":141,"column":30}}],"line":141},"7":{"loc":{"start":{"line":142,"column":21},"end":{"line":142,"column":95}},"type":"binary-expr","locations":[{"start":{"line":142,"column":21},"end":{"line":142,"column":40}},{"start":{"line":142,"column":45},"end":{"line":142,"column":94}}],"line":142},"8":{"loc":{"start":{"line":142,"column":45},"end":{"line":142,"column":94}},"type":"cond-expr","locations":[{"start":{"line":142,"column":74},"end":{"line":142,"column":89}},{"start":{"line":142,"column":92},"end":{"line":142,"column":94}}],"line":142},"9":{"loc":{"start":{"line":143,"column":2},"end":{"line":145,"column":3}},"type":"if","locations":[{"start":{"line":143,"column":2},"end":{"line":145,"column":3}},{"start":{},"end":{}}],"line":143},"10":{"loc":{"start":{"line":147,"column":18},"end":{"line":147,"column":80}},"type":"cond-expr","locations":[{"start":{"line":147,"column":29},"end":{"line":147,"column":73}},{"start":{"line":147,"column":76},"end":{"line":147,"column":80}}],"line":147},"11":{"loc":{"start":{"line":148,"column":2},"end":{"line":152,"column":3}},"type":"if","locations":[{"start":{"line":148,"column":2},"end":{"line":152,"column":3}},{"start":{"line":150,"column":9},"end":{"line":152,"column":3}}],"line":148},"12":{"loc":{"start":{"line":148,"column":6},"end":{"line":148,"column":47}},"type":"binary-expr","locations":[{"start":{"line":148,"column":6},"end":{"line":148,"column":13}},{"start":{"line":148,"column":17},"end":{"line":148,"column":47}}],"line":148},"13":{"loc":{"start":{"line":150,"column":9},"end":{"line":152,"column":3}},"type":"if","locations":[{"start":{"line":150,"column":9},"end":{"line":152,"column":3}},{"start":{},"end":{}}],"line":150},"14":{"loc":{"start":{"line":150,"column":13},"end":{"line":150,"column":61}},"type":"binary-expr","locations":[{"start":{"line":150,"column":13},"end":{"line":150,"column":21}},{"start":{"line":150,"column":25},"end":{"line":150,"column":61}}],"line":150},"15":{"loc":{"start":{"line":159,"column":24},"end":{"line":159,"column":37}},"type":"default-arg","locations":[{"start":{"line":159,"column":35},"end":{"line":159,"column":37}}],"line":159},"16":{"loc":{"start":{"line":160,"column":2},"end":{"line":162,"column":3}},"type":"if","locations":[{"start":{"line":160,"column":2},"end":{"line":162,"column":3}},{"start":{},"end":{}}],"line":160},"17":{"loc":{"start":{"line":189,"column":46},"end":{"line":189,"column":60}},"type":"default-arg","locations":[{"start":{"line":189,"column":55},"end":{"line":189,"column":60}}],"line":189},"18":{"loc":{"start":{"line":190,"column":2},"end":{"line":192,"column":3}},"type":"if","locations":[{"start":{"line":190,"column":2},"end":{"line":192,"column":3}},{"start":{},"end":{}}],"line":190},"19":{"loc":{"start":{"line":190,"column":6},"end":{"line":190,"column":39}},"type":"binary-expr","locations":[{"start":{"line":190,"column":6},"end":{"line":190,"column":11}},{"start":{"line":190,"column":15},"end":{"line":190,"column":39}}],"line":190}},"s":{"0":2,"1":2,"2":2,"3":2,"4":1,"5":1,"6":1,"7":1,"8":2,"9":2,"10":1,"11":2,"12":2,"13":1,"14":1,"15":1,"16":2,"17":2,"18":1,"19":1,"20":2,"21":2,"22":1,"23":4,"24":1,"25":2,"26":2,"27":1,"28":2,"29":2,"30":2,"31":1,"32":1,"33":2,"34":2,"35":3,"36":3,"37":3,"38":0,"39":3,"40":3,"41":3,"42":0,"43":3,"44":0,"45":2,"46":2,"47":2,"48":5,"49":5,"50":3,"51":2},"f":{"0":2,"1":2,"2":2,"3":2,"4":1,"5":1,"6":2,"7":2,"8":1,"9":4,"10":1,"11":2,"12":2,"13":2,"14":2,"15":3,"16":2,"17":2,"18":5,"19":5},"b":{"0":[1,1],"1":[1,0],"2":[1,1],"3":[1,1],"4":[1,1],"5":[1,1],"6":[3,0],"7":[3,0],"8":[0,0],"9":[0,3],"10":[3,0],"11":[0,3],"12":[3,3],"13":[0,3],"14":[3,0],"15":[1],"16":[2,0],"17":[4],"18":[3,2],"19":[5,3]},"_coverageSchema":"1a1c01bbd47fc00a2c39e90264f33305004495a9","hash":"951070445161b64b9e47706aeba8391a4297afd4"}
,"/Users/zqs/Downloads/project/ThinkCraft/frontend/js/utils/icons.js": {"path":"/Users/zqs/Downloads/project/ThinkCraft/frontend/js/utils/icons.js","statementMap":{"0":{"start":{"line":15,"column":4},"end":{"line":19,"column":6}},"1":{"start":{"line":30,"column":4},"end":{"line":34,"column":6}},"2":{"start":{"line":32,"column":29},"end":{"line":32,"column":111}},"3":{"start":{"line":43,"column":18},"end":{"line":43,"column":35}},"4":{"start":{"line":44,"column":4},"end":{"line":44,"column":44}},"5":{"start":{"line":44,"column":29},"end":{"line":44,"column":44}},"6":{"start":{"line":45,"column":4},"end":{"line":45,"column":60}},"7":{"start":{"line":45,"column":47},"end":{"line":45,"column":60}},"8":{"start":{"line":46,"column":4},"end":{"line":46,"column":47}},"9":{"start":{"line":46,"column":32},"end":{"line":46,"column":47}},"10":{"start":{"line":47,"column":4},"end":{"line":47,"column":47}},"11":{"start":{"line":47,"column":32},"end":{"line":47,"column":47}},"12":{"start":{"line":48,"column":4},"end":{"line":48,"column":51}},"13":{"start":{"line":48,"column":35},"end":{"line":48,"column":51}},"14":{"start":{"line":49,"column":4},"end":{"line":49,"column":45}},"15":{"start":{"line":49,"column":29},"end":{"line":49,"column":45}},"16":{"start":{"line":50,"column":4},"end":{"line":50,"column":51}},"17":{"start":{"line":50,"column":32},"end":{"line":50,"column":51}},"18":{"start":{"line":51,"column":4},"end":{"line":51,"column":48}},"19":{"start":{"line":51,"column":29},"end":{"line":51,"column":48}},"20":{"start":{"line":52,"column":4},"end":{"line":52,"column":47}},"21":{"start":{"line":52,"column":29},"end":{"line":52,"column":47}},"22":{"start":{"line":53,"column":4},"end":{"line":53,"column":45}},"23":{"start":{"line":53,"column":29},"end":{"line":53,"column":45}},"24":{"start":{"line":54,"column":4},"end":{"line":54,"column":46}},"25":{"start":{"line":54,"column":29},"end":{"line":54,"column":46}},"26":{"start":{"line":55,"column":4},"end":{"line":55,"column":21}},"27":{"start":{"line":66,"column":20},"end":{"line":66,"column":44}},"28":{"start":{"line":67,"column":18},"end":{"line":104,"column":5}},"29":{"start":{"line":106,"column":4},"end":{"line":106,"column":74}}},"fnMap":{"0":{"name":"getDefaultIconSvg","decl":{"start":{"line":14,"column":9},"end":{"line":14,"column":26}},"loc":{"start":{"line":14,"column":64},"end":{"line":20,"column":1}},"line":14},"1":{"name":"buildIconSvg","decl":{"start":{"line":29,"column":9},"end":{"line":29,"column":21}},"loc":{"start":{"line":29,"column":46},"end":{"line":35,"column":1}},"line":29},"2":{"name":"(anonymous_2)","decl":{"start":{"line":32,"column":24},"end":{"line":32,"column":25}},"loc":{"start":{"line":32,"column":29},"end":{"line":32,"column":111}},"line":32},"3":{"name":"resolveAgentIconKey","decl":{"start":{"line":42,"column":9},"end":{"line":42,"column":28}},"loc":{"start":{"line":42,"column":34},"end":{"line":56,"column":1}},"line":42},"4":{"name":"getAgentIconSvg","decl":{"start":{"line":65,"column":9},"end":{"line":65,"column":24}},"loc":{"start":{"line":65,"column":74},"end":{"line":107,"column":1}},"line":65}},"branchMap":{"0":{"loc":{"start":{"line":14,"column":27},"end":{"line":14,"column":36}},"type":"default-arg","locations":[{"start":{"line":14,"column":34},"end":{"line":14,"column":36}}],"line":14},"1":{"loc":{"start":{"line":14,"column":38},"end":{"line":14,"column":62}},"type":"default-arg","locations":[{"start":{"line":14,"column":50},"end":{"line":14,"column":62}}],"line":14},"2":{"loc":{"start":{"line":43,"column":25},"end":{"line":43,"column":34}},"type":"binary-expr","locations":[{"start":{"line":43,"column":25},"end":{"line":43,"column":28}},{"start":{"line":43,"column":32},"end":{"line":43,"column":34}}],"line":43},"3":{"loc":{"start":{"line":44,"column":4},"end":{"line":44,"column":44}},"type":"if","locations":[{"start":{"line":44,"column":4},"end":{"line":44,"column":44}},{"start":{},"end":{}}],"line":44},"4":{"loc":{"start":{"line":45,"column":4},"end":{"line":45,"column":60}},"type":"if","locations":[{"start":{"line":45,"column":4},"end":{"line":45,"column":60}},{"start":{},"end":{}}],"line":45},"5":{"loc":{"start":{"line":46,"column":4},"end":{"line":46,"column":47}},"type":"if","locations":[{"start":{"line":46,"column":4},"end":{"line":46,"column":47}},{"start":{},"end":{}}],"line":46},"6":{"loc":{"start":{"line":47,"column":4},"end":{"line":47,"column":47}},"type":"if","locations":[{"start":{"line":47,"column":4},"end":{"line":47,"column":47}},{"start":{},"end":{}}],"line":47},"7":{"loc":{"start":{"line":48,"column":4},"end":{"line":48,"column":51}},"type":"if","locations":[{"start":{"line":48,"column":4},"end":{"line":48,"column":51}},{"start":{},"end":{}}],"line":48},"8":{"loc":{"start":{"line":49,"column":4},"end":{"line":49,"column":45}},"type":"if","locations":[{"start":{"line":49,"column":4},"end":{"line":49,"column":45}},{"start":{},"end":{}}],"line":49},"9":{"loc":{"start":{"line":50,"column":4},"end":{"line":50,"column":51}},"type":"if","locations":[{"start":{"line":50,"column":4},"end":{"line":50,"column":51}},{"start":{},"end":{}}],"line":50},"10":{"loc":{"start":{"line":51,"column":4},"end":{"line":51,"column":48}},"type":"if","locations":[{"start":{"line":51,"column":4},"end":{"line":51,"column":48}},{"start":{},"end":{}}],"line":51},"11":{"loc":{"start":{"line":52,"column":4},"end":{"line":52,"column":47}},"type":"if","locations":[{"start":{"line":52,"column":4},"end":{"line":52,"column":47}},{"start":{},"end":{}}],"line":52},"12":{"loc":{"start":{"line":53,"column":4},"end":{"line":53,"column":45}},"type":"if","locations":[{"start":{"line":53,"column":4},"end":{"line":53,"column":45}},{"start":{},"end":{}}],"line":53},"13":{"loc":{"start":{"line":54,"column":4},"end":{"line":54,"column":46}},"type":"if","locations":[{"start":{"line":54,"column":4},"end":{"line":54,"column":46}},{"start":{},"end":{}}],"line":54},"14":{"loc":{"start":{"line":65,"column":30},"end":{"line":65,"column":39}},"type":"default-arg","locations":[{"start":{"line":65,"column":37},"end":{"line":65,"column":39}}],"line":65},"15":{"loc":{"start":{"line":65,"column":41},"end":{"line":65,"column":72}},"type":"default-arg","locations":[{"start":{"line":65,"column":53},"end":{"line":65,"column":72}}],"line":65},"16":{"loc":{"start":{"line":106,"column":24},"end":{"line":106,"column":55}},"type":"binary-expr","locations":[{"start":{"line":106,"column":24},"end":{"line":106,"column":38}},{"start":{"line":106,"column":42},"end":{"line":106,"column":55}}],"line":106}},"s":{"0":6,"1":30,"2":61,"3":55,"4":55,"5":9,"6":46,"7":9,"8":37,"9":4,"10":33,"11":4,"12":29,"13":4,"14":25,"15":3,"16":22,"17":4,"18":18,"19":3,"20":15,"21":3,"22":12,"23":0,"24":12,"25":3,"26":9,"27":23,"28":23,"29":23},"f":{"0":6,"1":30,"2":61,"3":55,"4":23},"b":{"0":[4],"1":[5],"2":[55,5],"3":[9,46],"4":[9,37],"5":[4,33],"6":[4,29],"7":[4,25],"8":[3,22],"9":[4,18],"10":[3,15],"11":[3,12],"12":[0,12],"13":[3,9],"14":[21],"15":[22],"16":[23,0]},"_coverageSchema":"1a1c01bbd47fc00a2c39e90264f33305004495a9","hash":"64cfedcaadbb57dd4599dfcc14c3c4b3c2f69b9a"}
}
