TN:
SF:frontend/js/modules/agent-collaboration.js
FN:5,(anonymous_0)
FN:14,(anonymous_1)
FN:23,(anonymous_2)
FN:25,(anonymous_3)
FN:26,(anonymous_4)
FN:31,(anonymous_5)
FN:42,(anonymous_6)
FN:57,(anonymous_7)
FN:59,(anonymous_8)
FN:60,(anonymous_9)
FN:78,(anonymous_10)
FN:92,(anonymous_11)
FN:113,(anonymous_12)
FN:119,(anonymous_13)
FN:132,(anonymous_14)
FN:141,(anonymous_15)
FN:150,(anonymous_16)
FN:174,(anonymous_17)
FN:187,(anonymous_18)
FN:216,(anonymous_19)
FN:226,(anonymous_20)
FN:344,(anonymous_21)
FN:349,(anonymous_22)
FN:354,(anonymous_23)
FN:357,(anonymous_24)
FN:364,(anonymous_25)
FN:380,(anonymous_26)
FN:387,(anonymous_27)
FN:443,(anonymous_28)
FN:449,(anonymous_29)
FN:462,(anonymous_30)
FN:502,(anonymous_31)
FN:510,(anonymous_32)
FN:519,(anonymous_33)
FN:526,(anonymous_34)
FN:527,(anonymous_35)
FN:530,(anonymous_36)
FN:546,(anonymous_37)
FN:547,(anonymous_38)
FNF:39
FNH:0
FNDA:0,(anonymous_0)
FNDA:0,(anonymous_1)
FNDA:0,(anonymous_2)
FNDA:0,(anonymous_3)
FNDA:0,(anonymous_4)
FNDA:0,(anonymous_5)
FNDA:0,(anonymous_6)
FNDA:0,(anonymous_7)
FNDA:0,(anonymous_8)
FNDA:0,(anonymous_9)
FNDA:0,(anonymous_10)
FNDA:0,(anonymous_11)
FNDA:0,(anonymous_12)
FNDA:0,(anonymous_13)
FNDA:0,(anonymous_14)
FNDA:0,(anonymous_15)
FNDA:0,(anonymous_16)
FNDA:0,(anonymous_17)
FNDA:0,(anonymous_18)
FNDA:0,(anonymous_19)
FNDA:0,(anonymous_20)
FNDA:0,(anonymous_21)
FNDA:0,(anonymous_22)
FNDA:0,(anonymous_23)
FNDA:0,(anonymous_24)
FNDA:0,(anonymous_25)
FNDA:0,(anonymous_26)
FNDA:0,(anonymous_27)
FNDA:0,(anonymous_28)
FNDA:0,(anonymous_29)
FNDA:0,(anonymous_30)
FNDA:0,(anonymous_31)
FNDA:0,(anonymous_32)
FNDA:0,(anonymous_33)
FNDA:0,(anonymous_34)
FNDA:0,(anonymous_35)
FNDA:0,(anonymous_36)
FNDA:0,(anonymous_37)
FNDA:0,(anonymous_38)
DA:7,0
DA:10,0
DA:11,0
DA:15,0
DA:24,0
DA:25,0
DA:26,0
DA:32,0
DA:33,0
DA:35,0
DA:36,0
DA:37,0
DA:39,0
DA:43,0
DA:48,0
DA:49,0
DA:50,0
DA:51,0
DA:54,0
DA:58,0
DA:59,0
DA:60,0
DA:65,0
DA:66,0
DA:69,0
DA:70,0
DA:71,0
DA:72,0
DA:73,0
DA:75,0
DA:79,0
DA:80,0
DA:81,0
DA:83,0
DA:84,0
DA:85,0
DA:86,0
DA:87,0
DA:89,0
DA:93,0
DA:95,0
DA:97,0
DA:100,0
DA:102,0
DA:106,0
DA:114,0
DA:115,0
DA:116,0
DA:120,0
DA:121,0
DA:123,0
DA:124,0
DA:125,0
DA:126,0
DA:128,0
DA:133,0
DA:134,0
DA:136,0
DA:137,0
DA:142,0
DA:143,0
DA:144,0
DA:146,0
DA:151,0
DA:152,0
DA:153,0
DA:154,0
DA:157,0
DA:158,0
DA:162,0
DA:163,0
DA:168,0
DA:169,0
DA:170,0
DA:175,0
DA:176,0
DA:177,0
DA:178,0
DA:179,0
DA:182,0
DA:183,0
DA:188,0
DA:217,0
DA:218,0
DA:219,0
DA:220,0
DA:222,0
DA:223,0
DA:227,0
DA:228,0
DA:231,0
DA:232,0
DA:233,0
DA:234,0
DA:238,0
DA:239,0
DA:240,0
DA:241,0
DA:242,0
DA:243,0
DA:244,0
DA:251,0
DA:260,0
DA:265,0
DA:270,0
DA:274,0
DA:275,0
DA:279,0
DA:314,0
DA:316,0
DA:320,0
DA:322,0
DA:323,0
DA:324,0
DA:326,0
DA:327,0
DA:328,0
DA:329,0
DA:331,0
DA:332,0
DA:344,0
DA:345,0
DA:347,0
DA:349,0
DA:350,0
DA:354,0
DA:355,0
DA:357,0
DA:358,0
DA:374,0
DA:375,0
DA:380,0
DA:387,0
DA:388,0
DA:389,0
DA:390,0
DA:392,0
DA:393,0
DA:396,0
DA:397,0
DA:398,0
DA:407,0
DA:408,0
DA:409,0
DA:410,0
DA:411,0
DA:412,0
DA:415,0
DA:418,0
DA:420,0
DA:422,0
DA:425,0
DA:426,0
DA:428,0
DA:429,0
DA:431,0
DA:432,0
DA:433,0
DA:434,0
DA:435,0
DA:437,0
DA:438,0
DA:444,0
DA:445,0
DA:446,0
DA:448,0
DA:450,0
DA:451,0
DA:452,0
DA:454,0
DA:457,0
DA:458,0
DA:463,0
DA:467,0
DA:470,0
DA:471,0
DA:472,0
DA:475,0
DA:478,0
DA:503,0
DA:504,0
DA:505,0
DA:507,0
DA:511,0
DA:512,0
DA:514,0
DA:515,0
DA:516,0
DA:518,0
DA:519,0
DA:520,0
DA:521,0
DA:522,0
DA:526,0
DA:527,0
DA:531,0
DA:532,0
DA:533,0
DA:536,0
DA:538,0
DA:541,0
DA:544,0
DA:545,0
DA:546,0
DA:547,0
DA:549,0
DA:551,0
DA:552,0
DA:553,0
DA:555,0
DA:562,0
DA:568,0
DA:569,0
DA:576,0
DA:579,0
DA:580,0
DA:581,0
DA:582,0
DA:586,0
DA:587,0
DA:592,0
DA:593,0
DA:598,0
DA:599,0
LF:224
LH:0
BRDA:7,0,0,0
BRDA:7,0,1,0
BRDA:7,1,0,0
BRDA:7,1,1,0
BRDA:10,2,0,0
BRDA:10,2,1,0
BRDA:15,3,0,0
BRDA:15,3,1,0
BRDA:23,4,0,0
BRDA:25,5,0,0
BRDA:25,5,1,0
BRDA:26,6,0,0
BRDA:26,6,1,0
BRDA:32,7,0,0
BRDA:32,7,1,0
BRDA:32,8,0,0
BRDA:32,8,1,0
BRDA:36,9,0,0
BRDA:36,9,1,0
BRDA:50,10,0,0
BRDA:50,10,1,0
BRDA:50,11,0,0
BRDA:50,11,1,0
BRDA:57,12,0,0
BRDA:59,13,0,0
BRDA:59,13,1,0
BRDA:65,14,0,0
BRDA:65,14,1,0
BRDA:70,15,0,0
BRDA:70,15,1,0
BRDA:72,16,0,0
BRDA:72,16,1,0
BRDA:78,17,0,0
BRDA:79,18,0,0
BRDA:79,18,1,0
BRDA:80,19,0,0
BRDA:80,19,1,0
BRDA:84,20,0,0
BRDA:84,20,1,0
BRDA:86,21,0,0
BRDA:86,21,1,0
BRDA:95,22,0,0
BRDA:95,22,1,0
BRDA:95,23,0,0
BRDA:95,23,1,0
BRDA:96,24,0,0
BRDA:96,24,1,0
BRDA:97,25,0,0
BRDA:97,25,1,0
BRDA:98,26,0,0
BRDA:98,26,1,0
BRDA:98,26,2,0
BRDA:99,27,0,0
BRDA:99,27,1,0
BRDA:99,27,2,0
BRDA:102,28,0,0
BRDA:102,28,1,0
BRDA:102,28,2,0
BRDA:102,28,3,0
BRDA:103,29,0,0
BRDA:103,29,1,0
BRDA:114,30,0,0
BRDA:114,30,1,0
BRDA:114,31,0,0
BRDA:114,31,1,0
BRDA:115,32,0,0
BRDA:115,32,1,0
BRDA:120,33,0,0
BRDA:120,33,1,0
BRDA:120,34,0,0
BRDA:120,34,1,0
BRDA:125,35,0,0
BRDA:125,35,1,0
BRDA:133,36,0,0
BRDA:133,36,1,0
BRDA:133,37,0,0
BRDA:133,37,1,0
BRDA:142,38,0,0
BRDA:142,38,1,0
BRDA:150,39,0,0
BRDA:153,40,0,0
BRDA:153,40,1,0
BRDA:157,41,0,0
BRDA:157,41,1,0
BRDA:158,42,0,0
BRDA:158,42,1,0
BRDA:164,43,0,0
BRDA:164,43,1,0
BRDA:168,44,0,0
BRDA:168,44,1,0
BRDA:169,45,0,0
BRDA:169,45,1,0
BRDA:170,46,0,0
BRDA:170,46,1,0
BRDA:177,47,0,0
BRDA:177,47,1,0
BRDA:182,48,0,0
BRDA:182,48,1,0
BRDA:188,49,0,0
BRDA:188,49,1,0
BRDA:217,50,0,0
BRDA:217,50,1,0
BRDA:219,51,0,0
BRDA:219,51,1,0
BRDA:219,52,0,0
BRDA:219,52,1,0
BRDA:226,53,0,0
BRDA:226,54,0,0
BRDA:227,55,0,0
BRDA:227,55,1,0
BRDA:232,56,0,0
BRDA:232,56,1,0
BRDA:232,57,0,0
BRDA:232,57,1,0
BRDA:239,58,0,0
BRDA:239,58,1,0
BRDA:239,59,0,0
BRDA:239,59,1,0
BRDA:239,59,2,0
BRDA:241,60,0,0
BRDA:241,60,1,0
BRDA:242,61,0,0
BRDA:242,61,1,0
BRDA:245,62,0,0
BRDA:245,62,1,0
BRDA:266,63,0,0
BRDA:266,63,1,0
BRDA:270,64,0,0
BRDA:270,64,1,0
BRDA:274,65,0,0
BRDA:274,65,1,0
BRDA:275,66,0,0
BRDA:275,66,1,0
BRDA:281,67,0,0
BRDA:281,67,1,0
BRDA:295,68,0,0
BRDA:295,68,1,0
BRDA:303,69,0,0
BRDA:303,69,1,0
BRDA:320,70,0,0
BRDA:320,70,1,0
BRDA:322,71,0,0
BRDA:322,71,1,0
BRDA:322,72,0,0
BRDA:322,72,1,0
BRDA:324,73,0,0
BRDA:324,73,1,0
BRDA:326,74,0,0
BRDA:326,74,1,0
BRDA:327,75,0,0
BRDA:327,75,1,0
BRDA:345,76,0,0
BRDA:345,76,1,0
BRDA:347,77,0,0
BRDA:347,77,1,0
BRDA:367,78,0,0
BRDA:368,79,0,0
BRDA:369,80,0,0
BRDA:370,81,0,0
BRDA:371,82,0,0
BRDA:372,83,0,0
BRDA:380,84,0,0
BRDA:380,84,1,0
BRDA:380,85,0,0
BRDA:380,85,1,0
BRDA:388,86,0,0
BRDA:388,86,1,0
BRDA:388,87,0,0
BRDA:388,87,1,0
BRDA:389,88,0,0
BRDA:389,88,1,0
BRDA:392,89,0,0
BRDA:392,89,1,0
BRDA:393,90,0,0
BRDA:393,90,1,0
BRDA:396,91,0,0
BRDA:396,91,1,0
BRDA:407,92,0,0
BRDA:407,92,1,0
BRDA:407,93,0,0
BRDA:407,93,1,0
BRDA:409,94,0,0
BRDA:409,94,1,0
BRDA:410,95,0,0
BRDA:410,95,1,0
BRDA:422,96,0,0
BRDA:422,96,1,0
BRDA:425,97,0,0
BRDA:425,97,1,0
BRDA:433,98,0,0
BRDA:433,98,1,0
BRDA:435,99,0,0
BRDA:435,99,1,0
BRDA:437,100,0,0
BRDA:437,100,1,0
BRDA:443,101,0,0
BRDA:443,102,0,0
BRDA:444,103,0,0
BRDA:444,103,1,0
BRDA:445,104,0,0
BRDA:445,104,1,0
BRDA:450,105,0,0
BRDA:450,105,1,0
BRDA:450,105,2,0
BRDA:451,106,0,0
BRDA:451,106,1,0
BRDA:451,106,2,0
BRDA:452,107,0,0
BRDA:452,107,1,0
BRDA:452,107,2,0
BRDA:452,107,3,0
BRDA:454,108,0,0
BRDA:454,108,1,0
BRDA:456,109,0,0
BRDA:456,109,1,0
BRDA:457,110,0,0
BRDA:457,110,1,0
BRDA:458,111,0,0
BRDA:458,111,1,0
BRDA:467,112,0,0
BRDA:467,112,1,0
BRDA:470,113,0,0
BRDA:470,113,1,0
BRDA:470,113,2,0
BRDA:471,114,0,0
BRDA:471,114,1,0
BRDA:471,114,2,0
BRDA:472,115,0,0
BRDA:472,115,1,0
BRDA:475,116,0,0
BRDA:475,116,1,0
BRDA:502,117,0,0
BRDA:502,118,0,0
BRDA:504,119,0,0
BRDA:504,119,1,0
BRDA:510,120,0,0
BRDA:510,121,0,0
BRDA:511,122,0,0
BRDA:511,122,1,0
BRDA:511,123,0,0
BRDA:511,123,1,0
BRDA:512,124,0,0
BRDA:512,124,1,0
BRDA:515,125,0,0
BRDA:515,125,1,0
BRDA:518,126,0,0
BRDA:518,126,1,0
BRDA:523,127,0,0
BRDA:523,127,1,0
BRDA:526,128,0,0
BRDA:526,128,1,0
BRDA:527,129,0,0
BRDA:527,129,1,0
BRDA:527,129,2,0
BRDA:531,130,0,0
BRDA:531,130,1,0
BRDA:544,131,0,0
BRDA:544,131,1,0
BRDA:545,132,0,0
BRDA:545,132,1,0
BRDA:549,133,0,0
BRDA:549,133,1,0
BRDA:568,134,0,0
BRDA:568,134,1,0
BRDA:568,135,0,0
BRDA:568,135,1,0
BRDA:579,136,0,0
BRDA:579,136,1,0
BRDA:586,137,0,0
BRDA:586,137,1,0
BRDA:598,138,0,0
BRDA:598,138,1,0
BRF:272
BRH:0
end_of_record
TN:
SF:frontend/js/modules/business-plan-generator.js
FN:7,(anonymous_0)
FN:90,(anonymous_1)
FN:111,(anonymous_2)
FN:112,(anonymous_3)
FN:152,(anonymous_4)
FN:155,(anonymous_5)
FN:172,(anonymous_6)
FN:202,(anonymous_7)
FN:207,(anonymous_8)
FN:230,(anonymous_9)
FN:240,(anonymous_10)
FN:247,(anonymous_11)
FN:250,(anonymous_12)
FN:282,(anonymous_13)
FN:339,(anonymous_14)
FN:515,(anonymous_15)
FN:519,(anonymous_16)
FN:528,(anonymous_17)
FN:538,(anonymous_18)
FN:567,(anonymous_19)
FN:580,(anonymous_20)
FN:612,(anonymous_21)
FN:626,(anonymous_22)
FN:644,(anonymous_23)
FN:685,(anonymous_24)
FN:710,(anonymous_25)
FN:729,(anonymous_26)
FN:780,(anonymous_27)
FN:841,(anonymous_28)
FN:842,(anonymous_29)
FNF:30
FNH:0
FNDA:0,(anonymous_0)
FNDA:0,(anonymous_1)
FNDA:0,(anonymous_2)
FNDA:0,(anonymous_3)
FNDA:0,(anonymous_4)
FNDA:0,(anonymous_5)
FNDA:0,(anonymous_6)
FNDA:0,(anonymous_7)
FNDA:0,(anonymous_8)
FNDA:0,(anonymous_9)
FNDA:0,(anonymous_10)
FNDA:0,(anonymous_11)
FNDA:0,(anonymous_12)
FNDA:0,(anonymous_13)
FNDA:0,(anonymous_14)
FNDA:0,(anonymous_15)
FNDA:0,(anonymous_16)
FNDA:0,(anonymous_17)
FNDA:0,(anonymous_18)
FNDA:0,(anonymous_19)
FNDA:0,(anonymous_20)
FNDA:0,(anonymous_21)
FNDA:0,(anonymous_22)
FNDA:0,(anonymous_23)
FNDA:0,(anonymous_24)
FNDA:0,(anonymous_25)
FNDA:0,(anonymous_26)
FNDA:0,(anonymous_27)
FNDA:0,(anonymous_28)
FNDA:0,(anonymous_29)
DA:8,0
DA:9,0
DA:10,0
DA:11,0
DA:12,0
DA:13,0
DA:16,0
DA:91,0
DA:94,0
DA:95,0
DA:96,0
DA:97,0
DA:100,0
DA:101,0
DA:102,0
DA:103,0
DA:106,0
DA:111,0
DA:112,0
DA:116,0
DA:117,0
DA:118,0
DA:119,0
DA:121,0
DA:125,0
DA:126,0
DA:129,0
DA:130,0
DA:131,0
DA:138,0
DA:139,0
DA:140,0
DA:144,0
DA:153,0
DA:155,0
DA:170,0
DA:172,0
DA:187,0
DA:203,0
DA:204,0
DA:205,0
DA:207,0
DA:208,0
DA:209,0
DA:211,0
DA:215,0
DA:216,0
DA:218,0
DA:219,0
DA:220,0
DA:231,0
DA:232,0
DA:241,0
DA:249,0
DA:250,0
DA:252,0
DA:253,0
DA:254,0
DA:258,0
DA:261,0
DA:262,0
DA:265,0
DA:266,0
DA:267,0
DA:268,0
DA:271,0
DA:274,0
DA:283,0
DA:285,0
DA:286,0
DA:287,0
DA:288,0
DA:291,0
DA:292,0
DA:293,0
DA:294,0
DA:298,0
DA:299,0
DA:300,0
DA:301,0
DA:302,0
DA:305,0
DA:308,0
DA:309,0
DA:324,0
DA:327,0
DA:330,0
DA:332,0
DA:335,0
DA:338,0
DA:339,0
DA:340,0
DA:344,0
DA:345,0
DA:346,0
DA:347,0
DA:348,0
DA:352,0
DA:353,0
DA:354,0
DA:357,0
DA:360,0
DA:361,0
DA:362,0
DA:363,0
DA:367,0
DA:368,0
DA:369,0
DA:370,0
DA:371,0
DA:372,0
DA:374,0
DA:385,0
DA:386,0
DA:389,0
DA:400,0
DA:401,0
DA:403,0
DA:404,0
DA:406,0
DA:407,0
DA:420,0
DA:421,0
DA:422,0
DA:423,0
DA:424,0
DA:429,0
DA:430,0
DA:437,0
DA:453,0
DA:456,0
DA:459,0
DA:460,0
DA:462,0
DA:465,0
DA:466,0
DA:473,0
DA:482,0
DA:485,0
DA:486,0
DA:487,0
DA:499,0
DA:502,0
DA:505,0
DA:516,0
DA:517,0
DA:518,0
DA:519,0
DA:520,0
DA:529,0
DA:530,0
DA:532,0
DA:534,0
DA:537,0
DA:538,0
DA:539,0
DA:541,0
DA:543,0
DA:561,0
DA:563,0
DA:568,0
DA:569,0
DA:570,0
DA:571,0
DA:573,0
DA:575,0
DA:576,0
DA:577,0
DA:579,0
DA:580,0
DA:581,0
DA:584,0
DA:586,0
DA:598,0
DA:600,0
DA:601,0
DA:603,0
DA:613,0
DA:614,0
DA:615,0
DA:616,0
DA:620,0
DA:623,0
DA:627,0
DA:628,0
DA:629,0
DA:630,0
DA:631,0
DA:635,0
DA:636,0
DA:637,0
DA:638,0
DA:641,0
DA:644,0
DA:645,0
DA:647,0
DA:649,0
DA:650,0
DA:659,0
DA:674,0
DA:678,0
DA:682,0
DA:685,0
DA:686,0
DA:687,0
DA:688,0
DA:689,0
DA:691,0
DA:696,0
DA:697,0
DA:698,0
DA:699,0
DA:700,0
DA:701,0
DA:703,0
DA:712,0
DA:713,0
DA:714,0
DA:717,0
DA:730,0
DA:733,0
DA:734,0
DA:735,0
DA:736,0
DA:737,0
DA:741,0
DA:743,0
DA:746,0
DA:747,0
DA:748,0
DA:749,0
DA:753,0
DA:756,0
DA:757,0
DA:758,0
DA:759,0
DA:761,0
DA:766,0
DA:767,0
DA:768,0
DA:772,0
DA:781,0
DA:786,0
DA:787,0
DA:789,0
DA:790,0
DA:791,0
DA:792,0
DA:795,0
DA:796,0
DA:799,0
DA:800,0
DA:803,0
DA:805,0
DA:806,0
DA:807,0
DA:808,0
DA:809,0
DA:812,0
DA:813,0
DA:814,0
DA:815,0
DA:816,0
DA:817,0
DA:820,0
DA:821,0
DA:822,0
DA:823,0
DA:824,0
DA:827,0
DA:828,0
DA:829,0
DA:830,0
DA:831,0
DA:834,0
DA:842,0
DA:847,0
DA:848,0
LF:278
LH:0
BRDA:94,0,0,0
BRDA:94,0,1,0
BRDA:94,1,0,0
BRDA:94,1,1,0
BRDA:94,1,2,0
BRDA:101,2,0,0
BRDA:101,2,1,0
BRDA:116,3,0,0
BRDA:116,3,1,0
BRDA:116,3,2,0
BRDA:117,4,0,0
BRDA:117,4,1,0
BRDA:125,5,0,0
BRDA:125,5,1,0
BRDA:139,6,0,0
BRDA:139,6,1,0
BRDA:208,7,0,0
BRDA:208,7,1,0
BRDA:219,8,0,0
BRDA:219,8,1,0
BRDA:252,9,0,0
BRDA:252,9,1,0
BRDA:262,10,0,0
BRDA:262,10,1,0
BRDA:265,11,0,0
BRDA:265,11,1,0
BRDA:265,12,0,0
BRDA:265,12,1,0
BRDA:285,13,0,0
BRDA:285,13,1,0
BRDA:291,14,0,0
BRDA:291,14,1,0
BRDA:291,15,0,0
BRDA:291,15,1,0
BRDA:291,15,2,0
BRDA:298,16,0,0
BRDA:298,16,1,0
BRDA:298,16,2,0
BRDA:299,17,0,0
BRDA:299,17,1,0
BRDA:338,18,0,0
BRDA:338,18,1,0
BRDA:338,19,0,0
BRDA:338,19,1,0
BRDA:338,19,2,0
BRDA:344,20,0,0
BRDA:344,20,1,0
BRDA:344,21,0,0
BRDA:344,21,1,0
BRDA:344,21,2,0
BRDA:346,22,0,0
BRDA:346,22,1,0
BRDA:346,23,0,0
BRDA:346,23,1,0
BRDA:352,24,0,0
BRDA:352,24,1,0
BRDA:352,25,0,0
BRDA:352,25,1,0
BRDA:360,26,0,0
BRDA:360,26,1,0
BRDA:362,27,0,0
BRDA:362,27,1,0
BRDA:385,28,0,0
BRDA:385,28,1,0
BRDA:385,29,0,0
BRDA:385,29,1,0
BRDA:385,29,2,0
BRDA:386,30,0,0
BRDA:386,30,1,0
BRDA:397,31,0,0
BRDA:397,31,1,0
BRDA:401,32,0,0
BRDA:401,32,1,0
BRDA:423,33,0,0
BRDA:423,33,1,0
BRDA:423,34,0,0
BRDA:423,34,1,0
BRDA:460,35,0,0
BRDA:460,35,1,0
BRDA:465,36,0,0
BRDA:465,36,1,0
BRDA:467,37,0,0
BRDA:467,37,1,0
BRDA:517,38,0,0
BRDA:517,38,1,0
BRDA:520,39,0,0
BRDA:520,39,1,0
BRDA:530,40,0,0
BRDA:530,40,1,0
BRDA:530,40,2,0
BRDA:532,41,0,0
BRDA:532,41,1,0
BRDA:538,42,0,0
BRDA:538,42,1,0
BRDA:539,43,0,0
BRDA:539,43,1,0
BRDA:541,44,0,0
BRDA:541,44,1,0
BRDA:550,45,0,0
BRDA:550,45,1,0
BRDA:551,46,0,0
BRDA:551,46,1,0
BRDA:555,47,0,0
BRDA:555,47,1,0
BRDA:569,48,0,0
BRDA:569,48,1,0
BRDA:575,49,0,0
BRDA:575,49,1,0
BRDA:580,50,0,0
BRDA:580,50,1,0
BRDA:581,51,0,0
BRDA:581,51,1,0
BRDA:584,52,0,0
BRDA:584,52,1,0
BRDA:590,53,0,0
BRDA:590,53,1,0
BRDA:590,53,2,0
BRDA:591,54,0,0
BRDA:591,54,1,0
BRDA:592,55,0,0
BRDA:592,55,1,0
BRDA:593,56,0,0
BRDA:593,56,1,0
BRDA:594,57,0,0
BRDA:594,57,1,0
BRDA:595,58,0,0
BRDA:595,58,1,0
BRDA:596,59,0,0
BRDA:596,59,1,0
BRDA:614,60,0,0
BRDA:614,60,1,0
BRDA:627,61,0,0
BRDA:627,61,1,0
BRDA:627,61,2,0
BRDA:628,62,0,0
BRDA:628,62,1,0
BRDA:628,62,2,0
BRDA:629,63,0,0
BRDA:629,63,1,0
BRDA:629,64,0,0
BRDA:629,64,1,0
BRDA:635,65,0,0
BRDA:635,65,1,0
BRDA:635,65,2,0
BRDA:635,65,3,0
BRDA:636,66,0,0
BRDA:636,66,1,0
BRDA:644,67,0,0
BRDA:644,67,1,0
BRDA:647,68,0,0
BRDA:647,68,1,0
BRDA:653,69,0,0
BRDA:653,69,1,0
BRDA:686,70,0,0
BRDA:686,70,1,0
BRDA:688,71,0,0
BRDA:688,71,1,0
BRDA:697,72,0,0
BRDA:697,72,1,0
BRDA:700,73,0,0
BRDA:700,73,1,0
BRDA:712,74,0,0
BRDA:712,74,1,0
BRDA:713,75,0,0
BRDA:713,75,1,0
BRDA:713,75,2,0
BRDA:714,76,0,0
BRDA:714,76,1,0
BRDA:733,77,0,0
BRDA:733,77,1,0
BRDA:733,77,2,0
BRDA:734,78,0,0
BRDA:734,78,1,0
BRDA:741,79,0,0
BRDA:741,79,1,0
BRDA:741,79,2,0
BRDA:746,80,0,0
BRDA:746,80,1,0
BRDA:756,81,0,0
BRDA:756,81,1,0
BRDA:766,82,0,0
BRDA:766,82,1,0
BRDA:787,83,0,0
BRDA:787,83,1,0
BRDA:790,84,0,0
BRDA:790,84,1,0
BRDA:803,85,0,0
BRDA:803,85,1,0
BRDA:803,85,2,0
BRDA:803,85,3,0
BRDA:807,86,0,0
BRDA:807,86,1,0
BRDA:807,87,0,0
BRDA:807,87,1,0
BRDA:808,88,0,0
BRDA:808,88,1,0
BRDA:808,89,0,0
BRDA:808,89,1,0
BRDA:815,90,0,0
BRDA:815,90,1,0
BRDA:816,91,0,0
BRDA:816,91,1,0
BRDA:822,92,0,0
BRDA:822,92,1,0
BRDA:823,93,0,0
BRDA:823,93,1,0
BRDA:823,94,0,0
BRDA:823,94,1,0
BRDA:829,95,0,0
BRDA:829,95,1,0
BRDA:830,96,0,0
BRDA:830,96,1,0
BRDA:847,97,0,0
BRDA:847,97,1,0
BRF:214
BRH:0
end_of_record
TN:
SF:frontend/js/modules/input-handler.js
FN:27,(anonymous_0)
FN:37,(anonymous_1)
FN:50,(anonymous_2)
FN:65,(anonymous_3)
FN:79,(anonymous_4)
FN:101,(anonymous_5)
FN:122,(anonymous_6)
FN:149,(anonymous_7)
FN:154,(anonymous_8)
FN:164,(anonymous_9)
FN:188,(anonymous_10)
FN:208,(anonymous_11)
FN:214,(anonymous_12)
FN:228,(anonymous_13)
FN:234,(anonymous_14)
FN:248,(anonymous_15)
FN:306,(anonymous_16)
FN:327,(anonymous_17)
FN:328,(anonymous_18)
FN:330,(anonymous_19)
FN:344,(anonymous_20)
FN:406,(anonymous_21)
FN:424,(anonymous_22)
FN:432,(anonymous_23)
FN:444,(anonymous_24)
FN:463,(anonymous_25)
FN:477,(anonymous_26)
FN:491,(anonymous_27)
FN:495,(anonymous_28)
FN:498,(anonymous_29)
FN:512,handleKeyDown
FN:516,handleKeyUp
FN:520,handleVoice
FN:524,handleQuickVoice
FN:528,handleCamera
FN:532,handleImageUpload
FN:536,quickStart
FN:540,switchToTextMode
FN:544,switchToVoiceMode
FN:548,getSmartInputMode
FN:552,applySmartInputHint
FNF:41
FNH:0
FNDA:0,(anonymous_0)
FNDA:0,(anonymous_1)
FNDA:0,(anonymous_2)
FNDA:0,(anonymous_3)
FNDA:0,(anonymous_4)
FNDA:0,(anonymous_5)
FNDA:0,(anonymous_6)
FNDA:0,(anonymous_7)
FNDA:0,(anonymous_8)
FNDA:0,(anonymous_9)
FNDA:0,(anonymous_10)
FNDA:0,(anonymous_11)
FNDA:0,(anonymous_12)
FNDA:0,(anonymous_13)
FNDA:0,(anonymous_14)
FNDA:0,(anonymous_15)
FNDA:0,(anonymous_16)
FNDA:0,(anonymous_17)
FNDA:0,(anonymous_18)
FNDA:0,(anonymous_19)
FNDA:0,(anonymous_20)
FNDA:0,(anonymous_21)
FNDA:0,(anonymous_22)
FNDA:0,(anonymous_23)
FNDA:0,(anonymous_24)
FNDA:0,(anonymous_25)
FNDA:0,(anonymous_26)
FNDA:0,(anonymous_27)
FNDA:0,(anonymous_28)
FNDA:0,(anonymous_29)
FNDA:0,handleKeyDown
FNDA:0,handleKeyUp
FNDA:0,handleVoice
FNDA:0,handleQuickVoice
FNDA:0,handleCamera
FNDA:0,handleImageUpload
FNDA:0,quickStart
FNDA:0,switchToTextMode
FNDA:0,switchToVoiceMode
FNDA:0,getSmartInputMode
FNDA:0,applySmartInputHint
DA:28,0
DA:29,0
DA:30,0
DA:39,0
DA:40,0
DA:41,0
DA:42,0
DA:44,0
DA:48,0
DA:49,0
DA:50,0
DA:51,0
DA:52,0
DA:53,0
DA:54,0
DA:55,0
DA:66,0
DA:67,0
DA:68,0
DA:69,0
DA:70,0
DA:80,0
DA:81,0
DA:82,0
DA:85,0
DA:87,0
DA:88,0
DA:90,0
DA:91,0
DA:95,0
DA:96,0
DA:97,0
DA:98,0
DA:99,0
DA:101,0
DA:102,0
DA:105,0
DA:106,0
DA:107,0
DA:108,0
DA:109,0
DA:110,0
DA:115,0
DA:116,0
DA:117,0
DA:118,0
DA:122,0
DA:123,0
DA:126,0
DA:127,0
DA:129,0
DA:130,0
DA:131,0
DA:132,0
DA:136,0
DA:137,0
DA:138,0
DA:139,0
DA:144,0
DA:145,0
DA:149,0
DA:150,0
DA:151,0
DA:154,0
DA:155,0
DA:158,0
DA:165,0
DA:168,0
DA:169,0
DA:170,0
DA:171,0
DA:173,0
DA:174,0
DA:178,0
DA:179,0
DA:180,0
DA:181,0
DA:190,0
DA:191,0
DA:195,0
DA:196,0
DA:197,0
DA:201,0
DA:209,0
DA:210,0
DA:211,0
DA:212,0
DA:214,0
DA:215,0
DA:216,0
DA:217,0
DA:221,0
DA:229,0
DA:230,0
DA:231,0
DA:232,0
DA:234,0
DA:235,0
DA:236,0
DA:237,0
DA:241,0
DA:249,0
DA:250,0
DA:251,0
DA:255,0
DA:256,0
DA:257,0
DA:260,0
DA:262,0
DA:265,0
DA:276,0
DA:277,0
DA:280,0
DA:282,0
DA:283,0
DA:287,0
DA:288,0
DA:289,0
DA:290,0
DA:291,0
DA:295,0
DA:296,0
DA:300,0
DA:301,0
DA:305,0
DA:306,0
DA:307,0
DA:308,0
DA:309,0
DA:310,0
DA:314,0
DA:318,0
DA:328,0
DA:329,0
DA:330,0
DA:331,0
DA:332,0
DA:334,0
DA:335,0
DA:345,0
DA:346,0
DA:349,0
DA:350,0
DA:358,0
DA:359,0
DA:360,0
DA:362,0
DA:363,0
DA:372,0
DA:373,0
DA:381,0
DA:383,0
DA:385,0
DA:386,0
DA:395,0
DA:407,0
DA:408,0
DA:409,0
DA:411,0
DA:412,0
DA:416,0
DA:417,0
DA:420,0
DA:421,0
DA:424,0
DA:425,0
DA:429,0
DA:431,0
DA:432,0
DA:433,0
DA:445,0
DA:451,0
DA:452,0
DA:453,0
DA:454,0
DA:455,0
DA:464,0
DA:465,0
DA:466,0
DA:467,0
DA:469,0
DA:470,0
DA:478,0
DA:479,0
DA:480,0
DA:481,0
DA:483,0
DA:484,0
DA:493,0
DA:494,0
DA:495,0
DA:496,0
DA:498,0
DA:499,0
DA:504,0
DA:509,0
DA:513,0
DA:517,0
DA:521,0
DA:525,0
DA:529,0
DA:533,0
DA:537,0
DA:541,0
DA:545,0
DA:549,0
DA:553,0
LF:207
LH:0
BRDA:39,0,0,0
BRDA:39,0,1,0
BRDA:39,1,0,0
BRDA:39,1,1,0
BRDA:39,1,2,0
BRDA:41,2,0,0
BRDA:41,2,1,0
BRDA:48,3,0,0
BRDA:48,3,1,0
BRDA:48,4,0,0
BRDA:48,4,1,0
BRDA:48,4,2,0
BRDA:54,5,0,0
BRDA:54,5,1,0
BRDA:66,6,0,0
BRDA:66,6,1,0
BRDA:68,7,0,0
BRDA:68,7,1,0
BRDA:80,8,0,0
BRDA:80,8,1,0
BRDA:80,9,0,0
BRDA:80,9,1,0
BRDA:85,10,0,0
BRDA:85,10,1,0
BRDA:87,11,0,0
BRDA:87,11,1,0
BRDA:95,12,0,0
BRDA:95,12,1,0
BRDA:107,13,0,0
BRDA:107,13,1,0
BRDA:107,14,0,0
BRDA:107,14,1,0
BRDA:109,15,0,0
BRDA:109,15,1,0
BRDA:116,16,0,0
BRDA:116,16,1,0
BRDA:116,17,0,0
BRDA:116,17,1,0
BRDA:127,18,0,0
BRDA:127,18,1,0
BRDA:127,19,0,0
BRDA:127,19,1,0
BRDA:131,20,0,0
BRDA:131,20,1,0
BRDA:138,21,0,0
BRDA:138,21,1,0
BRDA:144,22,0,0
BRDA:144,22,1,0
BRDA:170,23,0,0
BRDA:170,23,1,0
BRDA:173,24,0,0
BRDA:173,24,1,0
BRDA:179,25,0,0
BRDA:179,25,1,0
BRDA:190,26,0,0
BRDA:190,26,1,0
BRDA:196,27,0,0
BRDA:196,27,1,0
BRDA:216,28,0,0
BRDA:216,28,1,0
BRDA:236,29,0,0
BRDA:236,29,1,0
BRDA:249,30,0,0
BRDA:249,30,1,0
BRDA:256,31,0,0
BRDA:256,31,1,0
BRDA:276,32,0,0
BRDA:276,32,1,0
BRDA:282,33,0,0
BRDA:282,33,1,0
BRDA:283,34,0,0
BRDA:283,34,1,0
BRDA:290,35,0,0
BRDA:290,35,1,0
BRDA:295,36,0,0
BRDA:295,36,1,0
BRDA:295,37,0,0
BRDA:295,37,1,0
BRDA:300,38,0,0
BRDA:300,38,1,0
BRDA:300,39,0,0
BRDA:300,39,1,0
BRDA:309,40,0,0
BRDA:309,40,1,0
BRDA:349,41,0,0
BRDA:349,41,1,0
BRDA:349,42,0,0
BRDA:349,42,1,0
BRDA:358,43,0,0
BRDA:358,43,1,0
BRDA:362,44,0,0
BRDA:362,44,1,0
BRDA:362,45,0,0
BRDA:362,45,1,0
BRDA:362,45,2,0
BRDA:372,46,0,0
BRDA:372,46,1,0
BRDA:372,47,0,0
BRDA:372,47,1,0
BRDA:372,47,2,0
BRDA:381,48,0,0
BRDA:381,48,1,0
BRDA:381,49,0,0
BRDA:381,49,1,0
BRDA:381,49,2,0
BRDA:383,50,0,0
BRDA:383,50,1,0
BRDA:385,51,0,0
BRDA:385,51,1,0
BRDA:411,52,0,0
BRDA:411,52,1,0
BRDA:416,53,0,0
BRDA:416,53,1,0
BRDA:420,54,0,0
BRDA:420,54,1,0
BRDA:420,55,0,0
BRDA:420,55,1,0
BRDA:431,56,0,0
BRDA:431,56,1,0
BRDA:452,57,0,0
BRDA:452,57,1,0
BRDA:453,58,0,0
BRDA:453,58,1,0
BRDA:454,59,0,0
BRDA:454,59,1,0
BRDA:466,60,0,0
BRDA:466,60,1,0
BRDA:469,61,0,0
BRDA:469,61,1,0
BRDA:480,62,0,0
BRDA:480,62,1,0
BRDA:483,63,0,0
BRDA:483,63,1,0
BRDA:494,64,0,0
BRDA:494,64,1,0
BRF:135
BRH:0
end_of_record
TN:
SF:frontend/js/modules/knowledge-base.js
FN:17,(anonymous_0)
FN:33,(anonymous_1)
FN:71,(anonymous_2)
FN:84,(anonymous_3)
FN:104,(anonymous_4)
FN:135,(anonymous_5)
FN:141,(anonymous_6)
FN:161,(anonymous_7)
FN:174,(anonymous_8)
FN:186,(anonymous_9)
FN:200,(anonymous_10)
FN:217,(anonymous_11)
FN:232,(anonymous_12)
FN:238,(anonymous_13)
FN:267,(anonymous_14)
FN:268,(anonymous_15)
FN:279,(anonymous_16)
FN:290,(anonymous_17)
FN:301,(anonymous_18)
FN:320,(anonymous_19)
FN:332,(anonymous_20)
FN:342,(anonymous_21)
FN:361,(anonymous_22)
FN:372,(anonymous_23)
FN:386,(anonymous_24)
FN:396,(anonymous_25)
FN:415,(anonymous_26)
FN:417,(anonymous_27)
FN:424,(anonymous_28)
FN:448,(anonymous_29)
FN:480,(anonymous_30)
FN:496,(anonymous_31)
FN:512,(anonymous_32)
FN:562,(anonymous_33)
FN:567,(anonymous_34)
FN:583,(anonymous_35)
FN:600,(anonymous_36)
FN:600,(anonymous_37)
FN:649,(anonymous_38)
FN:650,(anonymous_39)
FN:666,(anonymous_40)
FN:668,(anonymous_41)
FN:682,(anonymous_42)
FN:700,(anonymous_43)
FN:718,(anonymous_44)
FN:736,(anonymous_45)
FN:756,(anonymous_46)
FN:775,showKnowledgeBase
FN:779,closeKnowledgePanel
FN:783,closeKnowledgeBase
FN:787,switchKnowledgeOrg
FN:791,onKnowledgeSearch
FN:795,onKnowledgeTypeFilter
FN:799,createKnowledge
FN:803,saveNewKnowledge
FN:807,viewKnowledge
FN:811,toggleOrgGroup
FN:823,selectKnowledge
FN:827,filterByTag
FNF:59
FNH:0
FNDA:0,(anonymous_0)
FNDA:0,(anonymous_1)
FNDA:0,(anonymous_2)
FNDA:0,(anonymous_3)
FNDA:0,(anonymous_4)
FNDA:0,(anonymous_5)
FNDA:0,(anonymous_6)
FNDA:0,(anonymous_7)
FNDA:0,(anonymous_8)
FNDA:0,(anonymous_9)
FNDA:0,(anonymous_10)
FNDA:0,(anonymous_11)
FNDA:0,(anonymous_12)
FNDA:0,(anonymous_13)
FNDA:0,(anonymous_14)
FNDA:0,(anonymous_15)
FNDA:0,(anonymous_16)
FNDA:0,(anonymous_17)
FNDA:0,(anonymous_18)
FNDA:0,(anonymous_19)
FNDA:0,(anonymous_20)
FNDA:0,(anonymous_21)
FNDA:0,(anonymous_22)
FNDA:0,(anonymous_23)
FNDA:0,(anonymous_24)
FNDA:0,(anonymous_25)
FNDA:0,(anonymous_26)
FNDA:0,(anonymous_27)
FNDA:0,(anonymous_28)
FNDA:0,(anonymous_29)
FNDA:0,(anonymous_30)
FNDA:0,(anonymous_31)
FNDA:0,(anonymous_32)
FNDA:0,(anonymous_33)
FNDA:0,(anonymous_34)
FNDA:0,(anonymous_35)
FNDA:0,(anonymous_36)
FNDA:0,(anonymous_37)
FNDA:0,(anonymous_38)
FNDA:0,(anonymous_39)
FNDA:0,(anonymous_40)
FNDA:0,(anonymous_41)
FNDA:0,(anonymous_42)
FNDA:0,(anonymous_43)
FNDA:0,(anonymous_44)
FNDA:0,(anonymous_45)
FNDA:0,(anonymous_46)
FNDA:0,showKnowledgeBase
FNDA:0,closeKnowledgePanel
FNDA:0,closeKnowledgeBase
FNDA:0,switchKnowledgeOrg
FNDA:0,onKnowledgeSearch
FNDA:0,onKnowledgeTypeFilter
FNDA:0,createKnowledge
FNDA:0,saveNewKnowledge
FNDA:0,viewKnowledge
FNDA:0,toggleOrgGroup
FNDA:0,selectKnowledge
FNDA:0,filterByTag
DA:18,0
DA:35,0
DA:36,0
DA:40,0
DA:41,0
DA:42,0
DA:44,0
DA:45,0
DA:49,0
DA:52,0
DA:53,0
DA:54,0
DA:56,0
DA:57,0
DA:60,0
DA:61,0
DA:62,0
DA:72,0
DA:73,0
DA:74,0
DA:75,0
DA:85,0
DA:86,0
DA:87,0
DA:105,0
DA:107,0
DA:108,0
DA:110,0
DA:113,0
DA:117,0
DA:120,0
DA:121,0
DA:123,0
DA:137,0
DA:140,0
DA:141,0
DA:142,0
DA:143,0
DA:145,0
DA:150,0
DA:162,0
DA:163,0
DA:175,0
DA:176,0
DA:187,0
DA:188,0
DA:189,0
DA:191,0
DA:192,0
DA:193,0
DA:194,0
DA:197,0
DA:198,0
DA:200,0
DA:217,0
DA:233,0
DA:234,0
DA:235,0
DA:238,0
DA:239,0
DA:240,0
DA:241,0
DA:245,0
DA:247,0
DA:248,0
DA:250,0
DA:251,0
DA:253,0
DA:254,0
DA:256,0
DA:257,0
DA:268,0
DA:269,0
DA:272,0
DA:273,0
DA:279,0
DA:290,0
DA:291,0
DA:292,0
DA:293,0
DA:295,0
DA:301,0
DA:311,0
DA:321,0
DA:322,0
DA:331,0
DA:332,0
DA:333,0
DA:334,0
DA:336,0
DA:342,0
DA:352,0
DA:362,0
DA:363,0
DA:365,0
DA:372,0
DA:373,0
DA:374,0
DA:375,0
DA:376,0
DA:377,0
DA:378,0
DA:379,0
DA:381,0
DA:385,0
DA:386,0
DA:387,0
DA:388,0
DA:390,0
DA:396,0
DA:406,0
DA:416,0
DA:417,0
DA:419,0
DA:420,0
DA:421,0
DA:424,0
DA:425,0
DA:426,0
DA:435,0
DA:449,0
DA:450,0
DA:451,0
DA:452,0
DA:456,0
DA:457,0
DA:460,0
DA:461,0
DA:462,0
DA:463,0
DA:480,0
DA:493,0
DA:496,0
DA:497,0
DA:498,0
DA:514,0
DA:515,0
DA:516,0
DA:517,0
DA:559,0
DA:562,0
DA:563,0
DA:567,0
DA:568,0
DA:569,0
DA:584,0
DA:585,0
DA:586,0
DA:587,0
DA:589,0
DA:590,0
DA:591,0
DA:594,0
DA:595,0
DA:596,0
DA:600,0
DA:602,0
DA:609,0
DA:623,0
DA:625,0
DA:628,0
DA:631,0
DA:632,0
DA:634,0
DA:636,0
DA:650,0
DA:651,0
DA:652,0
DA:653,0
DA:655,0
DA:656,0
DA:667,0
DA:668,0
DA:669,0
DA:670,0
DA:673,0
DA:683,0
DA:691,0
DA:701,0
DA:709,0
DA:719,0
DA:727,0
DA:737,0
DA:747,0
DA:757,0
DA:767,0
DA:772,0
DA:776,0
DA:780,0
DA:784,0
DA:788,0
DA:792,0
DA:796,0
DA:800,0
DA:804,0
DA:808,0
DA:812,0
DA:813,0
DA:814,0
DA:815,0
DA:816,0
DA:818,0
DA:824,0
DA:828,0
DA:829,0
LF:205
LH:0
BRDA:33,0,0,0
BRDA:33,1,0,0
BRDA:35,2,0,0
BRDA:35,2,1,0
BRDA:40,3,0,0
BRDA:40,3,1,0
BRDA:40,4,0,0
BRDA:40,4,1,0
BRDA:56,5,0,0
BRDA:56,5,1,0
BRDA:60,6,0,0
BRDA:60,6,1,0
BRDA:62,7,0,0
BRDA:62,7,1,0
BRDA:75,8,0,0
BRDA:75,8,1,0
BRDA:86,9,0,0
BRDA:86,9,1,0
BRDA:108,10,0,0
BRDA:108,10,1,0
BRDA:108,11,0,0
BRDA:108,11,1,0
BRDA:142,12,0,0
BRDA:142,12,1,0
BRDA:191,13,0,0
BRDA:191,13,1,0
BRDA:204,14,0,0
BRDA:204,14,1,0
BRDA:206,15,0,0
BRDA:206,15,1,0
BRDA:209,16,0,0
BRDA:209,16,1,0
BRDA:209,17,0,0
BRDA:209,17,1,0
BRDA:209,18,0,0
BRDA:209,18,1,0
BRDA:212,19,0,0
BRDA:212,19,1,0
BRDA:213,20,0,0
BRDA:213,20,1,0
BRDA:215,21,0,0
BRDA:215,21,1,0
BRDA:215,22,0,0
BRDA:215,22,1,0
BRDA:217,23,0,0
BRDA:217,23,1,0
BRDA:240,24,0,0
BRDA:240,24,1,0
BRDA:245,25,0,0
BRDA:245,25,1,0
BRDA:245,25,2,0
BRDA:245,25,3,0
BRDA:268,26,0,0
BRDA:268,26,1,0
BRDA:272,27,0,0
BRDA:272,27,1,0
BRDA:272,28,0,0
BRDA:272,28,1,0
BRDA:291,29,0,0
BRDA:291,29,1,0
BRDA:333,30,0,0
BRDA:333,30,1,0
BRDA:374,31,0,0
BRDA:374,31,1,0
BRDA:376,32,0,0
BRDA:376,32,1,0
BRDA:378,33,0,0
BRDA:378,33,1,0
BRDA:388,34,0,0
BRDA:388,34,1,0
BRDA:419,35,0,0
BRDA:419,35,1,0
BRDA:450,36,0,0
BRDA:450,36,1,0
BRDA:456,37,0,0
BRDA:456,37,1,0
BRDA:476,38,0,0
BRDA:476,38,1,0
BRDA:478,39,0,0
BRDA:478,39,1,0
BRDA:478,40,0,0
BRDA:478,40,1,0
BRDA:480,41,0,0
BRDA:480,41,1,0
BRDA:497,42,0,0
BRDA:497,42,1,0
BRDA:568,43,0,0
BRDA:568,43,1,0
BRDA:589,44,0,0
BRDA:589,44,1,0
BRDA:594,45,0,0
BRDA:594,45,1,0
BRDA:600,46,0,0
BRDA:600,46,1,0
BRDA:602,47,0,0
BRDA:602,47,1,0
BRDA:602,47,2,0
BRDA:602,47,3,0
BRDA:602,47,4,0
BRDA:616,48,0,0
BRDA:616,48,1,0
BRDA:631,49,0,0
BRDA:631,49,1,0
BRDA:651,50,0,0
BRDA:651,50,1,0
BRDA:652,51,0,0
BRDA:652,51,1,0
BRDA:667,52,0,0
BRDA:667,52,1,0
BRDA:667,53,0,0
BRDA:667,53,1,0
BRDA:669,54,0,0
BRDA:669,54,1,0
BRDA:670,55,0,0
BRDA:670,55,1,0
BRDA:691,56,0,0
BRDA:691,56,1,0
BRDA:709,57,0,0
BRDA:709,57,1,0
BRDA:727,58,0,0
BRDA:727,58,1,0
BRDA:747,59,0,0
BRDA:747,59,1,0
BRDA:767,60,0,0
BRDA:767,60,1,0
BRDA:813,61,0,0
BRDA:813,61,1,0
BRDA:815,62,0,0
BRDA:815,62,1,0
BRF:129
BRH:0
end_of_record
TN:
SF:frontend/js/modules/preview-panel.js
FN:6,(anonymous_0)
FN:16,(anonymous_1)
FN:65,(anonymous_2)
FN:66,(anonymous_3)
FN:70,(anonymous_4)
FN:72,(anonymous_5)
FN:75,(anonymous_6)
FN:82,(anonymous_7)
FN:85,(anonymous_8)
FN:94,(anonymous_9)
FN:103,(anonymous_10)
FN:122,(anonymous_11)
FN:135,(anonymous_12)
FN:148,(anonymous_13)
FN:153,(anonymous_14)
FNF:15
FNH:0
FNDA:0,(anonymous_0)
FNDA:0,(anonymous_1)
FNDA:0,(anonymous_2)
FNDA:0,(anonymous_3)
FNDA:0,(anonymous_4)
FNDA:0,(anonymous_5)
FNDA:0,(anonymous_6)
FNDA:0,(anonymous_7)
FNDA:0,(anonymous_8)
FNDA:0,(anonymous_9)
FNDA:0,(anonymous_10)
FNDA:0,(anonymous_11)
FNDA:0,(anonymous_12)
FNDA:0,(anonymous_13)
FNDA:0,(anonymous_14)
DA:7,0
DA:8,0
DA:9,0
DA:10,0
DA:11,0
DA:12,0
DA:13,0
DA:17,0
DA:18,0
DA:19,0
DA:20,0
DA:23,0
DA:62,0
DA:63,0
DA:65,0
DA:66,0
DA:69,0
DA:70,0
DA:72,0
DA:76,0
DA:77,0
DA:79,0
DA:80,0
DA:82,0
DA:83,0
DA:84,0
DA:85,0
DA:86,0
DA:87,0
DA:88,0
DA:95,0
DA:96,0
DA:97,0
DA:98,0
DA:99,0
DA:100,0
DA:104,0
DA:105,0
DA:106,0
DA:108,0
DA:109,0
DA:111,0
DA:112,0
DA:113,0
DA:114,0
DA:123,0
DA:124,0
DA:126,0
DA:127,0
DA:128,0
DA:129,0
DA:131,0
DA:132,0
DA:136,0
DA:137,0
DA:138,0
DA:139,0
DA:141,0
DA:142,0
DA:145,0
DA:149,0
DA:150,0
DA:152,0
DA:153,0
DA:154,0
DA:155,0
DA:156,0
DA:157,0
DA:162,0
DA:163,0
DA:165,0
DA:166,0
DA:167,0
DA:168,0
DA:169,0
DA:172,0
DA:173,0
DA:174,0
DA:178,0
DA:182,0
DA:183,0
LF:81
LH:0
BRDA:13,0,0,0
BRDA:13,0,1,0
BRDA:19,1,0,0
BRDA:19,1,1,0
BRDA:76,2,0,0
BRDA:76,2,1,0
BRDA:76,3,0,0
BRDA:76,3,1,0
BRDA:79,4,0,0
BRDA:79,4,1,0
BRDA:96,5,0,0
BRDA:96,5,1,0
BRDA:98,6,0,0
BRDA:98,6,1,0
BRDA:104,7,0,0
BRDA:104,7,1,0
BRDA:105,8,0,0
BRDA:105,8,1,0
BRDA:113,9,0,0
BRDA:113,9,1,0
BRDA:116,10,0,0
BRDA:116,10,1,0
BRDA:117,11,0,0
BRDA:117,11,1,0
BRDA:123,12,0,0
BRDA:123,12,1,0
BRDA:123,13,0,0
BRDA:123,13,1,0
BRDA:128,14,0,0
BRDA:128,14,1,0
BRDA:137,15,0,0
BRDA:137,15,1,0
BRDA:139,16,0,0
BRDA:139,16,1,0
BRDA:141,17,0,0
BRDA:141,17,1,0
BRDA:150,18,0,0
BRDA:150,18,1,0
BRDA:154,19,0,0
BRDA:154,19,1,0
BRDA:154,20,0,0
BRDA:154,20,1,0
BRDA:155,21,0,0
BRDA:155,21,1,0
BRDA:162,22,0,0
BRDA:162,22,1,0
BRDA:166,23,0,0
BRDA:166,23,1,0
BRDA:168,24,0,0
BRDA:168,24,1,0
BRDA:173,25,0,0
BRDA:173,25,1,0
BRDA:182,26,0,0
BRDA:182,26,1,0
BRF:54
BRH:0
end_of_record
TN:
SF:frontend/js/modules/project-manager.js
FN:6,getDefaultApiUrl
FN:14,(anonymous_1)
FN:36,(anonymous_2)
FN:49,(anonymous_3)
FN:59,(anonymous_4)
FN:68,(anonymous_5)
FN:73,(anonymous_6)
FN:86,(anonymous_7)
FN:97,(anonymous_8)
FN:98,(anonymous_9)
FN:110,(anonymous_10)
FN:112,(anonymous_11)
FN:119,(anonymous_12)
FN:140,(anonymous_13)
FN:157,(anonymous_14)
FN:164,(anonymous_15)
FN:168,(anonymous_16)
FN:190,(anonymous_17)
FN:194,(anonymous_18)
FN:202,(anonymous_19)
FN:203,(anonymous_20)
FN:208,(anonymous_21)
FN:212,(anonymous_22)
FN:229,(anonymous_23)
FN:280,(anonymous_24)
FN:310,(anonymous_25)
FN:336,(anonymous_26)
FN:345,(anonymous_27)
FN:348,(anonymous_28)
FN:372,(anonymous_29)
FN:391,(anonymous_30)
FN:406,(anonymous_31)
FN:425,(anonymous_32)
FN:443,(anonymous_33)
FN:459,(anonymous_34)
FN:503,(anonymous_35)
FN:524,(anonymous_36)
FN:536,(anonymous_37)
FN:548,(anonymous_38)
FN:554,(anonymous_39)
FN:557,(anonymous_40)
FN:564,(anonymous_41)
FN:582,(anonymous_42)
FN:588,(anonymous_43)
FN:617,(anonymous_44)
FN:634,(anonymous_45)
FN:654,(anonymous_46)
FN:681,(anonymous_47)
FN:713,(anonymous_48)
FN:718,(anonymous_49)
FN:727,(anonymous_50)
FN:753,(anonymous_51)
FN:763,(anonymous_52)
FN:777,(anonymous_53)
FN:778,(anonymous_54)
FN:787,(anonymous_55)
FN:819,(anonymous_56)
FN:837,(anonymous_57)
FN:935,(anonymous_58)
FN:946,(anonymous_59)
FN:948,(anonymous_60)
FN:958,(anonymous_61)
FN:960,(anonymous_62)
FN:976,(anonymous_63)
FN:984,(anonymous_64)
FN:989,(anonymous_65)
FN:1009,(anonymous_66)
FN:1018,(anonymous_67)
FN:1024,(anonymous_68)
FN:1043,(anonymous_69)
FN:1044,(anonymous_70)
FN:1054,(anonymous_71)
FN:1067,(anonymous_72)
FN:1103,(anonymous_73)
FN:1119,(anonymous_74)
FN:1123,(anonymous_75)
FN:1134,(anonymous_76)
FN:1137,(anonymous_77)
FN:1138,(anonymous_78)
FN:1141,(anonymous_79)
FN:1144,(anonymous_80)
FN:1146,(anonymous_81)
FN:1147,(anonymous_82)
FN:1152,(anonymous_83)
FN:1194,(anonymous_84)
FN:1207,(anonymous_85)
FN:1224,(anonymous_86)
FN:1241,(anonymous_87)
FN:1253,(anonymous_88)
FN:1257,(anonymous_89)
FN:1260,(anonymous_90)
FN:1266,(anonymous_91)
FN:1272,(anonymous_92)
FN:1303,(anonymous_93)
FN:1307,(anonymous_94)
FN:1311,(anonymous_95)
FN:1319,(anonymous_96)
FN:1347,(anonymous_97)
FN:1349,(anonymous_98)
FN:1365,(anonymous_99)
FN:1387,(anonymous_100)
FN:1416,(anonymous_101)
FN:1424,(anonymous_102)
FN:1435,(anonymous_103)
FN:1446,(anonymous_104)
FN:1458,(anonymous_105)
FN:1477,(anonymous_106)
FN:1479,(anonymous_107)
FN:1515,(anonymous_108)
FN:1529,(anonymous_109)
FN:1545,(anonymous_110)
FN:1553,(anonymous_111)
FN:1554,(anonymous_112)
FN:1563,(anonymous_113)
FN:1571,(anonymous_114)
FN:1572,(anonymous_115)
FN:1585,(anonymous_116)
FN:1593,(anonymous_117)
FN:1597,(anonymous_118)
FN:1598,(anonymous_119)
FN:1599,(anonymous_120)
FN:1600,(anonymous_121)
FN:1603,(anonymous_122)
FN:1606,(anonymous_123)
FN:1619,(anonymous_124)
FN:1688,(anonymous_125)
FN:1706,(anonymous_126)
FN:1752,(anonymous_127)
FN:1778,(anonymous_128)
FN:1787,(anonymous_129)
FN:1814,(anonymous_130)
FN:1830,(anonymous_131)
FN:1897,(anonymous_132)
FN:1959,(anonymous_133)
FN:1989,(anonymous_134)
FN:1999,(anonymous_135)
FN:2022,(anonymous_136)
FN:2036,(anonymous_137)
FN:2040,(anonymous_138)
FN:2041,(anonymous_139)
FN:2054,(anonymous_140)
FN:2070,(anonymous_141)
FN:2083,(anonymous_142)
FN:2092,(anonymous_143)
FN:2103,(anonymous_144)
FN:2114,(anonymous_145)
FN:2125,(anonymous_146)
FN:2148,(anonymous_147)
FN:2155,(anonymous_148)
FN:2160,(anonymous_149)
FN:2165,(anonymous_150)
FN:2175,(anonymous_151)
FN:2177,(anonymous_152)
FN:2178,(anonymous_153)
FN:2186,(anonymous_154)
FN:2195,(anonymous_155)
FN:2197,(anonymous_156)
FN:2201,(anonymous_157)
FN:2221,(anonymous_158)
FN:2240,(anonymous_159)
FN:2249,(anonymous_160)
FN:2271,(anonymous_161)
FN:2285,(anonymous_162)
FN:2298,(anonymous_163)
FN:2299,(anonymous_164)
FN:2301,(anonymous_165)
FN:2304,(anonymous_166)
FN:2313,(anonymous_167)
FN:2357,(anonymous_168)
FN:2377,(anonymous_169)
FN:2399,(anonymous_170)
FN:2410,(anonymous_171)
FN:2414,(anonymous_172)
FN:2416,(anonymous_173)
FN:2423,(anonymous_174)
FN:2424,(anonymous_175)
FN:2426,(anonymous_176)
FN:2429,(anonymous_177)
FN:2439,(anonymous_178)
FN:2491,(anonymous_179)
FN:2495,(anonymous_180)
FN:2510,(anonymous_181)
FN:2511,(anonymous_182)
FN:2513,(anonymous_183)
FN:2518,(anonymous_184)
FN:2521,(anonymous_185)
FN:2525,(anonymous_186)
FN:2540,(anonymous_187)
FN:2550,(anonymous_188)
FN:2552,(anonymous_189)
FN:2588,(anonymous_190)
FN:2595,(anonymous_191)
FN:2612,(anonymous_192)
FN:2656,(anonymous_193)
FN:2665,(anonymous_194)
FN:2699,(anonymous_195)
FN:2731,(anonymous_196)
FN:2763,(anonymous_197)
FN:2779,(anonymous_198)
FN:2896,(anonymous_199)
FN:2916,(anonymous_200)
FN:2917,(anonymous_201)
FN:2952,(anonymous_202)
FN:2960,(anonymous_203)
FN:2975,(anonymous_204)
FN:3010,(anonymous_205)
FNF:206
FNH:0
FNDA:0,getDefaultApiUrl
FNDA:0,(anonymous_1)
FNDA:0,(anonymous_2)
FNDA:0,(anonymous_3)
FNDA:0,(anonymous_4)
FNDA:0,(anonymous_5)
FNDA:0,(anonymous_6)
FNDA:0,(anonymous_7)
FNDA:0,(anonymous_8)
FNDA:0,(anonymous_9)
FNDA:0,(anonymous_10)
FNDA:0,(anonymous_11)
FNDA:0,(anonymous_12)
FNDA:0,(anonymous_13)
FNDA:0,(anonymous_14)
FNDA:0,(anonymous_15)
FNDA:0,(anonymous_16)
FNDA:0,(anonymous_17)
FNDA:0,(anonymous_18)
FNDA:0,(anonymous_19)
FNDA:0,(anonymous_20)
FNDA:0,(anonymous_21)
FNDA:0,(anonymous_22)
FNDA:0,(anonymous_23)
FNDA:0,(anonymous_24)
FNDA:0,(anonymous_25)
FNDA:0,(anonymous_26)
FNDA:0,(anonymous_27)
FNDA:0,(anonymous_28)
FNDA:0,(anonymous_29)
FNDA:0,(anonymous_30)
FNDA:0,(anonymous_31)
FNDA:0,(anonymous_32)
FNDA:0,(anonymous_33)
FNDA:0,(anonymous_34)
FNDA:0,(anonymous_35)
FNDA:0,(anonymous_36)
FNDA:0,(anonymous_37)
FNDA:0,(anonymous_38)
FNDA:0,(anonymous_39)
FNDA:0,(anonymous_40)
FNDA:0,(anonymous_41)
FNDA:0,(anonymous_42)
FNDA:0,(anonymous_43)
FNDA:0,(anonymous_44)
FNDA:0,(anonymous_45)
FNDA:0,(anonymous_46)
FNDA:0,(anonymous_47)
FNDA:0,(anonymous_48)
FNDA:0,(anonymous_49)
FNDA:0,(anonymous_50)
FNDA:0,(anonymous_51)
FNDA:0,(anonymous_52)
FNDA:0,(anonymous_53)
FNDA:0,(anonymous_54)
FNDA:0,(anonymous_55)
FNDA:0,(anonymous_56)
FNDA:0,(anonymous_57)
FNDA:0,(anonymous_58)
FNDA:0,(anonymous_59)
FNDA:0,(anonymous_60)
FNDA:0,(anonymous_61)
FNDA:0,(anonymous_62)
FNDA:0,(anonymous_63)
FNDA:0,(anonymous_64)
FNDA:0,(anonymous_65)
FNDA:0,(anonymous_66)
FNDA:0,(anonymous_67)
FNDA:0,(anonymous_68)
FNDA:0,(anonymous_69)
FNDA:0,(anonymous_70)
FNDA:0,(anonymous_71)
FNDA:0,(anonymous_72)
FNDA:0,(anonymous_73)
FNDA:0,(anonymous_74)
FNDA:0,(anonymous_75)
FNDA:0,(anonymous_76)
FNDA:0,(anonymous_77)
FNDA:0,(anonymous_78)
FNDA:0,(anonymous_79)
FNDA:0,(anonymous_80)
FNDA:0,(anonymous_81)
FNDA:0,(anonymous_82)
FNDA:0,(anonymous_83)
FNDA:0,(anonymous_84)
FNDA:0,(anonymous_85)
FNDA:0,(anonymous_86)
FNDA:0,(anonymous_87)
FNDA:0,(anonymous_88)
FNDA:0,(anonymous_89)
FNDA:0,(anonymous_90)
FNDA:0,(anonymous_91)
FNDA:0,(anonymous_92)
FNDA:0,(anonymous_93)
FNDA:0,(anonymous_94)
FNDA:0,(anonymous_95)
FNDA:0,(anonymous_96)
FNDA:0,(anonymous_97)
FNDA:0,(anonymous_98)
FNDA:0,(anonymous_99)
FNDA:0,(anonymous_100)
FNDA:0,(anonymous_101)
FNDA:0,(anonymous_102)
FNDA:0,(anonymous_103)
FNDA:0,(anonymous_104)
FNDA:0,(anonymous_105)
FNDA:0,(anonymous_106)
FNDA:0,(anonymous_107)
FNDA:0,(anonymous_108)
FNDA:0,(anonymous_109)
FNDA:0,(anonymous_110)
FNDA:0,(anonymous_111)
FNDA:0,(anonymous_112)
FNDA:0,(anonymous_113)
FNDA:0,(anonymous_114)
FNDA:0,(anonymous_115)
FNDA:0,(anonymous_116)
FNDA:0,(anonymous_117)
FNDA:0,(anonymous_118)
FNDA:0,(anonymous_119)
FNDA:0,(anonymous_120)
FNDA:0,(anonymous_121)
FNDA:0,(anonymous_122)
FNDA:0,(anonymous_123)
FNDA:0,(anonymous_124)
FNDA:0,(anonymous_125)
FNDA:0,(anonymous_126)
FNDA:0,(anonymous_127)
FNDA:0,(anonymous_128)
FNDA:0,(anonymous_129)
FNDA:0,(anonymous_130)
FNDA:0,(anonymous_131)
FNDA:0,(anonymous_132)
FNDA:0,(anonymous_133)
FNDA:0,(anonymous_134)
FNDA:0,(anonymous_135)
FNDA:0,(anonymous_136)
FNDA:0,(anonymous_137)
FNDA:0,(anonymous_138)
FNDA:0,(anonymous_139)
FNDA:0,(anonymous_140)
FNDA:0,(anonymous_141)
FNDA:0,(anonymous_142)
FNDA:0,(anonymous_143)
FNDA:0,(anonymous_144)
FNDA:0,(anonymous_145)
FNDA:0,(anonymous_146)
FNDA:0,(anonymous_147)
FNDA:0,(anonymous_148)
FNDA:0,(anonymous_149)
FNDA:0,(anonymous_150)
FNDA:0,(anonymous_151)
FNDA:0,(anonymous_152)
FNDA:0,(anonymous_153)
FNDA:0,(anonymous_154)
FNDA:0,(anonymous_155)
FNDA:0,(anonymous_156)
FNDA:0,(anonymous_157)
FNDA:0,(anonymous_158)
FNDA:0,(anonymous_159)
FNDA:0,(anonymous_160)
FNDA:0,(anonymous_161)
FNDA:0,(anonymous_162)
FNDA:0,(anonymous_163)
FNDA:0,(anonymous_164)
FNDA:0,(anonymous_165)
FNDA:0,(anonymous_166)
FNDA:0,(anonymous_167)
FNDA:0,(anonymous_168)
FNDA:0,(anonymous_169)
FNDA:0,(anonymous_170)
FNDA:0,(anonymous_171)
FNDA:0,(anonymous_172)
FNDA:0,(anonymous_173)
FNDA:0,(anonymous_174)
FNDA:0,(anonymous_175)
FNDA:0,(anonymous_176)
FNDA:0,(anonymous_177)
FNDA:0,(anonymous_178)
FNDA:0,(anonymous_179)
FNDA:0,(anonymous_180)
FNDA:0,(anonymous_181)
FNDA:0,(anonymous_182)
FNDA:0,(anonymous_183)
FNDA:0,(anonymous_184)
FNDA:0,(anonymous_185)
FNDA:0,(anonymous_186)
FNDA:0,(anonymous_187)
FNDA:0,(anonymous_188)
FNDA:0,(anonymous_189)
FNDA:0,(anonymous_190)
FNDA:0,(anonymous_191)
FNDA:0,(anonymous_192)
FNDA:0,(anonymous_193)
FNDA:0,(anonymous_194)
FNDA:0,(anonymous_195)
FNDA:0,(anonymous_196)
FNDA:0,(anonymous_197)
FNDA:0,(anonymous_198)
FNDA:0,(anonymous_199)
FNDA:0,(anonymous_200)
FNDA:0,(anonymous_201)
FNDA:0,(anonymous_202)
FNDA:0,(anonymous_203)
FNDA:0,(anonymous_204)
FNDA:0,(anonymous_205)
DA:7,0
DA:8,0
DA:10,0
DA:15,0
DA:16,0
DA:17,0
DA:18,0
DA:19,0
DA:20,0
DA:21,0
DA:22,0
DA:23,0
DA:24,0
DA:25,0
DA:26,0
DA:27,0
DA:28,0
DA:37,0
DA:38,0
DA:41,0
DA:50,0
DA:51,0
DA:53,0
DA:60,0
DA:61,0
DA:69,0
DA:70,0
DA:73,0
DA:76,0
DA:77,0
DA:80,0
DA:82,0
DA:87,0
DA:96,0
DA:97,0
DA:98,0
DA:111,0
DA:112,0
DA:113,0
DA:114,0
DA:116,0
DA:120,0
DA:121,0
DA:122,0
DA:123,0
DA:124,0
DA:125,0
DA:126,0
DA:131,0
DA:132,0
DA:133,0
DA:135,0
DA:136,0
DA:137,0
DA:142,0
DA:143,0
DA:146,0
DA:147,0
DA:150,0
DA:152,0
DA:153,0
DA:157,0
DA:165,0
DA:166,0
DA:169,0
DA:170,0
DA:175,0
DA:176,0
DA:178,0
DA:180,0
DA:182,0
DA:185,0
DA:186,0
DA:191,0
DA:195,0
DA:196,0
DA:198,0
DA:199,0
DA:202,0
DA:203,0
DA:204,0
DA:205,0
DA:206,0
DA:208,0
DA:209,0
DA:210,0
DA:212,0
DA:213,0
DA:217,0
DA:220,0
DA:230,0
DA:232,0
DA:235,0
DA:236,0
DA:237,0
DA:241,0
DA:247,0
DA:248,0
DA:249,0
DA:252,0
DA:253,0
DA:256,0
DA:259,0
DA:262,0
DA:265,0
DA:266,0
DA:269,0
DA:271,0
DA:281,0
DA:283,0
DA:284,0
DA:285,0
DA:286,0
DA:287,0
DA:289,0
DA:293,0
DA:294,0
DA:295,0
DA:298,0
DA:299,0
DA:300,0
DA:301,0
DA:302,0
DA:304,0
DA:306,0
DA:311,0
DA:312,0
DA:314,0
DA:315,0
DA:317,0
DA:318,0
DA:319,0
DA:320,0
DA:322,0
DA:337,0
DA:346,0
DA:347,0
DA:348,0
DA:349,0
DA:350,0
DA:355,0
DA:364,0
DA:365,0
DA:366,0
DA:371,0
DA:372,0
DA:373,0
DA:374,0
DA:376,0
DA:377,0
DA:379,0
DA:380,0
DA:384,0
DA:390,0
DA:391,0
DA:392,0
DA:393,0
DA:394,0
DA:396,0
DA:399,0
DA:400,0
DA:403,0
DA:406,0
DA:407,0
DA:408,0
DA:412,0
DA:413,0
DA:416,0
DA:418,0
DA:420,0
DA:421,0
DA:422,0
DA:423,0
DA:424,0
DA:425,0
DA:426,0
DA:427,0
DA:429,0
DA:430,0
DA:432,0
DA:433,0
DA:436,0
DA:437,0
DA:438,0
DA:440,0
DA:441,0
DA:443,0
DA:444,0
DA:445,0
DA:447,0
DA:448,0
DA:450,0
DA:451,0
DA:460,0
DA:461,0
DA:462,0
DA:463,0
DA:464,0
DA:466,0
DA:468,0
DA:469,0
DA:470,0
DA:473,0
DA:474,0
DA:476,0
DA:477,0
DA:478,0
DA:481,0
DA:482,0
DA:483,0
DA:484,0
DA:485,0
DA:486,0
DA:489,0
DA:490,0
DA:491,0
DA:492,0
DA:494,0
DA:499,0
DA:500,0
DA:503,0
DA:504,0
DA:508,0
DA:509,0
DA:512,0
DA:513,0
DA:516,0
DA:517,0
DA:519,0
DA:520,0
DA:525,0
DA:526,0
DA:528,0
DA:529,0
DA:530,0
DA:531,0
DA:533,0
DA:537,0
DA:538,0
DA:540,0
DA:541,0
DA:542,0
DA:544,0
DA:545,0
DA:547,0
DA:549,0
DA:550,0
DA:551,0
DA:552,0
DA:558,0
DA:559,0
DA:561,0
DA:565,0
DA:566,0
DA:568,0
DA:569,0
DA:570,0
DA:571,0
DA:573,0
DA:574,0
DA:583,0
DA:584,0
DA:585,0
DA:588,0
DA:589,0
DA:601,0
DA:602,0
DA:614,0
DA:617,0
DA:619,0
DA:636,0
DA:647,0
DA:648,0
DA:649,0
DA:650,0
DA:651,0
DA:652,0
DA:653,0
DA:654,0
DA:656,0
DA:657,0
DA:658,0
DA:660,0
DA:669,0
DA:681,0
DA:714,0
DA:715,0
DA:718,0
DA:719,0
DA:728,0
DA:729,0
DA:731,0
DA:732,0
DA:733,0
DA:734,0
DA:736,0
DA:737,0
DA:739,0
DA:740,0
DA:742,0
DA:743,0
DA:745,0
DA:754,0
DA:755,0
DA:756,0
DA:764,0
DA:765,0
DA:768,0
DA:769,0
DA:770,0
DA:778,0
DA:779,0
DA:788,0
DA:789,0
DA:790,0
DA:791,0
DA:792,0
DA:794,0
DA:795,0
DA:796,0
DA:800,0
DA:811,0
DA:812,0
DA:814,0
DA:815,0
DA:816,0
DA:817,0
DA:818,0
DA:819,0
DA:821,0
DA:822,0
DA:823,0
DA:825,0
DA:826,0
DA:827,0
DA:828,0
DA:829,0
DA:832,0
DA:834,0
DA:837,0
DA:849,0
DA:851,0
DA:921,0
DA:922,0
DA:923,0
DA:924,0
DA:926,0
DA:927,0
DA:930,0
DA:931,0
DA:932,0
DA:936,0
DA:937,0
DA:938,0
DA:941,0
DA:942,0
DA:943,0
DA:946,0
DA:947,0
DA:948,0
DA:950,0
DA:951,0
DA:952,0
DA:953,0
DA:954,0
DA:957,0
DA:958,0
DA:959,0
DA:960,0
DA:964,0
DA:966,0
DA:977,0
DA:978,0
DA:980,0
DA:981,0
DA:983,0
DA:984,0
DA:985,0
DA:990,0
DA:991,0
DA:992,0
DA:996,0
DA:997,0
DA:1006,0
DA:1009,0
DA:1010,0
DA:1011,0
DA:1012,0
DA:1015,0
DA:1016,0
DA:1017,0
DA:1018,0
DA:1019,0
DA:1020,0
DA:1023,0
DA:1025,0
DA:1026,0
DA:1027,0
DA:1036,0
DA:1037,0
DA:1040,0
DA:1041,0
DA:1044,0
DA:1045,0
DA:1051,0
DA:1052,0
DA:1055,0
DA:1056,0
DA:1058,0
DA:1064,0
DA:1065,0
DA:1067,0
DA:1071,0
DA:1100,0
DA:1104,0
DA:1105,0
DA:1106,0
DA:1107,0
DA:1109,0
DA:1113,0
DA:1114,0
DA:1116,0
DA:1120,0
DA:1124,0
DA:1131,0
DA:1135,0
DA:1136,0
DA:1137,0
DA:1138,0
DA:1139,0
DA:1140,0
DA:1141,0
DA:1145,0
DA:1146,0
DA:1147,0
DA:1148,0
DA:1149,0
DA:1153,0
DA:1154,0
DA:1155,0
DA:1157,0
DA:1158,0
DA:1159,0
DA:1162,0
DA:1163,0
DA:1167,0
DA:1169,0
DA:1170,0
DA:1171,0
DA:1172,0
DA:1174,0
DA:1175,0
DA:1176,0
DA:1178,0
DA:1179,0
DA:1185,0
DA:1188,0
DA:1191,0
DA:1195,0
DA:1196,0
DA:1198,0
DA:1199,0
DA:1201,0
DA:1202,0
DA:1204,0
DA:1208,0
DA:1209,0
DA:1212,0
DA:1213,0
DA:1216,0
DA:1217,0
DA:1220,0
DA:1224,0
DA:1242,0
DA:1243,0
DA:1252,0
DA:1253,0
DA:1257,0
DA:1261,0
DA:1262,0
DA:1263,0
DA:1265,0
DA:1266,0
DA:1273,0
DA:1274,0
DA:1277,0
DA:1278,0
DA:1279,0
DA:1280,0
DA:1281,0
DA:1282,0
DA:1283,0
DA:1285,0
DA:1291,0
DA:1294,0
DA:1300,0
DA:1304,0
DA:1308,0
DA:1312,0
DA:1313,0
DA:1314,0
DA:1316,0
DA:1320,0
DA:1321,0
DA:1322,0
DA:1323,0
DA:1324,0
DA:1326,0
DA:1327,0
DA:1330,0
DA:1331,0
DA:1332,0
DA:1334,0
DA:1335,0
DA:1336,0
DA:1339,0
DA:1340,0
DA:1341,0
DA:1342,0
DA:1344,0
DA:1348,0
DA:1349,0
DA:1350,0
DA:1352,0
DA:1353,0
DA:1356,0
DA:1357,0
DA:1358,0
DA:1361,0
DA:1365,0
DA:1381,0
DA:1388,0
DA:1389,0
DA:1390,0
DA:1391,0
DA:1393,0
DA:1394,0
DA:1395,0
DA:1397,0
DA:1398,0
DA:1400,0
DA:1401,0
DA:1403,0
DA:1404,0
DA:1407,0
DA:1408,0
DA:1409,0
DA:1417,0
DA:1418,0
DA:1419,0
DA:1422,0
DA:1423,0
DA:1424,0
DA:1426,0
DA:1427,0
DA:1428,0
DA:1429,0
DA:1432,0
DA:1433,0
DA:1435,0
DA:1446,0
DA:1459,0
DA:1460,0
DA:1461,0
DA:1464,0
DA:1465,0
DA:1466,0
DA:1467,0
DA:1470,0
DA:1471,0
DA:1472,0
DA:1473,0
DA:1474,0
DA:1476,0
DA:1477,0
DA:1478,0
DA:1479,0
DA:1481,0
DA:1482,0
DA:1483,0
DA:1486,0
DA:1487,0
DA:1488,0
DA:1489,0
DA:1491,0
DA:1493,0
DA:1507,0
DA:1516,0
DA:1517,0
DA:1518,0
DA:1521,0
DA:1522,0
DA:1523,0
DA:1524,0
DA:1525,0
DA:1528,0
DA:1529,0
DA:1539,0
DA:1541,0
DA:1546,0
DA:1547,0
DA:1549,0
DA:1550,0
DA:1551,0
DA:1552,0
DA:1553,0
DA:1555,0
DA:1557,0
DA:1559,0
DA:1564,0
DA:1565,0
DA:1567,0
DA:1568,0
DA:1569,0
DA:1570,0
DA:1571,0
DA:1572,0
DA:1576,0
DA:1577,0
DA:1578,0
DA:1579,0
DA:1583,0
DA:1584,0
DA:1585,0
DA:1587,0
DA:1588,0
DA:1589,0
DA:1592,0
DA:1593,0
DA:1594,0
DA:1595,0
DA:1597,0
DA:1598,0
DA:1599,0
DA:1600,0
DA:1601,0
DA:1603,0
DA:1604,0
DA:1606,0
DA:1619,0
DA:1620,0
DA:1621,0
DA:1622,0
DA:1625,0
DA:1626,0
DA:1629,0
DA:1630,0
DA:1631,0
DA:1632,0
DA:1633,0
DA:1634,0
DA:1635,0
DA:1636,0
DA:1637,0
DA:1638,0
DA:1639,0
DA:1640,0
DA:1641,0
DA:1642,0
DA:1643,0
DA:1644,0
DA:1645,0
DA:1646,0
DA:1647,0
DA:1649,0
DA:1688,0
DA:1706,0
DA:1752,0
DA:1778,0
DA:1787,0
DA:1814,0
DA:1830,0
DA:1838,0
DA:1839,0
DA:1840,0
DA:1841,0
DA:1842,0
DA:1843,0
DA:1844,0
DA:1845,0
DA:1846,0
DA:1871,0
DA:1872,0
DA:1875,0
DA:1897,0
DA:1934,0
DA:1935,0
DA:1938,0
DA:1940,0
DA:1941,0
DA:1946,0
DA:1947,0
DA:1951,0
DA:1952,0
DA:1960,0
DA:1961,0
DA:1962,0
DA:1965,0
DA:1966,0
DA:1967,0
DA:1970,0
DA:1972,0
DA:1985,0
DA:1986,0
DA:1990,0
DA:1991,0
DA:1992,0
DA:1995,0
DA:1996,0
DA:1997,0
DA:1999,0
DA:2001,0
DA:2002,0
DA:2003,0
DA:2004,0
DA:2006,0
DA:2007,0
DA:2009,0
DA:2011,0
DA:2012,0
DA:2013,0
DA:2015,0
DA:2016,0
DA:2018,0
DA:2023,0
DA:2024,0
DA:2025,0
DA:2028,0
DA:2029,0
DA:2030,0
DA:2033,0
DA:2034,0
DA:2035,0
DA:2036,0
DA:2037,0
DA:2039,0
DA:2041,0
DA:2042,0
DA:2043,0
DA:2054,0
DA:2071,0
DA:2072,0
DA:2073,0
DA:2076,0
DA:2077,0
DA:2078,0
DA:2081,0
DA:2082,0
DA:2083,0
DA:2085,0
DA:2086,0
DA:2087,0
DA:2090,0
DA:2092,0
DA:2103,0
DA:2115,0
DA:2116,0
DA:2117,0
DA:2120,0
DA:2121,0
DA:2125,0
DA:2126,0
DA:2127,0
DA:2128,0
DA:2130,0
DA:2131,0
DA:2133,0
DA:2134,0
DA:2135,0
DA:2136,0
DA:2137,0
DA:2140,0
DA:2141,0
DA:2142,0
DA:2143,0
DA:2144,0
DA:2145,0
DA:2149,0
DA:2150,0
DA:2151,0
DA:2154,0
DA:2155,0
DA:2156,0
DA:2158,0
DA:2161,0
DA:2162,0
DA:2163,0
DA:2165,0
DA:2169,0
DA:2176,0
DA:2177,0
DA:2178,0
DA:2179,0
DA:2180,0
DA:2181,0
DA:2182,0
DA:2183,0
DA:2187,0
DA:2188,0
DA:2189,0
DA:2190,0
DA:2192,0
DA:2193,0
DA:2195,0
DA:2196,0
DA:2197,0
DA:2198,0
DA:2202,0
DA:2203,0
DA:2204,0
DA:2206,0
DA:2207,0
DA:2210,0
DA:2211,0
DA:2212,0
DA:2214,0
DA:2215,0
DA:2216,0
DA:2218,0
DA:2220,0
DA:2221,0
DA:2233,0
DA:2234,0
DA:2236,0
DA:2241,0
DA:2242,0
DA:2243,0
DA:2245,0
DA:2246,0
DA:2249,0
DA:2250,0
DA:2251,0
DA:2252,0
DA:2253,0
DA:2254,0
DA:2256,0
DA:2257,0
DA:2258,0
DA:2259,0
DA:2260,0
DA:2262,0
DA:2264,0
DA:2268,0
DA:2272,0
DA:2273,0
DA:2274,0
DA:2275,0
DA:2276,0
DA:2278,0
DA:2286,0
DA:2287,0
DA:2288,0
DA:2291,0
DA:2292,0
DA:2293,0
DA:2296,0
DA:2297,0
DA:2298,0
DA:2299,0
DA:2300,0
DA:2301,0
DA:2303,0
DA:2304,0
DA:2307,0
DA:2308,0
DA:2309,0
DA:2312,0
DA:2314,0
DA:2315,0
DA:2316,0
DA:2317,0
DA:2318,0
DA:2319,0
DA:2324,0
DA:2339,0
DA:2354,0
DA:2358,0
DA:2359,0
DA:2360,0
DA:2361,0
DA:2364,0
DA:2365,0
DA:2366,0
DA:2369,0
DA:2370,0
DA:2371,0
DA:2373,0
DA:2374,0
DA:2378,0
DA:2379,0
DA:2382,0
DA:2383,0
DA:2385,0
DA:2387,0
DA:2388,0
DA:2391,0
DA:2399,0
DA:2411,0
DA:2413,0
DA:2414,0
DA:2415,0
DA:2416,0
DA:2417,0
DA:2418,0
DA:2423,0
DA:2424,0
DA:2425,0
DA:2426,0
DA:2428,0
DA:2429,0
DA:2432,0
DA:2433,0
DA:2434,0
DA:2438,0
DA:2440,0
DA:2441,0
DA:2442,0
DA:2443,0
DA:2444,0
DA:2445,0
DA:2446,0
DA:2447,0
DA:2448,0
DA:2449,0
DA:2450,0
DA:2451,0
DA:2452,0
DA:2453,0
DA:2456,0
DA:2471,0
DA:2487,0
DA:2488,0
DA:2491,0
DA:2492,0
DA:2493,0
DA:2495,0
DA:2496,0
DA:2497,0
DA:2498,0
DA:2499,0
DA:2500,0
DA:2501,0
DA:2506,0
DA:2511,0
DA:2512,0
DA:2513,0
DA:2514,0
DA:2515,0
DA:2518,0
DA:2522,0
DA:2526,0
DA:2527,0
DA:2528,0
DA:2530,0
DA:2531,0
DA:2532,0
DA:2534,0
DA:2535,0
DA:2536,0
DA:2537,0
DA:2541,0
DA:2542,0
DA:2543,0
DA:2546,0
DA:2547,0
DA:2550,0
DA:2551,0
DA:2552,0
DA:2553,0
DA:2556,0
DA:2564,0
DA:2565,0
DA:2568,0
DA:2582,0
DA:2583,0
DA:2584,0
DA:2589,0
DA:2591,0
DA:2592,0
DA:2595,0
DA:2613,0
DA:2615,0
DA:2616,0
DA:2617,0
DA:2618,0
DA:2620,0
DA:2622,0
DA:2625,0
DA:2628,0
DA:2630,0
DA:2632,0
DA:2635,0
DA:2636,0
DA:2640,0
DA:2642,0
DA:2643,0
DA:2645,0
DA:2657,0
DA:2659,0
DA:2660,0
DA:2663,0
DA:2665,0
DA:2666,0
DA:2670,0
DA:2673,0
DA:2674,0
DA:2677,0
DA:2678,0
DA:2681,0
DA:2682,0
DA:2687,0
DA:2690,0
DA:2700,0
DA:2702,0
DA:2703,0
DA:2705,0
DA:2706,0
DA:2707,0
DA:2710,0
DA:2711,0
DA:2714,0
DA:2715,0
DA:2720,0
DA:2723,0
DA:2732,0
DA:2734,0
DA:2735,0
DA:2736,0
DA:2739,0
DA:2740,0
DA:2743,0
DA:2744,0
DA:2748,0
DA:2749,0
DA:2751,0
DA:2752,0
DA:2754,0
DA:2765,0
DA:2766,0
DA:2769,0
DA:2770,0
DA:2771,0
DA:2772,0
DA:2775,0
DA:2778,0
DA:2780,0
DA:2782,0
DA:2789,0
DA:2795,0
DA:2797,0
DA:2798,0
DA:2799,0
DA:2810,0
DA:2811,0
DA:2823,0
DA:2828,0
DA:2850,0
DA:2889,0
DA:2897,0
DA:2898,0
DA:2899,0
DA:2900,0
DA:2901,0
DA:2902,0
DA:2904,0
DA:2907,0
DA:2908,0
DA:2909,0
DA:2912,0
DA:2915,0
DA:2916,0
DA:2917,0
DA:2919,0
DA:2920,0
DA:2921,0
DA:2923,0
DA:2927,0
DA:2928,0
DA:2931,0
DA:2932,0
DA:2937,0
DA:2938,0
DA:2942,0
DA:2943,0
DA:2947,0
DA:2949,0
DA:2951,0
DA:2952,0
DA:2956,0
DA:2961,0
DA:2962,0
DA:2964,0
DA:2965,0
DA:2966,0
DA:2967,0
DA:2974,0
DA:2975,0
DA:2976,0
DA:2977,0
DA:2981,0
DA:2982,0
DA:2983,0
DA:2990,0
DA:2991,0
DA:2992,0
DA:2994,0
DA:2995,0
DA:2996,0
DA:3005,0
DA:3006,0
DA:3007,0
DA:3010,0
DA:3011,0
DA:3012,0
LF:1114
LH:0
BRDA:7,0,0,0
BRDA:7,0,1,0
BRDA:7,1,0,0
BRDA:7,1,1,0
BRDA:27,2,0,0
BRDA:27,2,1,0
BRDA:37,3,0,0
BRDA:37,3,1,0
BRDA:37,4,0,0
BRDA:37,4,1,0
BRDA:50,5,0,0
BRDA:50,5,1,0
BRDA:50,6,0,0
BRDA:50,6,1,0
BRDA:76,7,0,0
BRDA:76,7,1,0
BRDA:100,8,0,0
BRDA:100,8,1,0
BRDA:104,9,0,0
BRDA:104,9,1,0
BRDA:106,10,0,0
BRDA:106,10,1,0
BRDA:111,11,0,0
BRDA:111,11,1,0
BRDA:113,12,0,0
BRDA:113,12,1,0
BRDA:122,13,0,0
BRDA:122,13,1,0
BRDA:124,14,0,0
BRDA:124,14,1,0
BRDA:124,14,2,0
BRDA:125,15,0,0
BRDA:125,15,1,0
BRDA:132,16,0,0
BRDA:132,16,1,0
BRDA:140,17,0,0
BRDA:142,18,0,0
BRDA:142,18,1,0
BRDA:142,19,0,0
BRDA:142,19,1,0
BRDA:152,20,0,0
BRDA:152,20,1,0
BRDA:175,21,0,0
BRDA:175,21,1,0
BRDA:182,22,0,0
BRDA:182,22,1,0
BRDA:195,23,0,0
BRDA:195,23,1,0
BRDA:195,24,0,0
BRDA:195,24,1,0
BRDA:198,25,0,0
BRDA:198,25,1,0
BRDA:198,26,0,0
BRDA:198,26,1,0
BRDA:205,27,0,0
BRDA:205,27,1,0
BRDA:205,28,0,0
BRDA:205,28,1,0
BRDA:209,29,0,0
BRDA:209,29,1,0
BRDA:213,30,0,0
BRDA:213,30,1,0
BRDA:236,31,0,0
BRDA:236,31,1,0
BRDA:247,32,0,0
BRDA:247,32,1,0
BRDA:249,33,0,0
BRDA:249,33,1,0
BRDA:265,34,0,0
BRDA:265,34,1,0
BRDA:284,35,0,0
BRDA:284,35,1,0
BRDA:286,36,0,0
BRDA:286,36,1,0
BRDA:294,37,0,0
BRDA:294,37,1,0
BRDA:301,38,0,0
BRDA:301,38,1,0
BRDA:311,39,0,0
BRDA:311,39,1,0
BRDA:314,40,0,0
BRDA:314,40,1,0
BRDA:314,41,0,0
BRDA:314,41,1,0
BRDA:317,42,0,0
BRDA:317,42,1,0
BRDA:319,43,0,0
BRDA:319,43,1,0
BRDA:319,44,0,0
BRDA:319,44,1,0
BRDA:326,45,0,0
BRDA:326,45,1,0
BRDA:345,46,0,0
BRDA:347,47,0,0
BRDA:347,47,1,0
BRDA:347,48,0,0
BRDA:347,48,1,0
BRDA:347,48,2,0
BRDA:347,48,3,0
BRDA:349,49,0,0
BRDA:349,49,1,0
BRDA:355,50,0,0
BRDA:355,50,1,0
BRDA:355,51,0,0
BRDA:355,51,1,0
BRDA:358,52,0,0
BRDA:358,52,1,0
BRDA:364,53,0,0
BRDA:364,53,1,0
BRDA:367,54,0,0
BRDA:367,54,1,0
BRDA:368,55,0,0
BRDA:368,55,1,0
BRDA:373,56,0,0
BRDA:373,56,1,0
BRDA:376,57,0,0
BRDA:376,57,1,0
BRDA:390,58,0,0
BRDA:390,58,1,0
BRDA:392,59,0,0
BRDA:392,59,1,0
BRDA:393,60,0,0
BRDA:393,60,1,0
BRDA:407,61,0,0
BRDA:407,61,1,0
BRDA:412,62,0,0
BRDA:412,62,1,0
BRDA:420,63,0,0
BRDA:420,63,1,0
BRDA:422,64,0,0
BRDA:422,64,1,0
BRDA:423,65,0,0
BRDA:423,65,1,0
BRDA:426,66,0,0
BRDA:426,66,1,0
BRDA:429,67,0,0
BRDA:429,67,1,0
BRDA:437,68,0,0
BRDA:437,68,1,0
BRDA:440,69,0,0
BRDA:440,69,1,0
BRDA:444,70,0,0
BRDA:444,70,1,0
BRDA:447,71,0,0
BRDA:447,71,1,0
BRDA:461,72,0,0
BRDA:461,72,1,0
BRDA:462,73,0,0
BRDA:462,73,1,0
BRDA:466,74,0,0
BRDA:466,74,1,0
BRDA:481,75,0,0
BRDA:481,75,1,0
BRDA:485,76,0,0
BRDA:485,76,1,0
BRDA:490,77,0,0
BRDA:490,77,1,0
BRDA:504,78,0,0
BRDA:504,78,1,0
BRDA:508,79,0,0
BRDA:508,79,1,0
BRDA:512,80,0,0
BRDA:512,80,1,0
BRDA:525,81,0,0
BRDA:525,81,1,0
BRDA:528,82,0,0
BRDA:528,82,1,0
BRDA:530,83,0,0
BRDA:530,83,1,0
BRDA:537,84,0,0
BRDA:537,84,1,0
BRDA:537,85,0,0
BRDA:537,85,1,0
BRDA:540,86,0,0
BRDA:540,86,1,0
BRDA:541,87,0,0
BRDA:541,87,1,0
BRDA:541,88,0,0
BRDA:541,88,1,0
BRDA:544,89,0,0
BRDA:544,89,1,0
BRDA:549,90,0,0
BRDA:549,90,1,0
BRDA:558,91,0,0
BRDA:558,91,1,0
BRDA:565,92,0,0
BRDA:565,92,1,0
BRDA:569,93,0,0
BRDA:569,93,1,0
BRDA:573,94,0,0
BRDA:573,94,1,0
BRDA:584,95,0,0
BRDA:584,95,1,0
BRDA:601,96,0,0
BRDA:601,96,1,0
BRDA:636,97,0,0
BRDA:636,97,1,0
BRDA:647,98,0,0
BRDA:647,98,1,0
BRDA:649,99,0,0
BRDA:649,99,1,0
BRDA:650,100,0,0
BRDA:650,100,1,0
BRDA:651,101,0,0
BRDA:651,101,1,0
BRDA:652,102,0,0
BRDA:652,102,1,0
BRDA:653,103,0,0
BRDA:653,103,1,0
BRDA:670,104,0,0
BRDA:670,104,1,0
BRDA:682,105,0,0
BRDA:682,105,1,0
BRDA:714,106,0,0
BRDA:714,106,1,0
BRDA:714,107,0,0
BRDA:714,107,1,0
BRDA:714,107,2,0
BRDA:736,108,0,0
BRDA:736,108,1,0
BRDA:739,109,0,0
BRDA:739,109,1,0
BRDA:742,110,0,0
BRDA:742,110,1,0
BRDA:764,111,0,0
BRDA:764,111,1,0
BRDA:764,112,0,0
BRDA:764,112,1,0
BRDA:764,112,2,0
BRDA:794,113,0,0
BRDA:794,113,1,0
BRDA:794,114,0,0
BRDA:794,114,1,0
BRDA:794,114,2,0
BRDA:800,115,0,0
BRDA:800,115,1,0
BRDA:812,116,0,0
BRDA:812,116,1,0
BRDA:815,117,0,0
BRDA:815,117,1,0
BRDA:816,118,0,0
BRDA:816,118,1,0
BRDA:817,119,0,0
BRDA:817,119,1,0
BRDA:818,120,0,0
BRDA:818,120,1,0
BRDA:822,121,0,0
BRDA:822,121,1,0
BRDA:825,122,0,0
BRDA:825,122,1,0
BRDA:827,123,0,0
BRDA:827,123,1,0
BRDA:828,124,0,0
BRDA:828,124,1,0
BRDA:828,124,2,0
BRDA:832,125,0,0
BRDA:832,125,1,0
BRDA:834,126,0,0
BRDA:834,126,1,0
BRDA:838,127,0,0
BRDA:838,127,1,0
BRDA:841,128,0,0
BRDA:841,128,1,0
BRDA:842,129,0,0
BRDA:842,129,1,0
BRDA:866,130,0,0
BRDA:866,130,1,0
BRDA:899,131,0,0
BRDA:899,131,1,0
BRDA:900,132,0,0
BRDA:900,132,1,0
BRDA:901,133,0,0
BRDA:901,133,1,0
BRDA:923,134,0,0
BRDA:923,134,1,0
BRDA:926,135,0,0
BRDA:926,135,1,0
BRDA:936,136,0,0
BRDA:936,136,1,0
BRDA:942,137,0,0
BRDA:942,137,1,0
BRDA:947,138,0,0
BRDA:947,138,1,0
BRDA:950,139,0,0
BRDA:950,139,1,0
BRDA:952,140,0,0
BRDA:952,140,1,0
BRDA:955,141,0,0
BRDA:955,141,1,0
BRDA:957,142,0,0
BRDA:957,142,1,0
BRDA:964,143,0,0
BRDA:964,143,1,0
BRDA:964,143,2,0
BRDA:971,144,0,0
BRDA:971,144,1,0
BRDA:972,145,0,0
BRDA:972,145,1,0
BRDA:977,146,0,0
BRDA:977,146,1,0
BRDA:977,147,0,0
BRDA:977,147,1,0
BRDA:991,148,0,0
BRDA:991,148,1,0
BRDA:996,149,0,0
BRDA:996,149,1,0
BRDA:1000,150,0,0
BRDA:1000,150,1,0
BRDA:1009,151,0,0
BRDA:1009,151,1,0
BRDA:1010,152,0,0
BRDA:1010,152,1,0
BRDA:1016,153,0,0
BRDA:1016,153,1,0
BRDA:1017,154,0,0
BRDA:1017,154,1,0
BRDA:1017,154,2,0
BRDA:1018,155,0,0
BRDA:1018,155,1,0
BRDA:1018,155,2,0
BRDA:1019,156,0,0
BRDA:1019,156,1,0
BRDA:1028,157,0,0
BRDA:1028,157,1,0
BRDA:1029,158,0,0
BRDA:1029,158,1,0
BRDA:1040,159,0,0
BRDA:1040,159,1,0
BRDA:1041,160,0,0
BRDA:1041,160,1,0
BRDA:1045,161,0,0
BRDA:1045,161,1,0
BRDA:1051,162,0,0
BRDA:1051,162,1,0
BRDA:1051,162,2,0
BRDA:1052,163,0,0
BRDA:1052,163,1,0
BRDA:1055,164,0,0
BRDA:1055,164,1,0
BRDA:1056,165,0,0
BRDA:1056,165,1,0
BRDA:1064,166,0,0
BRDA:1064,166,1,0
BRDA:1065,167,0,0
BRDA:1065,167,1,0
BRDA:1076,168,0,0
BRDA:1076,168,1,0
BRDA:1077,169,0,0
BRDA:1077,169,1,0
BRDA:1085,170,0,0
BRDA:1085,170,1,0
BRDA:1091,171,0,0
BRDA:1091,171,1,0
BRDA:1092,172,0,0
BRDA:1092,172,1,0
BRDA:1093,173,0,0
BRDA:1093,173,1,0
BRDA:1105,174,0,0
BRDA:1105,174,1,0
BRDA:1106,175,0,0
BRDA:1106,175,1,0
BRDA:1109,176,0,0
BRDA:1109,176,1,0
BRDA:1113,177,0,0
BRDA:1113,177,1,0
BRDA:1131,178,0,0
BRDA:1131,178,1,0
BRDA:1137,179,0,0
BRDA:1137,179,1,0
BRDA:1138,180,0,0
BRDA:1138,180,1,0
BRDA:1138,181,0,0
BRDA:1138,181,1,0
BRDA:1146,182,0,0
BRDA:1146,182,1,0
BRDA:1147,183,0,0
BRDA:1147,183,1,0
BRDA:1148,184,0,0
BRDA:1148,184,1,0
BRDA:1154,185,0,0
BRDA:1154,185,1,0
BRDA:1157,186,0,0
BRDA:1157,186,1,0
BRDA:1162,187,0,0
BRDA:1162,187,1,0
BRDA:1164,188,0,0
BRDA:1164,188,1,0
BRDA:1169,189,0,0
BRDA:1169,189,1,0
BRDA:1170,190,0,0
BRDA:1170,190,1,0
BRDA:1175,191,0,0
BRDA:1175,191,1,0
BRDA:1178,192,0,0
BRDA:1178,192,1,0
BRDA:1188,193,0,0
BRDA:1188,193,1,0
BRDA:1189,194,0,0
BRDA:1189,194,1,0
BRDA:1190,195,0,0
BRDA:1190,195,1,0
BRDA:1195,196,0,0
BRDA:1195,196,1,0
BRDA:1195,197,0,0
BRDA:1195,197,1,0
BRDA:1198,198,0,0
BRDA:1198,198,1,0
BRDA:1201,199,0,0
BRDA:1201,199,1,0
BRDA:1208,200,0,0
BRDA:1208,200,1,0
BRDA:1212,201,0,0
BRDA:1212,201,1,0
BRDA:1212,202,0,0
BRDA:1212,202,1,0
BRDA:1216,203,0,0
BRDA:1216,203,1,0
BRDA:1227,204,0,0
BRDA:1227,204,1,0
BRDA:1228,205,0,0
BRDA:1228,205,1,0
BRDA:1242,206,0,0
BRDA:1242,206,1,0
BRDA:1255,207,0,0
BRDA:1255,207,1,0
BRDA:1262,208,0,0
BRDA:1262,208,1,0
BRDA:1265,209,0,0
BRDA:1265,209,1,0
BRDA:1268,210,0,0
BRDA:1268,210,1,0
BRDA:1273,211,0,0
BRDA:1273,211,1,0
BRDA:1273,212,0,0
BRDA:1273,212,1,0
BRDA:1279,213,0,0
BRDA:1279,213,1,0
BRDA:1281,214,0,0
BRDA:1281,214,1,0
BRDA:1286,215,0,0
BRDA:1286,215,1,0
BRDA:1287,216,0,0
BRDA:1287,216,1,0
BRDA:1291,217,0,0
BRDA:1291,217,1,0
BRDA:1292,218,0,0
BRDA:1292,218,1,0
BRDA:1293,219,0,0
BRDA:1293,219,1,0
BRDA:1296,220,0,0
BRDA:1296,220,1,0
BRDA:1313,221,0,0
BRDA:1313,221,1,0
BRDA:1319,222,0,0
BRDA:1321,223,0,0
BRDA:1321,223,1,0
BRDA:1321,224,0,0
BRDA:1321,224,1,0
BRDA:1321,224,2,0
BRDA:1323,225,0,0
BRDA:1323,225,1,0
BRDA:1331,226,0,0
BRDA:1331,226,1,0
BRDA:1332,227,0,0
BRDA:1332,227,1,0
BRDA:1334,228,0,0
BRDA:1334,228,1,0
BRDA:1341,229,0,0
BRDA:1341,229,1,0
BRDA:1348,230,0,0
BRDA:1348,230,1,0
BRDA:1350,231,0,0
BRDA:1350,231,1,0
BRDA:1352,232,0,0
BRDA:1352,232,1,0
BRDA:1356,233,0,0
BRDA:1356,233,1,0
BRDA:1368,234,0,0
BRDA:1368,234,1,0
BRDA:1369,235,0,0
BRDA:1369,235,1,0
BRDA:1393,236,0,0
BRDA:1393,236,1,0
BRDA:1397,237,0,0
BRDA:1397,237,1,0
BRDA:1400,238,0,0
BRDA:1400,238,1,0
BRDA:1403,239,0,0
BRDA:1403,239,1,0
BRDA:1418,240,0,0
BRDA:1418,240,1,0
BRDA:1422,241,0,0
BRDA:1422,241,1,0
BRDA:1426,242,0,0
BRDA:1426,242,1,0
BRDA:1438,243,0,0
BRDA:1438,243,1,0
BRDA:1438,244,0,0
BRDA:1438,244,1,0
BRDA:1440,245,0,0
BRDA:1440,245,1,0
BRDA:1444,246,0,0
BRDA:1444,246,1,0
BRDA:1446,247,0,0
BRDA:1446,247,1,0
BRDA:1460,248,0,0
BRDA:1460,248,1,0
BRDA:1464,249,0,0
BRDA:1464,249,1,0
BRDA:1465,250,0,0
BRDA:1465,250,1,0
BRDA:1473,251,0,0
BRDA:1473,251,1,0
BRDA:1473,252,0,0
BRDA:1473,252,1,0
BRDA:1476,253,0,0
BRDA:1476,253,1,0
BRDA:1481,254,0,0
BRDA:1481,254,1,0
BRDA:1486,255,0,0
BRDA:1486,255,1,0
BRDA:1486,255,2,0
BRDA:1491,256,0,0
BRDA:1491,256,1,0
BRDA:1491,256,2,0
BRDA:1495,257,0,0
BRDA:1495,257,1,0
BRDA:1496,258,0,0
BRDA:1496,258,1,0
BRDA:1497,259,0,0
BRDA:1497,259,1,0
BRDA:1500,260,0,0
BRDA:1500,260,1,0
BRDA:1501,261,0,0
BRDA:1501,261,1,0
BRDA:1502,262,0,0
BRDA:1502,262,1,0
BRDA:1517,263,0,0
BRDA:1517,263,1,0
BRDA:1517,264,0,0
BRDA:1517,264,1,0
BRDA:1523,265,0,0
BRDA:1523,265,1,0
BRDA:1523,266,0,0
BRDA:1523,266,1,0
BRDA:1532,267,0,0
BRDA:1532,267,1,0
BRDA:1533,268,0,0
BRDA:1533,268,1,0
BRDA:1546,269,0,0
BRDA:1546,269,1,0
BRDA:1564,270,0,0
BRDA:1564,270,1,0
BRDA:1564,271,0,0
BRDA:1564,271,1,0
BRDA:1570,272,0,0
BRDA:1570,272,1,0
BRDA:1576,273,0,0
BRDA:1576,273,1,0
BRDA:1576,274,0,0
BRDA:1576,274,1,0
BRDA:1578,275,0,0
BRDA:1578,275,1,0
BRDA:1585,276,0,0
BRDA:1585,276,1,0
BRDA:1587,277,0,0
BRDA:1587,277,1,0
BRDA:1592,278,0,0
BRDA:1592,278,1,0
BRDA:1594,279,0,0
BRDA:1594,279,1,0
BRDA:1595,280,0,0
BRDA:1595,280,1,0
BRDA:1597,281,0,0
BRDA:1597,281,1,0
BRDA:1598,282,0,0
BRDA:1598,282,1,0
BRDA:1599,283,0,0
BRDA:1599,283,1,0
BRDA:1599,284,0,0
BRDA:1599,284,1,0
BRDA:1600,285,0,0
BRDA:1601,286,0,0
BRDA:1601,286,1,0
BRDA:1601,287,0,0
BRDA:1601,287,1,0
BRDA:1601,287,2,0
BRDA:1608,288,0,0
BRDA:1608,288,1,0
BRDA:1611,289,0,0
BRDA:1611,289,1,0
BRDA:1621,290,0,0
BRDA:1621,290,1,0
BRDA:1625,291,0,0
BRDA:1625,291,1,0
BRDA:1656,292,0,0
BRDA:1656,292,1,0
BRDA:1838,293,0,0
BRDA:1838,293,1,0
BRDA:1840,294,0,0
BRDA:1840,294,1,0
BRDA:1842,295,0,0
BRDA:1842,295,1,0
BRDA:1842,296,0,0
BRDA:1842,296,1,0
BRDA:1843,297,0,0
BRDA:1843,297,1,0
BRDA:1844,298,0,0
BRDA:1844,298,1,0
BRDA:1844,298,2,0
BRDA:1845,299,0,0
BRDA:1845,299,1,0
BRDA:1853,300,0,0
BRDA:1853,300,1,0
BRDA:1853,300,2,0
BRDA:1856,301,0,0
BRDA:1856,301,1,0
BRDA:1856,302,0,0
BRDA:1856,302,1,0
BRDA:1858,303,0,0
BRDA:1858,303,1,0
BRDA:1858,303,2,0
BRDA:1859,304,0,0
BRDA:1859,304,1,0
BRDA:1859,305,0,0
BRDA:1859,305,1,0
BRDA:1871,306,0,0
BRDA:1871,306,1,0
BRDA:1872,307,0,0
BRDA:1872,307,1,0
BRDA:1874,308,0,0
BRDA:1874,308,1,0
BRDA:1882,309,0,0
BRDA:1882,309,1,0
BRDA:1882,309,2,0
BRDA:1885,310,0,0
BRDA:1885,310,1,0
BRDA:1885,311,0,0
BRDA:1885,311,1,0
BRDA:1887,312,0,0
BRDA:1887,312,1,0
BRDA:1887,312,2,0
BRDA:1888,313,0,0
BRDA:1888,313,1,0
BRDA:1888,314,0,0
BRDA:1888,314,1,0
BRDA:1900,315,0,0
BRDA:1900,315,1,0
BRDA:1906,316,0,0
BRDA:1906,316,1,0
BRDA:1908,317,0,0
BRDA:1908,317,1,0
BRDA:1913,318,0,0
BRDA:1913,318,1,0
BRDA:1917,319,0,0
BRDA:1917,319,1,0
BRDA:1934,320,0,0
BRDA:1934,320,1,0
BRDA:1935,321,0,0
BRDA:1935,321,1,0
BRDA:1937,322,0,0
BRDA:1937,322,1,0
BRDA:1940,323,0,0
BRDA:1940,323,1,0
BRDA:1940,323,2,0
BRDA:1940,323,3,0
BRDA:1943,324,0,0
BRDA:1943,324,1,0
BRDA:1946,325,0,0
BRDA:1946,325,1,0
BRDA:1951,326,0,0
BRDA:1951,326,1,0
BRDA:1951,327,0,0
BRDA:1951,327,1,0
BRDA:1960,328,0,0
BRDA:1960,328,1,0
BRDA:1966,329,0,0
BRDA:1966,329,1,0
BRDA:1991,330,0,0
BRDA:1991,330,1,0
BRDA:2001,331,0,0
BRDA:2001,331,1,0
BRDA:2003,332,0,0
BRDA:2003,332,1,0
BRDA:2006,333,0,0
BRDA:2006,333,1,0
BRDA:2012,334,0,0
BRDA:2012,334,1,0
BRDA:2015,335,0,0
BRDA:2015,335,1,0
BRDA:2024,336,0,0
BRDA:2024,336,1,0
BRDA:2029,337,0,0
BRDA:2029,337,1,0
BRDA:2033,338,0,0
BRDA:2033,338,1,0
BRDA:2035,339,0,0
BRDA:2035,339,1,0
BRDA:2041,340,0,0
BRDA:2041,340,1,0
BRDA:2044,341,0,0
BRDA:2044,341,1,0
BRDA:2046,342,0,0
BRDA:2046,342,1,0
BRDA:2046,343,0,0
BRDA:2046,343,1,0
BRDA:2049,344,0,0
BRDA:2049,344,1,0
BRDA:2049,344,2,0
BRDA:2056,345,0,0
BRDA:2056,345,1,0
BRDA:2059,346,0,0
BRDA:2059,346,1,0
BRDA:2072,347,0,0
BRDA:2072,347,1,0
BRDA:2077,348,0,0
BRDA:2077,348,1,0
BRDA:2082,349,0,0
BRDA:2082,349,1,0
BRDA:2085,350,0,0
BRDA:2085,350,1,0
BRDA:2095,351,0,0
BRDA:2095,351,1,0
BRDA:2095,352,0,0
BRDA:2095,352,1,0
BRDA:2097,353,0,0
BRDA:2097,353,1,0
BRDA:2116,354,0,0
BRDA:2116,354,1,0
BRDA:2126,355,0,0
BRDA:2126,355,1,0
BRDA:2126,356,0,0
BRDA:2126,356,1,0
BRDA:2133,357,0,0
BRDA:2133,357,1,0
BRDA:2134,358,0,0
BRDA:2134,358,1,0
BRDA:2140,359,0,0
BRDA:2140,359,1,0
BRDA:2142,360,0,0
BRDA:2142,360,1,0
BRDA:2150,361,0,0
BRDA:2150,361,1,0
BRDA:2156,362,0,0
BRDA:2156,362,1,0
BRDA:2156,362,2,0
BRDA:2162,363,0,0
BRDA:2162,363,1,0
BRDA:2178,364,0,0
BRDA:2178,364,1,0
BRDA:2180,365,0,0
BRDA:2180,365,1,0
BRDA:2189,366,0,0
BRDA:2189,366,1,0
BRDA:2189,367,0,0
BRDA:2189,367,1,0
BRDA:2192,368,0,0
BRDA:2192,368,1,0
BRDA:2195,369,0,0
BRDA:2195,369,1,0
BRDA:2196,370,0,0
BRDA:2196,370,1,0
BRDA:2197,371,0,0
BRDA:2197,371,1,0
BRDA:2198,372,0,0
BRDA:2198,372,1,0
BRDA:2202,373,0,0
BRDA:2202,373,1,0
BRDA:2203,374,0,0
BRDA:2203,374,1,0
BRDA:2203,375,0,0
BRDA:2203,375,1,0
BRDA:2211,376,0,0
BRDA:2211,376,1,0
BRDA:2215,377,0,0
BRDA:2215,377,1,0
BRDA:2220,378,0,0
BRDA:2220,378,1,0
BRDA:2226,379,0,0
BRDA:2226,379,1,0
BRDA:2242,380,0,0
BRDA:2242,380,1,0
BRDA:2242,381,0,0
BRDA:2242,381,1,0
BRDA:2245,382,0,0
BRDA:2245,382,1,0
BRDA:2253,383,0,0
BRDA:2253,383,1,0
BRDA:2254,384,0,0
BRDA:2254,384,1,0
BRDA:2257,385,0,0
BRDA:2257,385,1,0
BRDA:2262,386,0,0
BRDA:2262,386,1,0
BRDA:2272,387,0,0
BRDA:2272,387,1,0
BRDA:2275,388,0,0
BRDA:2275,388,1,0
BRDA:2275,389,0,0
BRDA:2275,389,1,0
BRDA:2278,390,0,0
BRDA:2278,390,1,0
BRDA:2286,391,0,0
BRDA:2286,391,1,0
BRDA:2292,392,0,0
BRDA:2292,392,1,0
BRDA:2301,393,0,0
BRDA:2301,393,1,0
BRDA:2307,394,0,0
BRDA:2307,394,1,0
BRDA:2316,395,0,0
BRDA:2316,395,1,0
BRDA:2317,396,0,0
BRDA:2317,396,1,0
BRDA:2318,397,0,0
BRDA:2318,397,1,0
BRDA:2319,398,0,0
BRDA:2319,398,1,0
BRDA:2321,399,0,0
BRDA:2321,399,1,0
BRDA:2325,400,0,0
BRDA:2325,400,1,0
BRDA:2325,401,0,0
BRDA:2325,401,1,0
BRDA:2325,402,0,0
BRDA:2325,402,1,0
BRDA:2326,403,0,0
BRDA:2326,403,1,0
BRDA:2359,404,0,0
BRDA:2359,404,1,0
BRDA:2365,405,0,0
BRDA:2365,405,1,0
BRDA:2371,406,0,0
BRDA:2371,406,1,0
BRDA:2378,407,0,0
BRDA:2378,407,1,0
BRDA:2385,408,0,0
BRDA:2385,408,1,0
BRDA:2387,409,0,0
BRDA:2387,409,1,0
BRDA:2395,410,0,0
BRDA:2395,410,1,0
BRDA:2397,411,0,0
BRDA:2397,411,1,0
BRDA:2417,412,0,0
BRDA:2417,412,1,0
BRDA:2417,413,0,0
BRDA:2417,413,1,0
BRDA:2426,414,0,0
BRDA:2426,414,1,0
BRDA:2432,415,0,0
BRDA:2432,415,1,0
BRDA:2442,416,0,0
BRDA:2442,416,1,0
BRDA:2443,417,0,0
BRDA:2443,417,1,0
BRDA:2444,418,0,0
BRDA:2444,418,1,0
BRDA:2445,419,0,0
BRDA:2445,419,1,0
BRDA:2447,420,0,0
BRDA:2447,420,1,0
BRDA:2449,421,0,0
BRDA:2449,421,1,0
BRDA:2450,422,0,0
BRDA:2450,422,1,0
BRDA:2452,423,0,0
BRDA:2452,423,1,0
BRDA:2457,424,0,0
BRDA:2457,424,1,0
BRDA:2457,425,0,0
BRDA:2457,425,1,0
BRDA:2487,426,0,0
BRDA:2487,426,1,0
BRDA:2493,427,0,0
BRDA:2493,427,1,0
BRDA:2493,427,2,0
BRDA:2497,428,0,0
BRDA:2497,428,1,0
BRDA:2499,429,0,0
BRDA:2499,429,1,0
BRDA:2499,430,0,0
BRDA:2499,430,1,0
BRDA:2510,431,0,0
BRDA:2514,432,0,0
BRDA:2514,432,1,0
BRDA:2514,433,0,0
BRDA:2514,433,1,0
BRDA:2518,434,0,0
BRDA:2518,434,1,0
BRDA:2527,435,0,0
BRDA:2527,435,1,0
BRDA:2527,436,0,0
BRDA:2527,436,1,0
BRDA:2531,437,0,0
BRDA:2531,437,1,0
BRDA:2531,438,0,0
BRDA:2531,438,1,0
BRDA:2535,439,0,0
BRDA:2535,439,1,0
BRDA:2542,440,0,0
BRDA:2542,440,1,0
BRDA:2542,441,0,0
BRDA:2542,441,1,0
BRDA:2546,442,0,0
BRDA:2546,442,1,0
BRDA:2547,443,0,0
BRDA:2547,443,1,0
BRDA:2551,444,0,0
BRDA:2551,444,1,0
BRDA:2558,445,0,0
BRDA:2558,445,1,0
BRDA:2564,446,0,0
BRDA:2564,446,1,0
BRDA:2582,447,0,0
BRDA:2582,447,1,0
BRDA:2591,448,0,0
BRDA:2591,448,1,0
BRDA:2591,449,0,0
BRDA:2591,449,1,0
BRDA:2598,450,0,0
BRDA:2598,450,1,0
BRDA:2602,451,0,0
BRDA:2602,451,1,0
BRDA:2603,452,0,0
BRDA:2603,452,1,0
BRDA:2604,453,0,0
BRDA:2604,453,1,0
BRDA:2605,454,0,0
BRDA:2605,454,1,0
BRDA:2616,455,0,0
BRDA:2616,455,1,0
BRDA:2617,456,0,0
BRDA:2617,456,1,0
BRDA:2630,457,0,0
BRDA:2630,457,1,0
BRDA:2632,458,0,0
BRDA:2632,458,1,0
BRDA:2635,459,0,0
BRDA:2635,459,1,0
BRDA:2642,460,0,0
BRDA:2642,460,1,0
BRDA:2660,461,0,0
BRDA:2660,461,1,0
BRDA:2663,462,0,0
BRDA:2663,462,1,0
BRDA:2663,463,0,0
BRDA:2663,463,1,0
BRDA:2663,463,2,0
BRDA:2681,464,0,0
BRDA:2681,464,1,0
BRDA:2703,465,0,0
BRDA:2703,465,1,0
BRDA:2714,466,0,0
BRDA:2714,466,1,0
BRDA:2735,467,0,0
BRDA:2735,467,1,0
BRDA:2743,468,0,0
BRDA:2743,468,1,0
BRDA:2751,469,0,0
BRDA:2751,469,1,0
BRDA:2765,470,0,0
BRDA:2765,470,1,0
BRDA:2770,471,0,0
BRDA:2770,471,1,0
BRDA:2770,472,0,0
BRDA:2770,472,1,0
BRDA:2782,473,0,0
BRDA:2782,473,1,0
BRDA:2789,474,0,0
BRDA:2789,474,1,0
BRDA:2795,475,0,0
BRDA:2795,475,1,0
BRDA:2798,476,0,0
BRDA:2798,476,1,0
BRDA:2799,477,0,0
BRDA:2799,477,1,0
BRDA:2810,478,0,0
BRDA:2810,478,1,0
BRDA:2811,479,0,0
BRDA:2811,479,1,0
BRDA:2829,480,0,0
BRDA:2829,480,1,0
BRDA:2832,481,0,0
BRDA:2832,481,1,0
BRDA:2834,482,0,0
BRDA:2834,482,1,0
BRDA:2835,483,0,0
BRDA:2835,483,1,0
BRDA:2882,484,0,0
BRDA:2882,484,1,0
BRDA:2898,485,0,0
BRDA:2898,485,1,0
BRDA:2898,486,0,0
BRDA:2898,486,1,0
BRDA:2900,487,0,0
BRDA:2900,487,1,0
BRDA:2901,488,0,0
BRDA:2901,488,1,0
BRDA:2908,489,0,0
BRDA:2908,489,1,0
BRDA:2908,490,0,0
BRDA:2908,490,1,0
BRDA:2919,491,0,0
BRDA:2919,491,1,0
BRDA:2920,492,0,0
BRDA:2920,492,1,0
BRDA:2927,493,0,0
BRDA:2927,493,1,0
BRDA:2931,494,0,0
BRDA:2931,494,1,0
BRDA:2937,495,0,0
BRDA:2937,495,1,0
BRDA:2942,496,0,0
BRDA:2942,496,1,0
BRDA:2949,497,0,0
BRDA:2949,497,1,0
BRDA:2951,498,0,0
BRDA:2951,498,1,0
BRDA:2961,499,0,0
BRDA:2961,499,1,0
BRDA:2964,500,0,0
BRDA:2964,500,1,0
BRDA:2964,501,0,0
BRDA:2964,501,1,0
BRDA:2966,502,0,0
BRDA:2966,502,1,0
BRDA:2976,503,0,0
BRDA:2976,503,1,0
BRDA:2981,504,0,0
BRDA:2981,504,1,0
BRDA:2994,505,0,0
BRDA:2994,505,1,0
BRDA:3005,506,0,0
BRDA:3005,506,1,0
BRDA:3011,507,0,0
BRDA:3011,507,1,0
BRF:1037
BRH:0
end_of_record
TN:
SF:frontend/js/modules/ui-controller.js
FN:9,(anonymous_0)
FN:16,(anonymous_1)
FN:27,(anonymous_2)
FN:31,(anonymous_3)
FN:32,(anonymous_4)
FN:44,(anonymous_5)
FN:54,(anonymous_6)
FN:64,(anonymous_7)
FN:73,(anonymous_8)
FN:84,(anonymous_9)
FN:92,(anonymous_10)
FN:102,(anonymous_11)
FN:112,(anonymous_12)
FN:122,(anonymous_13)
FN:143,toggleSidebar
FN:147,switchSidebarTab
FN:151,showSettings
FN:155,closeSettings
FN:159,toggleDarkMode
FN:163,toggleSaveHistory
FN:167,toggleTeamFeature
FN:171,handleLogout
FN:175,openBottomSettings
FN:179,closeBottomSettings
FNF:24
FNH:0
FNDA:0,(anonymous_0)
FNDA:0,(anonymous_1)
FNDA:0,(anonymous_2)
FNDA:0,(anonymous_3)
FNDA:0,(anonymous_4)
FNDA:0,(anonymous_5)
FNDA:0,(anonymous_6)
FNDA:0,(anonymous_7)
FNDA:0,(anonymous_8)
FNDA:0,(anonymous_9)
FNDA:0,(anonymous_10)
FNDA:0,(anonymous_11)
FNDA:0,(anonymous_12)
FNDA:0,(anonymous_13)
FNDA:0,toggleSidebar
FNDA:0,switchSidebarTab
FNDA:0,showSettings
FNDA:0,closeSettings
FNDA:0,toggleDarkMode
FNDA:0,toggleSaveHistory
FNDA:0,toggleTeamFeature
FNDA:0,handleLogout
FNDA:0,openBottomSettings
FNDA:0,closeBottomSettings
DA:10,0
DA:17,0
DA:18,0
DA:19,0
DA:28,0
DA:29,0
DA:31,0
DA:32,0
DA:34,0
DA:35,0
DA:37,0
DA:38,0
DA:45,0
DA:46,0
DA:47,0
DA:55,0
DA:56,0
DA:57,0
DA:65,0
DA:66,0
DA:67,0
DA:74,0
DA:75,0
DA:76,0
DA:85,0
DA:93,0
DA:94,0
DA:95,0
DA:103,0
DA:104,0
DA:105,0
DA:113,0
DA:114,0
DA:115,0
DA:124,0
DA:125,0
DA:126,0
DA:130,0
DA:131,0
DA:132,0
DA:133,0
DA:140,0
DA:144,0
DA:148,0
DA:152,0
DA:156,0
DA:160,0
DA:164,0
DA:168,0
DA:172,0
DA:176,0
DA:180,0
LF:52
LH:0
BRDA:18,0,0,0
BRDA:18,0,1,0
BRDA:37,1,0,0
BRDA:37,1,1,0
BRDA:38,2,0,0
BRDA:38,2,1,0
BRDA:46,3,0,0
BRDA:46,3,1,0
BRDA:56,4,0,0
BRDA:56,4,1,0
BRDA:74,5,0,0
BRDA:74,5,1,0
BRDA:74,6,0,0
BRDA:74,6,1,0
BRDA:93,7,0,0
BRDA:93,7,1,0
BRDA:104,8,0,0
BRDA:104,8,1,0
BRDA:114,9,0,0
BRDA:114,9,1,0
BRDA:125,10,0,0
BRDA:125,10,1,0
BRDA:130,11,0,0
BRDA:130,11,1,0
BRDA:130,12,0,0
BRDA:130,12,1,0
BRDA:132,13,0,0
BRDA:132,13,1,0
BRF:28
BRH:0
end_of_record
TN:
SF:frontend/js/modules/workflow-executor.js
FN:6,getDefaultApiUrl
FN:14,(anonymous_1)
FN:31,(anonymous_2)
FN:81,(anonymous_3)
FN:160,(anonymous_4)
FN:182,(anonymous_5)
FN:202,(anonymous_6)
FN:224,(anonymous_7)
FN:232,(anonymous_8)
FN:261,(anonymous_9)
FN:276,(anonymous_10)
FN:277,(anonymous_11)
FN:295,(anonymous_12)
FN:310,(anonymous_13)
FN:311,(anonymous_14)
FN:312,(anonymous_15)
FN:319,(anonymous_16)
FN:323,(anonymous_17)
FN:326,(anonymous_18)
FN:327,(anonymous_19)
FN:332,(anonymous_20)
FN:353,(anonymous_21)
FN:428,(anonymous_22)
FN:444,(anonymous_23)
FN:463,(anonymous_24)
FN:526,(anonymous_25)
FN:538,(anonymous_26)
FN:557,(anonymous_27)
FN:577,(anonymous_28)
FN:625,(anonymous_29)
FN:640,(anonymous_30)
FN:698,(anonymous_31)
FN:707,(anonymous_32)
FN:722,(anonymous_33)
FN:733,(anonymous_34)
FN:748,(anonymous_35)
FN:783,(anonymous_36)
FNF:37
FNH:0
FNDA:0,getDefaultApiUrl
FNDA:0,(anonymous_1)
FNDA:0,(anonymous_2)
FNDA:0,(anonymous_3)
FNDA:0,(anonymous_4)
FNDA:0,(anonymous_5)
FNDA:0,(anonymous_6)
FNDA:0,(anonymous_7)
FNDA:0,(anonymous_8)
FNDA:0,(anonymous_9)
FNDA:0,(anonymous_10)
FNDA:0,(anonymous_11)
FNDA:0,(anonymous_12)
FNDA:0,(anonymous_13)
FNDA:0,(anonymous_14)
FNDA:0,(anonymous_15)
FNDA:0,(anonymous_16)
FNDA:0,(anonymous_17)
FNDA:0,(anonymous_18)
FNDA:0,(anonymous_19)
FNDA:0,(anonymous_20)
FNDA:0,(anonymous_21)
FNDA:0,(anonymous_22)
FNDA:0,(anonymous_23)
FNDA:0,(anonymous_24)
FNDA:0,(anonymous_25)
FNDA:0,(anonymous_26)
FNDA:0,(anonymous_27)
FNDA:0,(anonymous_28)
FNDA:0,(anonymous_29)
FNDA:0,(anonymous_30)
FNDA:0,(anonymous_31)
FNDA:0,(anonymous_32)
FNDA:0,(anonymous_33)
FNDA:0,(anonymous_34)
FNDA:0,(anonymous_35)
FNDA:0,(anonymous_36)
DA:7,0
DA:8,0
DA:10,0
DA:15,0
DA:16,0
DA:17,0
DA:20,0
DA:21,0
DA:32,0
DA:33,0
DA:36,0
DA:37,0
DA:38,0
DA:39,0
DA:40,0
DA:42,0
DA:45,0
DA:51,0
DA:52,0
DA:53,0
DA:56,0
DA:58,0
DA:65,0
DA:67,0
DA:69,0
DA:82,0
DA:83,0
DA:86,0
DA:87,0
DA:88,0
DA:95,0
DA:96,0
DA:97,0
DA:101,0
DA:102,0
DA:103,0
DA:104,0
DA:106,0
DA:107,0
DA:108,0
DA:110,0
DA:111,0
DA:112,0
DA:115,0
DA:116,0
DA:118,0
DA:119,0
DA:120,0
DA:121,0
DA:122,0
DA:123,0
DA:124,0
DA:125,0
DA:126,0
DA:127,0
DA:128,0
DA:129,0
DA:133,0
DA:134,0
DA:135,0
DA:138,0
DA:141,0
DA:147,0
DA:149,0
DA:150,0
DA:161,0
DA:162,0
DA:166,0
DA:167,0
DA:170,0
DA:171,0
DA:173,0
DA:183,0
DA:184,0
DA:186,0
DA:187,0
DA:190,0
DA:191,0
DA:193,0
DA:203,0
DA:204,0
DA:209,0
DA:210,0
DA:213,0
DA:225,0
DA:226,0
DA:227,0
DA:228,0
DA:232,0
DA:233,0
DA:234,0
DA:235,0
DA:236,0
DA:237,0
DA:240,0
DA:241,0
DA:242,0
DA:243,0
DA:247,0
DA:250,0
DA:251,0
DA:254,0
DA:255,0
DA:262,0
DA:263,0
DA:266,0
DA:275,0
DA:276,0
DA:277,0
DA:288,0
DA:289,0
DA:292,0
DA:296,0
DA:297,0
DA:298,0
DA:300,0
DA:301,0
DA:302,0
DA:304,0
DA:305,0
DA:306,0
DA:308,0
DA:309,0
DA:310,0
DA:311,0
DA:312,0
DA:313,0
DA:314,0
DA:316,0
DA:320,0
DA:321,0
DA:323,0
DA:324,0
DA:326,0
DA:327,0
DA:333,0
DA:339,0
DA:340,0
DA:341,0
DA:344,0
DA:345,0
DA:354,0
DA:420,0
DA:429,0
DA:430,0
DA:431,0
DA:434,0
DA:435,0
DA:440,0
DA:443,0
DA:444,0
DA:447,0
DA:464,0
DA:466,0
DA:473,0
DA:479,0
DA:480,0
DA:481,0
DA:483,0
DA:484,0
DA:485,0
DA:490,0
DA:491,0
DA:497,0
DA:504,0
DA:527,0
DA:528,0
DA:530,0
DA:531,0
DA:534,0
DA:538,0
DA:558,0
DA:559,0
DA:560,0
DA:561,0
DA:563,0
DA:565,0
DA:569,0
DA:570,0
DA:574,0
DA:575,0
DA:576,0
DA:577,0
DA:581,0
DA:584,0
DA:585,0
DA:586,0
DA:587,0
DA:589,0
DA:593,0
DA:594,0
DA:595,0
DA:600,0
DA:604,0
DA:605,0
DA:608,0
DA:609,0
DA:610,0
DA:612,0
DA:616,0
DA:626,0
DA:627,0
DA:629,0
DA:630,0
DA:631,0
DA:633,0
DA:635,0
DA:639,0
DA:642,0
DA:643,0
DA:647,0
DA:668,0
DA:677,0
DA:678,0
DA:679,0
DA:686,0
DA:687,0
DA:689,0
DA:699,0
DA:703,0
DA:704,0
DA:707,0
DA:708,0
DA:709,0
DA:712,0
DA:723,0
DA:724,0
DA:725,0
DA:734,0
DA:749,0
DA:750,0
DA:754,0
DA:758,0
DA:774,0
DA:784,0
DA:786,0
DA:789,0
DA:790,0
DA:791,0
DA:792,0
DA:795,0
DA:796,0
DA:797,0
DA:800,0
DA:802,0
DA:803,0
DA:806,0
DA:807,0
DA:814,0
DA:815,0
DA:816,0
LF:251
LH:0
BRDA:7,0,0,0
BRDA:7,0,1,0
BRDA:7,1,0,0
BRDA:7,1,1,0
BRDA:15,2,0,0
BRDA:15,2,1,0
BRDA:31,3,0,0
BRDA:32,4,0,0
BRDA:32,4,1,0
BRDA:39,5,0,0
BRDA:39,5,1,0
BRDA:51,6,0,0
BRDA:51,6,1,0
BRDA:53,7,0,0
BRDA:53,7,1,0
BRDA:62,8,0,0
BRDA:62,8,1,0
BRDA:81,9,0,0
BRDA:81,10,0,0
BRDA:82,11,0,0
BRDA:82,11,1,0
BRDA:98,12,0,0
BRDA:98,12,1,0
BRDA:106,13,0,0
BRDA:106,13,1,0
BRDA:107,14,0,0
BRDA:107,14,1,0
BRDA:111,15,0,0
BRDA:111,15,1,0
BRDA:116,16,0,0
BRDA:116,16,1,0
BRDA:118,17,0,0
BRDA:118,17,1,0
BRDA:119,18,0,0
BRDA:119,18,1,0
BRDA:122,19,0,0
BRDA:122,19,1,0
BRDA:124,20,0,0
BRDA:124,20,1,0
BRDA:126,21,0,0
BRDA:126,21,1,0
BRDA:128,22,0,0
BRDA:128,22,1,0
BRDA:134,23,0,0
BRDA:134,23,1,0
BRDA:166,24,0,0
BRDA:166,24,1,0
BRDA:171,25,0,0
BRDA:171,25,1,0
BRDA:186,26,0,0
BRDA:186,26,1,0
BRDA:191,27,0,0
BRDA:191,27,1,0
BRDA:209,28,0,0
BRDA:209,28,1,0
BRDA:224,29,0,0
BRDA:227,30,0,0
BRDA:227,30,1,0
BRDA:227,31,0,0
BRDA:227,31,1,0
BRDA:227,31,2,0
BRDA:233,32,0,0
BRDA:233,32,1,0
BRDA:235,33,0,0
BRDA:235,33,1,0
BRDA:240,34,0,0
BRDA:240,34,1,0
BRDA:240,35,0,0
BRDA:240,35,1,0
BRDA:242,36,0,0
BRDA:242,36,1,0
BRDA:242,37,0,0
BRDA:242,37,1,0
BRDA:250,38,0,0
BRDA:250,38,1,0
BRDA:254,39,0,0
BRDA:254,39,1,0
BRDA:262,40,0,0
BRDA:262,40,1,0
BRDA:262,41,0,0
BRDA:262,41,1,0
BRDA:262,41,2,0
BRDA:279,42,0,0
BRDA:279,42,1,0
BRDA:283,43,0,0
BRDA:283,43,1,0
BRDA:285,44,0,0
BRDA:285,44,1,0
BRDA:288,45,0,0
BRDA:288,45,1,0
BRDA:297,46,0,0
BRDA:297,46,1,0
BRDA:300,47,0,0
BRDA:300,47,1,0
BRDA:301,48,0,0
BRDA:301,48,1,0
BRDA:304,49,0,0
BRDA:304,49,1,0
BRDA:305,50,0,0
BRDA:305,50,1,0
BRDA:309,51,0,0
BRDA:309,51,1,0
BRDA:313,52,0,0
BRDA:313,52,1,0
BRDA:320,53,0,0
BRDA:320,53,1,0
BRDA:339,54,0,0
BRDA:339,54,1,0
BRDA:341,55,0,0
BRDA:341,55,1,0
BRDA:420,56,0,0
BRDA:420,56,1,0
BRDA:430,57,0,0
BRDA:430,57,1,0
BRDA:434,58,0,0
BRDA:434,58,1,0
BRDA:434,59,0,0
BRDA:434,59,1,0
BRDA:434,59,2,0
BRDA:466,60,0,0
BRDA:466,60,1,0
BRDA:473,61,0,0
BRDA:473,61,1,0
BRDA:479,62,0,0
BRDA:479,62,1,0
BRDA:484,63,0,0
BRDA:484,63,1,0
BRDA:490,64,0,0
BRDA:490,64,1,0
BRDA:505,65,0,0
BRDA:505,65,1,0
BRDA:508,66,0,0
BRDA:508,66,1,0
BRDA:510,67,0,0
BRDA:510,67,1,0
BRDA:511,68,0,0
BRDA:511,68,1,0
BRDA:527,69,0,0
BRDA:527,69,1,0
BRDA:530,70,0,0
BRDA:530,70,1,0
BRDA:541,71,0,0
BRDA:541,71,1,0
BRDA:542,72,0,0
BRDA:542,72,1,0
BRDA:559,73,0,0
BRDA:559,73,1,0
BRDA:560,74,0,0
BRDA:560,74,1,0
BRDA:569,75,0,0
BRDA:569,75,1,0
BRDA:576,76,0,0
BRDA:576,76,1,0
BRDA:585,77,0,0
BRDA:585,77,1,0
BRDA:586,78,0,0
BRDA:586,78,1,0
BRDA:593,79,0,0
BRDA:593,79,1,0
BRDA:604,80,0,0
BRDA:604,80,1,0
BRDA:608,81,0,0
BRDA:608,81,1,0
BRDA:629,82,0,0
BRDA:629,82,1,0
BRDA:630,83,0,0
BRDA:630,83,1,0
BRDA:643,84,0,0
BRDA:643,84,1,0
BRDA:661,85,0,0
BRDA:661,85,1,0
BRDA:677,86,0,0
BRDA:677,86,1,0
BRDA:680,87,0,0
BRDA:680,87,1,0
BRDA:680,88,0,0
BRDA:680,88,1,0
BRDA:686,89,0,0
BRDA:686,89,1,0
BRDA:703,90,0,0
BRDA:703,90,1,0
BRDA:749,91,0,0
BRDA:749,91,1,0
BRDA:754,92,0,0
BRDA:754,92,1,0
BRDA:802,93,0,0
BRDA:802,93,1,0
BRDA:806,94,0,0
BRDA:806,94,1,0
BRDA:814,95,0,0
BRDA:814,95,1,0
BRF:191
BRH:0
end_of_record
TN:
SF:frontend/js/modules/chat/chat-list.js
FN:9,(anonymous_0)
FN:16,(anonymous_1)
FN:57,(anonymous_2)
FN:68,(anonymous_3)
FN:87,(anonymous_4)
FN:132,(anonymous_5)
FN:147,(anonymous_6)
FN:148,(anonymous_7)
FN:172,(anonymous_8)
FN:204,(anonymous_9)
FN:206,(anonymous_10)
FN:226,(anonymous_11)
FN:228,(anonymous_12)
FN:244,(anonymous_13)
FN:252,(anonymous_14)
FN:258,(anonymous_15)
FN:262,(anonymous_16)
FN:282,(anonymous_17)
FN:300,startNewChat
FN:304,loadChats
FN:308,renameChat
FN:312,togglePinChat
FN:316,deleteChat
FN:320,clearAllHistory
FNF:24
FNH:0
FNDA:0,(anonymous_0)
FNDA:0,(anonymous_1)
FNDA:0,(anonymous_2)
FNDA:0,(anonymous_3)
FNDA:0,(anonymous_4)
FNDA:0,(anonymous_5)
FNDA:0,(anonymous_6)
FNDA:0,(anonymous_7)
FNDA:0,(anonymous_8)
FNDA:0,(anonymous_9)
FNDA:0,(anonymous_10)
FNDA:0,(anonymous_11)
FNDA:0,(anonymous_12)
FNDA:0,(anonymous_13)
FNDA:0,(anonymous_14)
FNDA:0,(anonymous_15)
FNDA:0,(anonymous_16)
FNDA:0,(anonymous_17)
FNDA:0,startNewChat
FNDA:0,loadChats
FNDA:0,renameChat
FNDA:0,togglePinChat
FNDA:0,deleteChat
FNDA:0,clearAllHistory
DA:10,0
DA:18,0
DA:19,0
DA:20,0
DA:25,0
DA:26,0
DA:27,0
DA:28,0
DA:29,0
DA:30,0
DA:31,0
DA:34,0
DA:35,0
DA:36,0
DA:39,0
DA:40,0
DA:41,0
DA:42,0
DA:46,0
DA:49,0
DA:50,0
DA:58,0
DA:60,0
DA:61,0
DA:64,0
DA:68,0
DA:69,0
DA:70,0
DA:71,0
DA:72,0
DA:73,0
DA:74,0
DA:75,0
DA:76,0
DA:79,0
DA:80,0
DA:82,0
DA:83,0
DA:84,0
DA:87,0
DA:88,0
DA:89,0
DA:90,0
DA:92,0
DA:94,0
DA:132,0
DA:133,0
DA:134,0
DA:136,0
DA:139,0
DA:148,0
DA:149,0
DA:152,0
DA:153,0
DA:154,0
DA:159,0
DA:160,0
DA:161,0
DA:162,0
DA:163,0
DA:166,0
DA:167,0
DA:168,0
DA:169,0
DA:172,0
DA:173,0
DA:174,0
DA:179,0
DA:180,0
DA:181,0
DA:182,0
DA:186,0
DA:189,0
DA:190,0
DA:194,0
DA:195,0
DA:205,0
DA:206,0
DA:207,0
DA:209,0
DA:210,0
DA:211,0
DA:212,0
DA:213,0
DA:214,0
DA:215,0
DA:216,0
DA:227,0
DA:228,0
DA:229,0
DA:231,0
DA:232,0
DA:233,0
DA:234,0
DA:235,0
DA:245,0
DA:247,0
DA:248,0
DA:252,0
DA:253,0
DA:254,0
DA:255,0
DA:258,0
DA:259,0
DA:262,0
DA:263,0
DA:266,0
DA:267,0
DA:268,0
DA:269,0
DA:270,0
DA:271,0
DA:272,0
DA:273,0
DA:276,0
DA:283,0
DA:284,0
DA:287,0
DA:288,0
DA:289,0
DA:292,0
DA:297,0
DA:301,0
DA:305,0
DA:309,0
DA:313,0
DA:317,0
DA:321,0
LF:128
LH:0
BRDA:18,0,0,0
BRDA:18,0,1,0
BRDA:18,1,0,0
BRDA:18,1,1,0
BRDA:19,2,0,0
BRDA:19,2,1,0
BRDA:41,3,0,0
BRDA:41,3,1,0
BRDA:41,4,0,0
BRDA:41,4,1,0
BRDA:49,5,0,0
BRDA:49,5,1,0
BRDA:60,6,0,0
BRDA:60,6,1,0
BRDA:60,7,0,0
BRDA:60,7,1,0
BRDA:69,8,0,0
BRDA:69,8,1,0
BRDA:69,9,0,0
BRDA:69,9,1,0
BRDA:70,10,0,0
BRDA:70,10,1,0
BRDA:70,11,0,0
BRDA:70,11,1,0
BRDA:71,12,0,0
BRDA:71,12,1,0
BRDA:72,13,0,0
BRDA:72,13,1,0
BRDA:73,14,0,0
BRDA:73,14,1,0
BRDA:74,15,0,0
BRDA:74,15,1,0
BRDA:74,16,0,0
BRDA:74,16,1,0
BRDA:74,16,2,0
[...]
BRDA:24,2,1,0
BRDA:24,3,0,0
BRDA:24,3,1,0
BRDA:27,4,0,0
BRDA:27,4,1,0
BRDA:27,5,0,0
BRDA:27,5,1,0
BRDA:41,6,0,0
BRDA:41,6,1,0
BRDA:47,7,0,0
BRDA:47,7,1,0
BRDA:62,8,0,0
BRDA:62,8,1,0
BRDA:62,9,0,0
BRDA:62,9,1,0
BRDA:75,10,0,0
BRDA:75,10,1,0
BRDA:75,11,0,0
BRDA:75,11,1,0
BRDA:77,12,0,0
BRDA:77,12,1,0
BRDA:91,13,0,0
BRDA:91,13,1,0
BRDA:111,14,0,0
BRDA:111,14,1,0
BRDA:117,15,0,0
BRDA:117,15,1,0
BRDA:118,16,0,0
BRDA:118,16,1,0
BRDA:121,17,0,0
BRDA:121,17,1,0
BRDA:123,18,0,0
BRDA:123,18,1,0
BRDA:127,19,0,0
BRDA:127,19,1,0
BRDA:127,20,0,0
BRDA:127,20,1,0
BRDA:129,21,0,0
BRDA:129,21,1,0
BRDA:130,22,0,0
BRDA:130,22,1,0
BRDA:143,23,0,0
BRDA:143,23,1,0
BRDA:158,24,0,0
BRDA:158,24,1,0
BRDA:158,25,0,0
BRDA:158,25,1,0
BRDA:158,25,2,0
BRDA:164,26,0,0
BRDA:164,26,1,0
BRDA:164,27,0,0
BRDA:164,27,1,0
BRDA:166,28,0,0
BRDA:166,28,1,0
BRDA:167,29,0,0
BRDA:167,29,1,0
BRDA:179,30,0,0
BRDA:179,30,1,0
BRDA:192,31,0,0
BRDA:192,31,1,0
BRDA:192,32,0,0
BRDA:192,32,1,0
BRDA:192,32,2,0
BRDA:196,33,0,0
BRDA:196,33,1,0
BRDA:245,34,0,0
BRDA:245,35,0,0
BRDA:245,36,0,0
BRDA:245,37,0,0
BRDA:252,38,0,0
BRDA:252,38,1,0
BRDA:253,39,0,0
BRDA:253,39,1,0
BRDA:265,40,0,0
BRDA:265,40,1,0
BRDA:265,41,0,0
BRDA:265,41,1,0
BRDA:273,42,0,0
BRDA:273,42,1,0
BRDA:292,43,0,0
BRDA:292,43,1,0
BRDA:292,44,0,0
BRDA:292,44,1,0
BRDA:296,45,0,0
BRDA:296,45,1,0
BRDA:296,46,0,0
BRDA:296,46,1,0
BRDA:306,47,0,0
BRDA:306,47,1,0
BRDA:329,48,0,0
BRDA:329,48,1,0
BRDA:330,49,0,0
BRDA:330,49,1,0
BRDA:331,50,0,0
BRDA:331,50,1,0
BRDA:343,51,0,0
BRDA:343,52,0,0
BRDA:343,53,0,0
BRDA:343,54,0,0
BRF:104
BRH:0
end_of_record
TN:
SF:frontend/js/modules/chat/typing-effect.js
FN:9,(anonymous_0)
FN:20,(anonymous_1)
FN:26,(anonymous_2)
FN:58,(anonymous_3)
FN:82,(anonymous_4)
FN:110,(anonymous_5)
FN:116,(anonymous_6)
FN:139,(anonymous_7)
FN:153,typeWriter
FN:157,typeWriterWithCompletion
FNF:10
FNH:0
FNDA:0,(anonymous_0)
FNDA:0,(anonymous_1)
FNDA:0,(anonymous_2)
FNDA:0,(anonymous_3)
FNDA:0,(anonymous_4)
FNDA:0,(anonymous_5)
FNDA:0,(anonymous_6)
FNDA:0,(anonymous_7)
FNDA:0,typeWriter
FNDA:0,typeWriterWithCompletion
DA:10,0
DA:21,0
DA:22,0
DA:23,0
DA:24,0
DA:26,0
DA:27,0
DA:28,0
DA:29,0
DA:30,0
DA:32,0
DA:33,0
DA:34,0
DA:35,0
DA:39,0
DA:40,0
DA:41,0
DA:42,0
DA:47,0
DA:59,0
DA:60,0
DA:61,0
DA:62,0
DA:65,0
DA:66,0
DA:67,0
DA:68,0
DA:69,0
DA:70,0
DA:74,0
DA:75,0
DA:77,0
DA:78,0
DA:79,0
DA:82,0
DA:83,0
DA:84,0
DA:85,0
DA:86,0
DA:88,0
DA:89,0
DA:90,0
DA:91,0
DA:95,0
DA:96,0
DA:97,0
DA:98,0
DA:102,0
DA:103,0
DA:106,0
DA:107,0
DA:110,0
DA:111,0
DA:112,0
DA:113,0
DA:115,0
DA:116,0
DA:119,0
DA:120,0
DA:133,0
DA:140,0
DA:141,0
DA:142,0
DA:143,0
DA:144,0
DA:150,0
DA:154,0
DA:158,0
LF:68
LH:0
BRDA:20,0,0,0
BRDA:20,1,0,0
BRDA:21,2,0,0
BRDA:21,2,1,0
BRDA:27,3,0,0
BRDA:27,3,1,0
BRDA:33,4,0,0
BRDA:33,4,1,0
BRDA:39,5,0,0
BRDA:39,5,1,0
BRDA:58,6,0,0
BRDA:58,7,0,0
BRDA:59,8,0,0
BRDA:59,8,1,0
BRDA:65,9,0,0
BRDA:65,9,1,0
BRDA:65,10,0,0
BRDA:65,10,1,0
BRDA:77,11,0,0
BRDA:77,11,1,0
BRDA:83,12,0,0
BRDA:83,12,1,0
BRDA:89,13,0,0
BRDA:89,13,1,0
BRDA:95,14,0,0
BRDA:95,14,1,0
BRDA:102,15,0,0
BRDA:102,15,1,0
BRDA:102,16,0,0
BRDA:102,16,1,0
BRDA:106,17,0,0
BRDA:106,17,1,0
BRDA:111,18,0,0
BRDA:111,18,1,0
BRDA:115,19,0,0
BRDA:115,19,1,0
BRDA:115,20,0,0
BRDA:115,20,1,0
BRDA:140,21,0,0
BRDA:140,21,1,0
BRDA:153,22,0,0
BRDA:153,23,0,0
BRDA:157,24,0,0
BRDA:157,25,0,0
BRF:44
BRH:0
end_of_record
TN:
SF:frontend/js/modules/report/report-generator.js
FN:17,(anonymous_0)
FN:31,(anonymous_1)
FN:52,(anonymous_2)
FN:92,(anonymous_3)
FN:110,(anonymous_4)
FN:153,(anonymous_5)
FN:157,(anonymous_6)
FN:167,(anonymous_7)
FN:190,(anonymous_8)
FN:273,(anonymous_9)
FN:314,(anonymous_10)
FN:395,(anonymous_11)
FN:417,(anonymous_12)
FN:427,(anonymous_13)
FN:447,(anonymous_14)
FN:470,(anonymous_15)
FN:499,(anonymous_16)
FN:527,(anonymous_17)
FN:554,(anonymous_18)
FN:579,(anonymous_19)
FN:591,generateDetailedReport
FN:595,regenerateInsightsReport
FN:599,exportFullReport
FN:603,prefetchAnalysisReport
FN:607,fetchCachedAnalysisReport
FN:611,loadGenerationStatesForChat
FN:615,loadGenerationStates
FNF:27
FNH:0
FNDA:0,(anonymous_0)
FNDA:0,(anonymous_1)
FNDA:0,(anonymous_2)
FNDA:0,(anonymous_3)
FNDA:0,(anonymous_4)
FNDA:0,(anonymous_5)
FNDA:0,(anonymous_6)
FNDA:0,(anonymous_7)
FNDA:0,(anonymous_8)
FNDA:0,(anonymous_9)
FNDA:0,(anonymous_10)
FNDA:0,(anonymous_11)
FNDA:0,(anonymous_12)
FNDA:0,(anonymous_13)
FNDA:0,(anonymous_14)
FNDA:0,(anonymous_15)
FNDA:0,(anonymous_16)
FNDA:0,(anonymous_17)
FNDA:0,(anonymous_18)
FNDA:0,(anonymous_19)
FNDA:0,generateDetailedReport
FNDA:0,regenerateInsightsReport
FNDA:0,exportFullReport
FNDA:0,prefetchAnalysisReport
FNDA:0,fetchCachedAnalysisReport
FNDA:0,loadGenerationStatesForChat
FNDA:0,loadGenerationStates
DA:18,0
DA:32,0
DA:33,0
DA:34,0
DA:36,0
DA:37,0
DA:39,0
DA:40,0
DA:41,0
DA:42,0
DA:44,0
DA:45,0
DA:47,0
DA:49,0
DA:52,0
DA:63,0
DA:64,0
DA:67,0
DA:68,0
DA:69,0
DA:72,0
DA:73,0
DA:74,0
DA:75,0
DA:78,0
DA:93,0
DA:94,0
DA:95,0
DA:97,0
DA:98,0
DA:99,0
DA:100,0
DA:102,0
DA:103,0
DA:105,0
DA:107,0
DA:110,0
DA:122,0
DA:123,0
DA:126,0
DA:127,0
DA:128,0
DA:131,0
DA:132,0
DA:133,0
DA:134,0
DA:136,0
DA:137,0
DA:139,0
DA:141,0
DA:154,0
DA:155,0
DA:157,0
DA:158,0
DA:168,0
DA:169,0
DA:170,0
DA:171,0
DA:172,0
DA:174,0
DA:191,0
DA:192,0
DA:193,0
DA:196,0
DA:197,0
DA:198,0
DA:201,0
DA:202,0
DA:204,0
DA:205,0
DA:214,0
DA:215,0
DA:218,0
DA:220,0
DA:221,0
DA:224,0
DA:225,0
DA:228,0
DA:229,0
DA:242,0
DA:243,0
DA:247,0
DA:248,0
DA:274,0
DA:275,0
DA:278,0
DA:279,0
DA:280,0
DA:282,0
DA:283,0
DA:284,0
DA:295,0
DA:299,0
DA:315,0
DA:317,0
DA:318,0
DA:319,0
DA:323,0
DA:324,0
DA:325,0
DA:326,0
DA:330,0
DA:331,0
DA:333,0
DA:334,0
DA:338,0
DA:341,0
DA:344,0
DA:355,0
DA:356,0
DA:359,0
DA:360,0
DA:361,0
DA:362,0
DA:366,0
DA:367,0
DA:368,0
DA:369,0
DA:370,0
DA:371,0
DA:372,0
DA:373,0
DA:374,0
DA:375,0
DA:377,0
DA:379,0
DA:380,0
DA:396,0
DA:397,0
DA:399,0
DA:400,0
DA:403,0
DA:404,0
DA:405,0
DA:406,0
DA:408,0
DA:412,0
DA:413,0
DA:417,0
DA:418,0
DA:419,0
DA:423,0
DA:424,0
DA:425,0
DA:426,0
DA:427,0
DA:428,0
DA:429,0
DA:430,0
DA:436,0
DA:443,0
DA:444,0
DA:447,0
DA:448,0
DA:449,0
DA:450,0
DA:455,0
DA:457,0
DA:460,0
DA:463,0
DA:466,0
DA:467,0
DA:470,0
DA:471,0
DA:472,0
DA:473,0
DA:474,0
DA:475,0
DA:479,0
DA:480,0
DA:481,0
DA:482,0
DA:483,0
DA:488,0
DA:504,0
DA:505,0
DA:506,0
DA:507,0
DA:510,0
DA:518,0
DA:519,0
DA:523,0
DA:527,0
DA:528,0
DA:529,0
DA:530,0
DA:531,0
DA:533,0
DA:538,0
DA:539,0
DA:540,0
DA:555,0
DA:556,0
DA:559,0
DA:560,0
DA:561,0
DA:563,0
DA:564,0
DA:565,0
DA:569,0
DA:580,0
DA:581,0
DA:583,0
DA:588,0
DA:592,0
DA:596,0
DA:600,0
DA:604,0
DA:608,0
DA:612,0
DA:616,0
LF:211
LH:0
BRDA:33,0,0,0
BRDA:33,0,1,0
BRDA:33,1,0,0
BRDA:33,1,1,0
BRDA:33,1,2,0
BRDA:36,2,0,0
BRDA:36,2,1,0
BRDA:36,3,0,0
BRDA:36,3,1,0
BRDA:39,4,0,0
BRDA:39,4,1,0
BRDA:40,5,0,0
BRDA:40,5,1,0
BRDA:40,6,0,0
BRDA:40,6,1,0
BRDA:41,7,0,0
BRDA:41,7,1,0
BRDA:44,8,0,0
BRDA:44,8,1,0
BRDA:63,9,0,0
BRDA:63,9,1,0
BRDA:63,10,0,0
BRDA:63,10,1,0
BRDA:68,11,0,0
BRDA:68,11,1,0
BRDA:68,12,0,0
BRDA:68,12,1,0
BRDA:74,13,0,0
BRDA:74,13,1,0
BRDA:94,14,0,0
BRDA:94,14,1,0
BRDA:94,15,0,0
BRDA:94,15,1,0
BRDA:97,16,0,0
BRDA:97,16,1,0
BRDA:98,17,0,0
BRDA:98,17,1,0
BRDA:98,18,0,0
BRDA:98,18,1,0
BRDA:99,19,0,0
BRDA:99,19,1,0
BRDA:102,20,0,0
BRDA:102,20,1,0
BRDA:122,21,0,0
BRDA:122,21,1,0
BRDA:122,22,0,0
BRDA:122,22,1,0
BRDA:127,23,0,0
BRDA:127,23,1,0
BRDA:127,24,0,0
BRDA:127,24,1,0
BRDA:133,25,0,0
BRDA:133,25,1,0
BRDA:136,26,0,0
BRDA:136,26,1,0
BRDA:154,27,0,0
BRDA:154,27,1,0
BRDA:154,28,0,0
BRDA:154,28,1,0
BRDA:190,29,0,0
BRDA:191,30,0,0
BRDA:191,30,1,0
BRDA:196,31,0,0
BRDA:196,31,1,0
BRDA:214,32,0,0
BRDA:214,32,1,0
BRDA:220,33,0,0
BRDA:220,33,1,0
BRDA:221,34,0,0
BRDA:221,34,1,0
BRDA:228,35,0,0
BRDA:228,35,1,0
BRDA:242,36,0,0
BRDA:242,36,1,0
BRDA:274,37,0,0
BRDA:274,37,1,0
BRDA:282,38,0,0
BRDA:282,38,1,0
BRDA:282,39,0,0
BRDA:282,39,1,0
BRDA:317,40,0,0
BRDA:317,40,1,0
BRDA:324,41,0,0
BRDA:324,41,1,0
BRDA:330,42,0,0
BRDA:330,42,1,0
BRDA:330,43,0,0
BRDA:330,43,1,0
BRDA:333,44,0,0
BRDA:333,44,1,0
BRDA:333,45,0,0
BRDA:333,45,1,0
BRDA:341,46,0,0
BRDA:341,46,1,0
BRDA:351,47,0,0
BRDA:351,47,1,0
BRDA:355,48,0,0
BRDA:355,48,1,0
BRDA:359,49,0,0
BRDA:359,49,1,0
BRDA:360,50,0,0
BRDA:360,50,1,0
BRDA:362,51,0,0
BRDA:362,51,1,0
BRDA:399,52,0,0
BRDA:399,52,1,0
BRDA:403,53,0,0
BRDA:403,53,1,0
BRDA:405,54,0,0
BRDA:405,54,1,0
BRDA:412,55,0,0
BRDA:412,55,1,0
BRDA:424,56,0,0
BRDA:424,56,1,0
BRDA:426,57,0,0
BRDA:426,57,1,0
BRDA:429,58,0,0
BRDA:429,58,1,0
BRDA:429,59,0,0
BRDA:429,59,1,0
BRDA:447,60,0,0
BRDA:447,60,1,0
BRDA:449,61,0,0
BRDA:449,61,1,0
BRDA:463,62,0,0
BRDA:463,62,1,0
BRDA:473,63,0,0
BRDA:473,63,1,0
BRDA:473,64,0,0
BRDA:473,64,1,0
BRDA:473,64,2,0
BRDA:479,65,0,0
BRDA:479,65,1,0
BRDA:479,66,0,0
BRDA:479,66,1,0
BRDA:481,67,0,0
BRDA:481,67,1,0
BRDA:492,68,0,0
BRDA:492,68,1,0
BRDA:504,69,0,0
BRDA:504,69,1,0
BRDA:506,70,0,0
BRDA:506,70,1,0
BRDA:518,71,0,0
BRDA:518,71,1,0
BRDA:528,72,0,0
BRDA:528,72,1,0
BRDA:530,73,0,0
BRDA:530,73,1,0
BRDA:539,74,0,0
BRDA:539,74,1,0
BRDA:559,75,0,0
BRDA:559,75,1,0
BRDA:564,76,0,0
BRDA:564,76,1,0
BRDA:580,77,0,0
BRDA:580,77,1,0
BRDA:580,78,0,0
BRDA:580,78,1,0
BRDA:591,79,0,0
BRF:160
BRH:0
end_of_record
TN:
SF:frontend/js/modules/report/report-viewer.js
FN:16,(anonymous_0)
FN:30,(anonymous_1)
FN:74,(anonymous_2)
FN:76,(anonymous_3)
FN:79,(anonymous_4)
FN:100,(anonymous_5)
FN:102,(anonymous_6)
FN:103,(anonymous_7)
FN:104,(anonymous_8)
FN:191,(anonymous_9)
FN:210,(anonymous_10)
FN:255,(anonymous_11)
FN:278,(anonymous_12)
FN:285,(anonymous_13)
FN:311,(anonymous_14)
FN:327,(anonymous_15)
FN:357,(anonymous_16)
FN:359,(anonymous_17)
FN:366,(anonymous_18)
FN:372,(anonymous_19)
FN:420,(anonymous_20)
FN:437,(anonymous_21)
FN:475,(anonymous_22)
FN:488,viewReport
FN:492,viewGeneratedReport
FN:496,closeReport
FNF:26
FNH:0
FNDA:0,(anonymous_0)
FNDA:0,(anonymous_1)
FNDA:0,(anonymous_2)
FNDA:0,(anonymous_3)
FNDA:0,(anonymous_4)
FNDA:0,(anonymous_5)
FNDA:0,(anonymous_6)
FNDA:0,(anonymous_7)
FNDA:0,(anonymous_8)
FNDA:0,(anonymous_9)
FNDA:0,(anonymous_10)
FNDA:0,(anonymous_11)
FNDA:0,(anonymous_12)
FNDA:0,(anonymous_13)
FNDA:0,(anonymous_14)
FNDA:0,(anonymous_15)
FNDA:0,(anonymous_16)
FNDA:0,(anonymous_17)
FNDA:0,(anonymous_18)
FNDA:0,(anonymous_19)
FNDA:0,(anonymous_20)
FNDA:0,(anonymous_21)
FNDA:0,(anonymous_22)
FNDA:0,viewReport
FNDA:0,viewGeneratedReport
FNDA:0,closeReport
DA:17,0
DA:31,0
DA:32,0
DA:34,0
DA:35,0
DA:38,0
DA:39,0
DA:40,0
DA:42,0
DA:43,0
DA:44,0
DA:45,0
DA:47,0
DA:48,0
DA:50,0
DA:53,0
DA:54,0
DA:66,0
DA:69,0
DA:74,0
DA:75,0
DA:76,0
DA:77,0
DA:78,0
DA:79,0
DA:101,0
DA:102,0
DA:103,0
DA:104,0
DA:107,0
DA:108,0
DA:124,0
DA:127,0
DA:128,0
DA:129,0
DA:130,0
DA:131,0
DA:132,0
DA:133,0
DA:134,0
DA:135,0
DA:136,0
DA:137,0
DA:138,0
DA:139,0
DA:140,0
DA:141,0
DA:142,0
DA:143,0
DA:144,0
DA:145,0
DA:147,0
DA:191,0
DA:210,0
DA:255,0
DA:278,0
DA:285,0
DA:311,0
DA:327,0
DA:334,0
DA:335,0
DA:358,0
DA:359,0
DA:360,0
DA:361,0
DA:362,0
DA:364,0
DA:366,0
DA:367,0
DA:368,0
DA:370,0
DA:372,0
DA:373,0
DA:374,0
DA:375,0
DA:378,0
DA:379,0
DA:380,0
DA:382,0
DA:384,0
DA:387,0
DA:388,0
DA:390,0
DA:391,0
DA:392,0
DA:412,0
DA:413,0
DA:414,0
DA:418,0
DA:419,0
DA:420,0
DA:423,0
DA:437,0
DA:462,0
DA:463,0
DA:476,0
DA:477,0
DA:479,0
DA:485,0
DA:489,0
DA:493,0
DA:497,0
LF:102
LH:0
BRDA:38,0,0,0
BRDA:38,0,1,0
BRDA:38,1,0,0
BRDA:38,1,1,0
BRDA:42,2,0,0
BRDA:42,2,1,0
BRDA:42,3,0,0
BRDA:42,3,1,0
BRDA:42,3,2,0
BRDA:44,4,0,0
BRDA:44,4,1,0
BRDA:47,5,0,0
BRDA:47,5,1,0
BRDA:53,6,0,0
BRDA:53,6,1,0
BRDA:53,7,0,0
BRDA:53,7,1,0
BRDA:61,8,0,0
BRDA:61,8,1,0
BRDA:75,9,0,0
BRDA:75,9,1,0
BRDA:77,10,0,0
BRDA:77,10,1,0
BRDA:78,11,0,0
BRDA:78,11,1,0
BRDA:102,12,0,0
BRDA:102,12,1,0
BRDA:103,13,0,0
BRDA:103,13,1,0
BRDA:103,14,0,0
BRDA:103,14,1,0
BRDA:104,15,0,0
BRDA:104,16,0,0
BRDA:104,16,1,0
BRDA:104,17,0,0
BRDA:104,17,1,0
BRDA:104,17,2,0
BRDA:107,18,0,0
BRDA:107,18,1,0
BRDA:107,19,0,0
BRDA:107,19,1,0
BRDA:158,20,0,0
BRDA:158,20,1,0
BRDA:334,21,0,0
BRDA:334,21,1,0
BRDA:358,22,0,0
BRDA:358,22,1,0
BRDA:358,23,0,0
BRDA:358,23,1,0
BRDA:360,24,0,0
BRDA:360,24,1,0
BRDA:361,25,0,0
BRDA:361,25,1,0
BRDA:366,26,0,0
BRDA:367,27,0,0
BRDA:367,27,1,0
BRDA:367,28,0,0
BRDA:367,28,1,0
BRDA:367,28,2,0
BRDA:374,29,0,0
BRDA:374,29,1,0
BRDA:379,30,0,0
BRDA:379,30,1,0
BRDA:387,31,0,0
BRDA:387,31,1,0
BRDA:390,32,0,0
BRDA:390,32,1,0
BRDA:390,33,0,0
BRDA:390,33,1,0
BRDA:391,34,0,0
BRDA:391,34,1,0
BRDA:399,35,0,0
BRDA:399,35,1,0
BRDA:401,36,0,0
BRDA:401,36,1,0
BRDA:418,37,0,0
BRDA:418,37,1,0
BRDA:418,38,0,0
BRDA:418,38,1,0
BRDA:427,39,0,0
BRDA:427,39,1,0
BRDA:430,40,0,0
BRDA:430,40,1,0
BRDA:432,41,0,0
BRDA:432,41,1,0
BRDA:443,42,0,0
BRDA:443,42,1,0
BRDA:443,43,0,0
BRDA:443,43,1,0
BRDA:447,44,0,0
BRDA:447,44,1,0
BRDA:476,45,0,0
BRDA:476,45,1,0
BRDA:476,46,0,0
BRDA:476,46,1,0
BRF:95
BRH:0
end_of_record
TN:
SF:frontend/js/modules/report/share-card.js
FN:9,(anonymous_0)
FN:16,(anonymous_1)
FN:35,(anonymous_2)
FN:65,(anonymous_3)
FN:106,(anonymous_4)
FN:113,(anonymous_5)
FN:134,(anonymous_6)
FN:146,showShareCard
FN:150,generateShareLink
FN:154,downloadCard
FN:158,copyShareText
FN:162,closeShareModal
FNF:12
FNH:0
FNDA:0,(anonymous_0)
FNDA:0,(anonymous_1)
FNDA:0,(anonymous_2)
FNDA:0,(anonymous_3)
FNDA:0,(anonymous_4)
FNDA:0,(anonymous_5)
FNDA:0,(anonymous_6)
FNDA:0,showShareCard
FNDA:0,generateShareLink
FNDA:0,downloadCard
FNDA:0,copyShareText
FNDA:0,closeShareModal
DA:10,0
DA:17,0
DA:18,0
DA:19,0
DA:22,0
DA:23,0
DA:24,0
DA:25,0
DA:28,0
DA:29,0
DA:36,0
DA:37,0
DA:39,0
DA:40,0
DA:42,0
DA:46,0
DA:66,0
DA:67,0
DA:68,0
DA:71,0
DA:72,0
DA:81,0
DA:82,0
DA:85,0
DA:87,0
DA:88,0
DA:91,0
DA:94,0
DA:95,0
DA:98,0
DA:99,0
DA:107,0
DA:114,0
DA:115,0
DA:116,0
DA:119,0
DA:120,0
DA:122,0
DA:123,0
DA:124,0
DA:126,0
DA:127,0
DA:135,0
DA:136,0
DA:137,0
DA:143,0
DA:147,0
DA:151,0
DA:155,0
DA:159,0
DA:163,0
LF:51
LH:0
BRDA:17,0,0,0
BRDA:17,0,1,0
BRDA:23,1,0,0
BRDA:23,1,1,0
BRDA:37,2,0,0
BRDA:37,2,1,0
BRDA:40,3,0,0
BRDA:40,3,1,0
BRDA:42,4,0,0
BRDA:42,4,1,0
BRDA:42,5,0,0
BRDA:42,5,1,0
BRDA:49,6,0,0
BRDA:49,6,1,0
BRDA:66,7,0,0
BRDA:66,7,1,0
BRDA:81,8,0,0
BRDA:81,8,1,0
BRDA:87,9,0,0
BRDA:87,9,1,0
BRDA:88,10,0,0
BRDA:88,10,1,0
BRDA:114,11,0,0
BRDA:114,11,1,0
BRDA:120,12,0,0
BRDA:120,12,1,0
BRDA:136,13,0,0
BRDA:136,13,1,0
BRF:28
BRH:0
end_of_record
TN:
SF:frontend/js/utils/dom.js
FN:12,autoResize
FN:21,scrollToBottom
FN:35,focusInput
FN:46,lockAutoScroll
FN:51,(anonymous_4)
FN:59,unlockAutoScroll
FN:71,showElement
FN:82,hideElement
FN:94,toggleElement
FN:108,addClass
FN:120,removeClass
FN:133,toggleClass
FNF:12
FNH:12
FNDA:2,autoResize
FNDA:4,scrollToBottom
FNDA:2,focusInput
FNDA:5,lockAutoScroll
FNDA:1,(anonymous_4)
FNDA:2,unlockAutoScroll
FNDA:2,showElement
FNDA:2,hideElement
FNDA:2,toggleElement
FNDA:2,addClass
FNDA:2,removeClass
FNDA:2,toggleClass
DA:13,2
DA:14,2
DA:22,4
DA:23,4
DA:26,4
DA:28,2
DA:36,2
DA:37,2
DA:38,2
DA:47,5
DA:48,5
DA:49,1
DA:51,5
DA:52,1
DA:60,2
DA:61,2
DA:62,1
DA:63,1
DA:72,2
DA:73,2
DA:74,2
DA:83,2
DA:84,2
DA:85,2
DA:95,2
DA:96,2
DA:98,2
DA:99,2
DA:100,2
DA:109,2
DA:110,2
DA:111,2
DA:121,2
DA:122,2
DA:123,2
DA:134,2
DA:135,2
DA:137,2
LF:38
LH:38
BRDA:21,0,0,3
BRDA:23,1,0,0
BRDA:23,1,1,4
BRDA:26,2,0,2
BRDA:26,2,1,2
BRDA:26,3,0,4
BRDA:26,3,1,3
BRDA:26,3,2,2
BRDA:35,4,0,1
BRDA:37,5,0,2
BRDA:37,5,1,0
BRDA:46,6,0,1
BRDA:48,7,0,1
BRDA:48,7,1,4
BRDA:61,8,0,1
BRDA:61,8,1,1
BRDA:72,9,0,1
BRDA:72,9,1,1
BRDA:73,10,0,2
BRDA:73,10,1,0
BRDA:83,11,0,1
BRDA:83,11,1,1
BRDA:84,12,0,2
BRDA:84,12,1,0
BRDA:95,13,0,2
BRDA:95,13,1,0
BRDA:96,14,0,0
BRDA:96,14,1,2
BRDA:98,15,0,2
BRDA:98,15,1,1
BRDA:99,16,0,1
BRDA:99,16,1,1
BRDA:109,17,0,1
BRDA:109,17,1,1
BRDA:110,18,0,2
BRDA:110,18,1,0
BRDA:121,19,0,1
BRDA:121,19,1,1
BRDA:122,20,0,2
BRDA:122,20,1,0
BRDA:134,21,0,2
BRDA:134,21,1,0
BRDA:135,22,0,0
BRDA:135,22,1,2
BRF:44
BRH:34
end_of_record
TN:
SF:frontend/js/utils/format.js
FN:13,formatTime
FN:45,generateChatId
FN:56,normalizeChatId
FN:65,formatDate
FN:78,formatDateTime
FN:95,truncateText
FN:107,generateRandomId
FN:121,formatFileSize
FN:136,formatNumber
FN:145,parseCodeBlocks
FN:165,escapeHtml
FN:173,(anonymous_11)
FNF:12
FNH:12
FNDA:6,formatTime
FNDA:3,generateChatId
FNDA:4,normalizeChatId
FNDA:4,formatDate
FNDA:2,formatDateTime
FNDA:6,truncateText
FNDA:5,generateRandomId
FNDA:8,formatFileSize
FNDA:5,formatNumber
FNDA:4,parseCodeBlocks
FNDA:7,escapeHtml
FNDA:18,(anonymous_11)
DA:14,6
DA:15,6
DA:16,6
DA:17,6
DA:18,6
DA:19,6
DA:21,6
DA:22,1
DA:24,5
DA:25,1
DA:27,4
DA:28,1
DA:30,3
DA:31,1
DA:33,2
DA:34,1
DA:37,1
DA:38,1
DA:46,3
DA:47,3
DA:48,3
DA:57,4
DA:66,4
DA:67,4
DA:68,4
DA:69,4
DA:70,4
DA:79,2
DA:80,2
DA:81,2
DA:82,2
DA:83,2
DA:84,2
DA:85,2
DA:86,2
DA:96,6
DA:97,4
DA:99,2
DA:108,5
DA:109,5
DA:110,5
DA:111,54
DA:113,5
DA:122,8
DA:123,1
DA:125,7
DA:126,7
DA:127,7
DA:128,7
DA:137,5
DA:146,4
DA:147,4
DA:150,4
DA:151,4
DA:157,4
DA:166,7
DA:173,18
DA:177,1
DA:178,0
LF:59
LH:58
BRDA:21,0,0,1
BRDA:21,0,1,5
BRDA:24,1,0,1
BRDA:24,1,1,4
BRDA:27,2,0,1
BRDA:27,2,1,3
BRDA:30,3,0,1
BRDA:30,3,1,2
BRDA:33,4,0,1
BRDA:33,4,1,1
BRDA:57,5,0,3
BRDA:57,5,1,1
BRDA:66,6,0,2
BRDA:66,6,1,2
BRDA:79,7,0,2
BRDA:79,7,1,0
BRDA:95,8,0,1
BRDA:96,9,0,4
BRDA:96,9,1,2
BRDA:96,10,0,6
BRDA:96,10,1,3
BRDA:107,11,0,3
BRDA:122,12,0,1
BRDA:122,12,1,7
BRDA:152,13,0,4
BRDA:152,13,1,1
BRDA:177,14,0,0
BRDA:177,14,1,1
BRDA:177,15,0,1
BRDA:177,15,1,0
BRF:30
BRH:27
end_of_record
TN:
SF:frontend/js/utils/helpers.js
FN:10,autoResize
FN:20,scrollToBottom
FN:37,forceScrollToBottom
FN:47,focusInput
FN:59,sleep
FN:60,(anonymous_5)
FN:68,copyToClipboard
FN:82,formatDateTime
FN:97,formatTime
FN:108,generateId
FN:115,closeAllChatMenus
FN:116,(anonymous_11)
FN:120,(anonymous_12)
FN:129,closeChatMenu
FN:135,(anonymous_14)
FN:140,restoreChatMenu
FN:159,vibrate
FN:169,isMobile
FN:178,getFileExtension
FN:189,truncateText
FNF:20
FNH:20
FNDA:2,autoResize
FNDA:2,scrollToBottom
FNDA:2,forceScrollToBottom
FNDA:2,focusInput
FNDA:1,sleep
FNDA:1,(anonymous_5)
FNDA:2,copyToClipboard
FNDA:2,formatDateTime
FNDA:1,formatTime
FNDA:4,generateId
FNDA:1,closeAllChatMenus
FNDA:2,(anonymous_11)
FNDA:2,(anonymous_12)
FNDA:2,closeChatMenu
FNDA:2,(anonymous_14)
FNDA:3,restoreChatMenu
FNDA:2,vibrate
FNDA:2,isMobile
FNDA:5,getFileExtension
FNDA:5,truncateText
DA:11,2
DA:12,2
DA:21,2
DA:22,2
DA:25,1
DA:28,1
DA:29,1
DA:38,2
DA:39,2
DA:40,1
DA:48,2
DA:49,2
DA:50,1
DA:60,1
DA:69,2
DA:70,2
DA:71,1
DA:73,1
DA:83,2
DA:84,2
DA:98,1
DA:109,4
DA:116,1
DA:117,2
DA:118,2
DA:120,1
DA:121,2
DA:130,2
DA:131,2
DA:132,1
DA:133,1
DA:135,2
DA:136,2
DA:141,3
DA:142,3
DA:143,3
DA:144,0
DA:146,3
DA:147,3
DA:148,3
DA:149,0
DA:150,3
DA:151,0
DA:160,2
DA:161,2
DA:170,2
DA:179,5
DA:190,5
DA:191,3
DA:193,2
LF:50
LH:47
BRDA:22,0,0,1
BRDA:22,0,1,1
BRDA:28,1,0,1
BRDA:28,1,1,0
BRDA:39,2,0,1
BRDA:39,2,1,1
BRDA:49,3,0,1
BRDA:49,3,1,1
BRDA:83,4,0,1
BRDA:83,4,1,1
BRDA:131,5,0,1
BRDA:131,5,1,1
BRDA:141,6,0,3
BRDA:141,6,1,0
BRDA:142,7,0,3
BRDA:142,7,1,0
BRDA:142,8,0,0
BRDA:142,8,1,0
BRDA:143,9,0,0
BRDA:143,9,1,3
BRDA:147,10,0,3
BRDA:147,10,1,0
BRDA:148,11,0,0
BRDA:148,11,1,3
BRDA:148,12,0,3
BRDA:148,12,1,3
BRDA:150,13,0,0
BRDA:150,13,1,3
BRDA:150,14,0,3
BRDA:150,14,1,0
BRDA:159,15,0,1
BRDA:160,16,0,2
BRDA:160,16,1,0
BRDA:189,17,0,4
BRDA:190,18,0,3
BRDA:190,18,1,2
BRDA:190,19,0,5
BRDA:190,19,1,3
BRF:38
BRH:27
end_of_record
TN:
SF:frontend/js/utils/icons.js
FN:14,getDefaultIconSvg
FN:29,buildIconSvg
FN:32,(anonymous_2)
FN:42,resolveAgentIconKey
FN:65,getAgentIconSvg
FNF:5
FNH:5
FNDA:6,getDefaultIconSvg
FNDA:30,buildIconSvg
FNDA:61,(anonymous_2)
FNDA:55,resolveAgentIconKey
FNDA:23,getAgentIconSvg
DA:15,6
DA:30,30
DA:32,61
DA:43,55
DA:44,55
DA:45,46
DA:46,37
DA:47,33
DA:48,29
DA:49,25
DA:50,22
DA:51,18
DA:52,15
DA:53,12
DA:54,12
DA:55,9
DA:66,23
DA:67,23
DA:106,23
LF:19
LH:19
BRDA:14,0,0,4
BRDA:14,1,0,5
BRDA:43,2,0,55
BRDA:43,2,1,5
BRDA:44,3,0,9
BRDA:44,3,1,46
BRDA:45,4,0,9
BRDA:45,4,1,37
BRDA:46,5,0,4
BRDA:46,5,1,33
BRDA:47,6,0,4
BRDA:47,6,1,29
BRDA:48,7,0,4
BRDA:48,7,1,25
BRDA:49,8,0,3
BRDA:49,8,1,22
BRDA:50,9,0,4
BRDA:50,9,1,18
BRDA:51,10,0,3
BRDA:51,10,1,15
BRDA:52,11,0,3
BRDA:52,11,1,12
BRDA:53,12,0,0
BRDA:53,12,1,12
BRDA:54,13,0,3
BRDA:54,13,1,9
BRDA:65,14,0,21
BRDA:65,15,0,22
BRDA:106,16,0,23
BRDA:106,16,1,0
BRF:30
BRH:28
end_of_record
